<?xml version="1.0" encoding="UTF-8"?>
<coverage generated="1734276990409" clover="3.2.0">
  <project timestamp="1734276990413" name="All files">
    <metrics statements="463" coveredstatements="229" conditionals="104" coveredconditionals="27" methods="206" coveredmethods="41" elements="773" coveredelements="297" complexity="0" loc="463" ncloc="463" packages="12" files="24" classes="24"/>
    <package name="src">
      <metrics statements="2" coveredstatements="2" conditionals="0" coveredconditionals="0" methods="1" coveredmethods="1"/>
      <file name="App.tsx" path="/Users/christofferfriman/CODE_PROJECTS/SCHOOL_WORK/typescript_and_test/labb3/stories_app/frontend/src/App.tsx">
        <metrics statements="2" coveredstatements="2" conditionals="0" coveredconditionals="0" methods="1" coveredmethods="1"/>
        <line num="15" count="4" type="stmt"/>
        <line num="18" count="8" type="stmt"/>
      </file>
    </package>
    <package name="src.components.layout">
      <metrics statements="31" coveredstatements="26" conditionals="0" coveredconditionals="0" methods="15" coveredmethods="10"/>
      <file name="Footer.tsx" path="/Users/christofferfriman/CODE_PROJECTS/SCHOOL_WORK/typescript_and_test/labb3/stories_app/frontend/src/components/layout/Footer.tsx">
        <metrics statements="12" coveredstatements="12" conditionals="0" coveredconditionals="0" methods="6" coveredmethods="6"/>
        <line num="4" count="4" type="stmt"/>
        <line num="6" count="8" type="stmt"/>
        <line num="7" count="8" type="stmt"/>
        <line num="10" count="4" type="stmt"/>
        <line num="25" count="4" type="stmt"/>
        <line num="26" count="8" type="stmt"/>
        <line num="30" count="4" type="stmt"/>
        <line num="35" count="4" type="stmt"/>
        <line num="36" count="24" type="stmt"/>
        <line num="42" count="24" type="stmt"/>
        <line num="46" count="4" type="stmt"/>
        <line num="47" count="8" type="stmt"/>
      </file>
      <file name="Header.tsx" path="/Users/christofferfriman/CODE_PROJECTS/SCHOOL_WORK/typescript_and_test/labb3/stories_app/frontend/src/components/layout/Header.tsx">
        <metrics statements="7" coveredstatements="5" conditionals="0" coveredconditionals="0" methods="3" coveredmethods="1"/>
        <line num="15" count="4" type="stmt"/>
        <line num="16" count="8" type="stmt"/>
        <line num="18" count="8" type="stmt"/>
        <line num="19" count="0" type="stmt"/>
        <line num="22" count="8" type="stmt"/>
        <line num="23" count="0" type="stmt"/>
        <line num="26" count="8" type="stmt"/>
      </file>
      <file name="Layout.tsx" path="/Users/christofferfriman/CODE_PROJECTS/SCHOOL_WORK/typescript_and_test/labb3/stories_app/frontend/src/components/layout/Layout.tsx">
        <metrics statements="12" coveredstatements="9" conditionals="0" coveredconditionals="0" methods="6" coveredmethods="3"/>
        <line num="14" count="4" type="stmt"/>
        <line num="20" count="4" type="stmt"/>
        <line num="26" count="8" type="stmt"/>
        <line num="34" count="4" type="stmt"/>
        <line num="38" count="8" type="stmt"/>
        <line num="43" count="4" type="stmt"/>
        <line num="46" count="4" type="stmt"/>
        <line num="57" count="8" type="stmt"/>
        <line num="58" count="8" type="stmt"/>
        <line num="63" count="0" type="stmt"/>
        <line num="74" count="0" type="stmt"/>
        <line num="78" count="0" type="stmt"/>
      </file>
    </package>
    <package name="src.components.navbar">
      <metrics statements="26" coveredstatements="12" conditionals="8" coveredconditionals="4" methods="14" coveredmethods="2"/>
      <file name="Navbar.tsx" path="/Users/christofferfriman/CODE_PROJECTS/SCHOOL_WORK/typescript_and_test/labb3/stories_app/frontend/src/components/navbar/Navbar.tsx">
        <metrics statements="26" coveredstatements="12" conditionals="8" coveredconditionals="4" methods="14" coveredmethods="2"/>
        <line num="7" count="4" type="stmt"/>
        <line num="8" count="172" type="stmt"/>
        <line num="9" count="172" type="stmt"/>
        <line num="10" count="172" type="stmt"/>
        <line num="11" count="172" type="stmt"/>
        <line num="13" count="172" type="stmt"/>
        <line num="14" count="0" type="stmt"/>
        <line num="15" count="0" type="stmt"/>
        <line num="18" count="172" type="stmt"/>
        <line num="19" count="0" type="stmt"/>
        <line num="23" count="172" type="stmt"/>
        <line num="34" count="172" type="stmt"/>
        <line num="35" count="172" type="cond" truecount="3" falsecount="1"/>
        <line num="36" count="0" type="stmt"/>
        <line num="41" count="0" type="stmt"/>
        <line num="46" count="0" type="stmt"/>
        <line num="57" count="0" type="stmt"/>
        <line num="64" count="0" type="stmt"/>
        <line num="100" count="172" type="stmt"/>
        <line num="104" count="0" type="stmt"/>
        <line num="107" count="0" type="stmt"/>
        <line num="110" count="0" type="stmt"/>
        <line num="118" count="0" type="stmt"/>
        <line num="125" count="0" type="stmt"/>
        <line num="132" count="0" type="stmt"/>
        <line num="149" count="172" type="stmt"/>
      </file>
    </package>
    <package name="src.components.post">
      <metrics statements="105" coveredstatements="46" conditionals="34" coveredconditionals="5" methods="47" coveredmethods="3"/>
      <file name="CreatePost.tsx" path="/Users/christofferfriman/CODE_PROJECTS/SCHOOL_WORK/typescript_and_test/labb3/stories_app/frontend/src/components/post/CreatePost.tsx">
        <metrics statements="56" coveredstatements="23" conditionals="14" coveredconditionals="1" methods="23" coveredmethods="1"/>
        <line num="14" count="4" type="stmt"/>
        <line num="27" count="4" type="stmt"/>
        <line num="28" count="0" type="stmt"/>
        <line num="36" count="4" type="stmt"/>
        <line num="40" count="0" type="stmt"/>
        <line num="43" count="4" type="stmt"/>
        <line num="49" count="4" type="stmt"/>
        <line num="55" count="4" type="stmt"/>
        <line num="58" count="0" type="stmt"/>
        <line num="59" count="0" type="stmt"/>
        <line num="60" count="0" type="stmt"/>
        <line num="65" count="0" type="stmt"/>
        <line num="69" count="4" type="stmt"/>
        <line num="70" count="0" type="stmt"/>
        <line num="71" count="0" type="stmt"/>
        <line num="74" count="4" type="stmt"/>
        <line num="77" count="0" type="stmt"/>
        <line num="78" count="0" type="stmt"/>
        <line num="79" count="0" type="stmt"/>
        <line num="83" count="0" type="stmt"/>
        <line num="87" count="4" type="stmt"/>
        <line num="90" count="0" type="stmt"/>
        <line num="91" count="0" type="stmt"/>
        <line num="92" count="0" type="stmt"/>
        <line num="98" count="0" type="stmt"/>
        <line num="102" count="4" type="stmt"/>
        <line num="108" count="4" type="stmt"/>
        <line num="121" count="4" type="stmt"/>
        <line num="122" count="0" type="stmt"/>
        <line num="123" count="0" type="stmt"/>
        <line num="126" count="4" type="stmt"/>
        <line num="127" count="0" type="stmt"/>
        <line num="131" count="4" type="stmt"/>
        <line num="135" count="92" type="stmt"/>
        <line num="136" count="92" type="stmt"/>
        <line num="137" count="92" type="stmt"/>
        <line num="138" count="92" type="stmt"/>
        <line num="139" count="92" type="stmt"/>
        <line num="141" count="92" type="stmt"/>
        <line num="143" count="92" type="stmt"/>
        <line num="144" count="0" type="stmt"/>
        <line num="146" count="0" type="stmt"/>
        <line num="147" count="0" type="stmt"/>
        <line num="148" count="0" type="stmt"/>
        <line num="149" count="0" type="stmt"/>
        <line num="150" count="0" type="stmt"/>
        <line num="152" count="0" type="cond" truecount="0" falsecount="2"/>
        <line num="153" count="0" type="stmt"/>
        <line num="155" count="0" type="stmt"/>
        <line num="158" count="0" type="stmt"/>
        <line num="159" count="0" type="stmt"/>
        <line num="168" count="92" type="stmt"/>
        <line num="177" count="92" type="cond" truecount="1" falsecount="1"/>
        <line num="179" count="0" type="stmt"/>
        <line num="182" count="0" type="stmt"/>
        <line num="215" count="0" type="stmt"/>
      </file>
      <file name="EditPost.tsx" path="/Users/christofferfriman/CODE_PROJECTS/SCHOOL_WORK/typescript_and_test/labb3/stories_app/frontend/src/components/post/EditPost.tsx">
        <metrics statements="49" coveredstatements="23" conditionals="20" coveredconditionals="4" methods="24" coveredmethods="2"/>
        <line num="11" count="4" type="stmt"/>
        <line num="24" count="4" type="stmt"/>
        <line num="25" count="0" type="stmt"/>
        <line num="33" count="4" type="stmt"/>
        <line num="37" count="0" type="stmt"/>
        <line num="40" count="4" type="stmt"/>
        <line num="46" count="4" type="stmt"/>
        <line num="52" count="4" type="stmt"/>
        <line num="55" count="0" type="stmt"/>
        <line num="56" count="0" type="stmt"/>
        <line num="57" count="0" type="stmt"/>
        <line num="61" count="0" type="stmt"/>
        <line num="65" count="4" type="stmt"/>
        <line num="68" count="0" type="stmt"/>
        <line num="69" count="0" type="stmt"/>
        <line num="70" count="0" type="stmt"/>
        <line num="76" count="0" type="stmt"/>
        <line num="80" count="4" type="stmt"/>
        <line num="83" count="0" type="stmt"/>
        <line num="84" count="0" type="stmt"/>
        <line num="85" count="0" type="stmt"/>
        <line num="90" count="0" type="stmt"/>
        <line num="94" count="4" type="stmt"/>
        <line num="100" count="4" type="stmt"/>
        <line num="113" count="4" type="stmt"/>
        <line num="114" count="0" type="stmt"/>
        <line num="115" count="0" type="stmt"/>
        <line num="118" count="4" type="stmt"/>
        <line num="119" count="0" type="stmt"/>
        <line num="123" count="4" type="stmt"/>
        <line num="124" count="14" type="stmt"/>
        <line num="125" count="14" type="stmt"/>
        <line num="126" count="14" type="stmt"/>
        <line num="127" count="14" type="cond" truecount="2" falsecount="0"/>
        <line num="128" count="14" type="stmt"/>
        <line num="135" count="14" type="stmt"/>
        <line num="144" count="14" type="stmt"/>
        <line num="145" count="8" type="cond" truecount="1" falsecount="1"/>
        <line num="146" count="0" type="stmt"/>
        <line num="154" count="14" type="stmt"/>
        <line num="155" count="0" type="stmt"/>
        <line num="157" count="0" type="stmt"/>
        <line num="158" count="0" type="stmt"/>
        <line num="159" count="0" type="stmt"/>
        <line num="162" count="0" type="stmt"/>
        <line num="167" count="14" type="cond" truecount="1" falsecount="1"/>
        <line num="169" count="0" type="stmt"/>
        <line num="171" count="0" type="stmt"/>
        <line num="198" count="0" type="stmt"/>
      </file>
    </package>
    <package name="src.components.profile">
      <metrics statements="82" coveredstatements="40" conditionals="26" coveredconditionals="7" methods="35" coveredmethods="3"/>
      <file name="ChangePassword.tsx" path="/Users/christofferfriman/CODE_PROJECTS/SCHOOL_WORK/typescript_and_test/labb3/stories_app/frontend/src/components/profile/ChangePassword.tsx">
        <metrics statements="36" coveredstatements="18" conditionals="12" coveredconditionals="3" methods="15" coveredmethods="1"/>
        <line num="11" count="4" type="stmt"/>
        <line num="24" count="4" type="stmt"/>
        <line num="25" count="0" type="stmt"/>
        <line num="33" count="4" type="stmt"/>
        <line num="37" count="0" type="stmt"/>
        <line num="40" count="4" type="stmt"/>
        <line num="46" count="4" type="stmt"/>
        <line num="52" count="4" type="stmt"/>
        <line num="53" count="0" type="stmt"/>
        <line num="57" count="4" type="stmt"/>
        <line num="60" count="0" type="stmt"/>
        <line num="61" count="0" type="stmt"/>
        <line num="62" count="0" type="stmt"/>
        <line num="66" count="0" type="stmt"/>
        <line num="70" count="4" type="stmt"/>
        <line num="77" count="4" type="stmt"/>
        <line num="95" count="4" type="stmt"/>
        <line num="96" count="0" type="stmt"/>
        <line num="97" count="0" type="stmt"/>
        <line num="100" count="4" type="stmt"/>
        <line num="101" count="0" type="stmt"/>
        <line num="110" count="4" type="stmt"/>
        <line num="114" count="8" type="stmt"/>
        <line num="115" count="8" type="stmt"/>
        <line num="116" count="8" type="cond" truecount="2" falsecount="0"/>
        <line num="123" count="8" type="stmt"/>
        <line num="132" count="8" type="stmt"/>
        <line num="133" count="0" type="stmt"/>
        <line num="135" count="0" type="stmt"/>
        <line num="136" count="0" type="stmt"/>
        <line num="137" count="0" type="stmt"/>
        <line num="140" count="0" type="stmt"/>
        <line num="141" count="0" type="stmt"/>
        <line num="146" count="8" type="cond" truecount="1" falsecount="1"/>
        <line num="148" count="0" type="stmt"/>
        <line num="152" count="0" type="stmt"/>
      </file>
      <file name="EditProfile.tsx" path="/Users/christofferfriman/CODE_PROJECTS/SCHOOL_WORK/typescript_and_test/labb3/stories_app/frontend/src/components/profile/EditProfile.tsx">
        <metrics statements="46" coveredstatements="22" conditionals="14" coveredconditionals="4" methods="20" coveredmethods="2"/>
        <line num="12" count="4" type="stmt"/>
        <line num="25" count="4" type="stmt"/>
        <line num="26" count="0" type="stmt"/>
        <line num="34" count="4" type="stmt"/>
        <line num="38" count="0" type="stmt"/>
        <line num="41" count="4" type="stmt"/>
        <line num="47" count="4" type="stmt"/>
        <line num="53" count="4" type="stmt"/>
        <line num="54" count="0" type="stmt"/>
        <line num="58" count="4" type="stmt"/>
        <line num="61" count="0" type="stmt"/>
        <line num="62" count="0" type="stmt"/>
        <line num="63" count="0" type="stmt"/>
        <line num="67" count="0" type="stmt"/>
        <line num="71" count="4" type="stmt"/>
        <line num="74" count="0" type="stmt"/>
        <line num="75" count="0" type="stmt"/>
        <line num="76" count="0" type="stmt"/>
        <line num="82" count="0" type="stmt"/>
        <line num="86" count="4" type="stmt"/>
        <line num="93" count="4" type="stmt"/>
        <line num="111" count="4" type="stmt"/>
        <line num="112" count="0" type="stmt"/>
        <line num="113" count="0" type="stmt"/>
        <line num="116" count="4" type="stmt"/>
        <line num="117" count="0" type="stmt"/>
        <line num="121" count="4" type="stmt"/>
        <line num="122" count="8" type="stmt"/>
        <line num="123" count="8" type="stmt"/>
        <line num="124" count="8" type="stmt"/>
        <line num="125" count="8" type="cond" truecount="2" falsecount="0"/>
        <line num="132" count="8" type="stmt"/>
        <line num="141" count="8" type="stmt"/>
        <line num="142" count="8" type="cond" truecount="1" falsecount="1"/>
        <line num="143" count="0" type="stmt"/>
        <line num="151" count="8" type="stmt"/>
        <line num="152" count="0" type="stmt"/>
        <line num="153" count="0" type="stmt"/>
        <line num="155" count="0" type="stmt"/>
        <line num="156" count="0" type="stmt"/>
        <line num="157" count="0" type="stmt"/>
        <line num="160" count="0" type="stmt"/>
        <line num="161" count="0" type="stmt"/>
        <line num="166" count="8" type="cond" truecount="1" falsecount="1"/>
        <line num="167" count="0" type="stmt"/>
        <line num="171" count="0" type="stmt"/>
      </file>
    </package>
    <package name="src.context">
      <metrics statements="70" coveredstatements="45" conditionals="10" coveredconditionals="5" methods="19" coveredmethods="7"/>
      <file name="alertContext.tsx" path="/Users/christofferfriman/CODE_PROJECTS/SCHOOL_WORK/typescript_and_test/labb3/stories_app/frontend/src/context/alertContext.tsx">
        <metrics statements="13" coveredstatements="9" conditionals="4" coveredconditionals="2" methods="4" coveredmethods="2"/>
        <line num="5" count="4" type="stmt"/>
        <line num="7" count="4" type="stmt"/>
        <line num="10" count="8" type="stmt"/>
        <line num="12" count="8" type="stmt"/>
        <line num="13" count="0" type="stmt"/>
        <line num="14" count="0" type="stmt"/>
        <line num="15" count="0" type="stmt"/>
        <line num="19" count="8" type="stmt"/>
        <line num="42" count="4" type="stmt"/>
        <line num="43" count="122" type="stmt"/>
        <line num="44" count="122" type="cond" truecount="1" falsecount="1"/>
        <line num="45" count="0" type="stmt"/>
        <line num="47" count="122" type="stmt"/>
      </file>
      <file name="authContext.tsx" path="/Users/christofferfriman/CODE_PROJECTS/SCHOOL_WORK/typescript_and_test/labb3/stories_app/frontend/src/context/authContext.tsx">
        <metrics statements="27" coveredstatements="15" conditionals="4" coveredconditionals="2" methods="5" coveredmethods="3"/>
        <line num="19" count="4" type="stmt"/>
        <line num="21" count="4" type="stmt"/>
        <line num="22" count="358" type="stmt"/>
        <line num="23" count="358" type="cond" truecount="1" falsecount="1"/>
        <line num="24" count="0" type="stmt"/>
        <line num="26" count="358" type="stmt"/>
        <line num="29" count="4" type="stmt"/>
        <line num="32" count="8" type="stmt"/>
        <line num="33" count="8" type="stmt"/>
        <line num="36" count="8" type="stmt"/>
        <line num="38" count="8" type="stmt"/>
        <line num="39" count="8" type="stmt"/>
        <line num="40" count="8" type="cond" truecount="1" falsecount="1"/>
        <line num="43" count="8" type="stmt"/>
        <line num="44" count="0" type="stmt"/>
        <line num="45" count="0" type="stmt"/>
        <line num="46" count="0" type="stmt"/>
        <line num="47" count="0" type="stmt"/>
        <line num="48" count="0" type="stmt"/>
        <line num="49" count="0" type="stmt"/>
        <line num="52" count="8" type="stmt"/>
        <line num="53" count="0" type="stmt"/>
        <line num="54" count="0" type="stmt"/>
        <line num="55" count="0" type="stmt"/>
        <line num="56" count="0" type="stmt"/>
        <line num="57" count="0" type="stmt"/>
        <line num="60" count="8" type="stmt"/>
      </file>
      <file name="modalContext.tsx" path="/Users/christofferfriman/CODE_PROJECTS/SCHOOL_WORK/typescript_and_test/labb3/stories_app/frontend/src/context/modalContext.tsx">
        <metrics statements="30" coveredstatements="21" conditionals="2" coveredconditionals="1" methods="10" coveredmethods="2"/>
        <line num="5" count="4" type="stmt"/>
        <line num="7" count="4" type="stmt"/>
        <line num="10" count="8" type="stmt"/>
        <line num="11" count="8" type="stmt"/>
        <line num="12" count="8" type="stmt"/>
        <line num="14" count="8" type="stmt"/>
        <line num="15" count="8" type="stmt"/>
        <line num="19" count="8" type="stmt"/>
        <line num="20" count="8" type="stmt"/>
        <line num="21" count="0" type="stmt"/>
        <line num="22" count="0" type="stmt"/>
        <line num="24" count="8" type="stmt"/>
        <line num="25" count="8" type="stmt"/>
        <line num="26" count="0" type="stmt"/>
        <line num="27" count="0" type="stmt"/>
        <line num="30" count="8" type="stmt"/>
        <line num="31" count="0" type="stmt"/>
        <line num="32" count="0" type="stmt"/>
        <line num="34" count="8" type="stmt"/>
        <line num="35" count="0" type="stmt"/>
        <line num="36" count="0" type="stmt"/>
        <line num="40" count="8" type="stmt"/>
        <line num="41" count="8" type="stmt"/>
        <line num="42" count="8" type="stmt"/>
        <line num="44" count="8" type="stmt"/>
        <line num="68" count="4" type="stmt"/>
        <line num="69" count="30" type="stmt"/>
        <line num="70" count="30" type="cond" truecount="1" falsecount="1"/>
        <line num="71" count="0" type="stmt"/>
        <line num="73" count="30" type="stmt"/>
      </file>
    </package>
    <package name="src.hooks">
      <metrics statements="80" coveredstatements="13" conditionals="4" coveredconditionals="0" methods="45" coveredmethods="6"/>
      <file name="usePost.ts" path="/Users/christofferfriman/CODE_PROJECTS/SCHOOL_WORK/typescript_and_test/labb3/stories_app/frontend/src/hooks/usePost.ts">
        <metrics statements="52" coveredstatements="9" conditionals="4" coveredconditionals="0" methods="27" coveredmethods="4"/>
        <line num="14" count="4" type="stmt"/>
        <line num="16" count="0" type="stmt"/>
        <line num="17" count="0" type="stmt"/>
        <line num="21" count="0" type="stmt"/>
        <line num="22" count="0" type="stmt"/>
        <line num="25" count="0" type="stmt"/>
        <line num="26" count="0" type="stmt"/>
        <line num="29" count="0" type="stmt"/>
        <line num="32" count="0" type="stmt"/>
        <line num="35" count="4" type="stmt"/>
        <line num="36" count="3" type="stmt"/>
        <line num="40" count="4" type="stmt"/>
        <line num="42" count="0" type="stmt"/>
        <line num="43" count="0" type="stmt"/>
        <line num="48" count="0" type="stmt"/>
        <line num="55" count="0" type="stmt"/>
        <line num="57" count="0" type="stmt"/>
        <line num="58" count="0" type="stmt"/>
        <line num="67" count="0" type="stmt"/>
        <line num="68" count="0" type="stmt"/>
        <line num="69" count="0" type="stmt"/>
        <line num="71" count="0" type="stmt"/>
        <line num="72" count="0" type="stmt"/>
        <line num="74" count="0" type="stmt"/>
        <line num="75" count="0" type="stmt"/>
        <line num="76" count="0" type="stmt"/>
        <line num="77" count="0" type="cond" truecount="0" falsecount="2"/>
        <line num="78" count="0" type="stmt"/>
        <line num="80" count="0" type="stmt"/>
        <line num="83" count="0" type="stmt"/>
        <line num="84" count="0" type="stmt"/>
        <line num="88" count="0" type="stmt"/>
        <line num="89" count="0" type="cond" truecount="0" falsecount="2"/>
        <line num="90" count="0" type="stmt"/>
        <line num="94" count="0" type="stmt"/>
        <line num="98" count="92" type="stmt"/>
        <line num="100" count="92" type="stmt"/>
        <line num="101" count="0" type="stmt"/>
        <line num="103" count="0" type="stmt"/>
        <line num="104" count="0" type="stmt"/>
        <line num="107" count="0" type="stmt"/>
        <line num="108" count="0" type="stmt"/>
        <line num="114" count="14" type="stmt"/>
        <line num="115" count="14" type="stmt"/>
        <line num="116" count="0" type="stmt"/>
        <line num="118" count="0" type="stmt"/>
        <line num="119" count="0" type="stmt"/>
        <line num="120" count="0" type="stmt"/>
        <line num="123" count="0" type="stmt"/>
        <line num="129" count="106" type="stmt"/>
        <line num="136" count="0" type="stmt"/>
        <line num="138" count="0" type="stmt"/>
      </file>
      <file name="useProfile.ts" path="/Users/christofferfriman/CODE_PROJECTS/SCHOOL_WORK/typescript_and_test/labb3/stories_app/frontend/src/hooks/useProfile.ts">
        <metrics statements="28" coveredstatements="4" conditionals="0" coveredconditionals="0" methods="18" coveredmethods="2"/>
        <line num="5" count="4" type="stmt"/>
        <line num="7" count="0" type="stmt"/>
        <line num="8" count="0" type="stmt"/>
        <line num="11" count="0" type="stmt"/>
        <line num="14" count="0" type="stmt"/>
        <line num="17" count="0" type="stmt"/>
        <line num="22" count="0" type="stmt"/>
        <line num="24" count="0" type="stmt"/>
        <line num="29" count="8" type="stmt"/>
        <line num="30" count="8" type="stmt"/>
        <line num="31" count="0" type="stmt"/>
        <line num="34" count="0" type="stmt"/>
        <line num="35" count="0" type="stmt"/>
        <line num="37" count="0" type="stmt"/>
        <line num="38" count="0" type="stmt"/>
        <line num="41" count="0" type="stmt"/>
        <line num="47" count="8" type="stmt"/>
        <line num="48" count="0" type="stmt"/>
        <line num="50" count="0" type="stmt"/>
        <line num="53" count="0" type="stmt"/>
        <line num="59" count="0" type="stmt"/>
        <line num="60" count="0" type="stmt"/>
        <line num="61" count="0" type="stmt"/>
        <line num="63" count="0" type="stmt"/>
        <line num="64" count="0" type="stmt"/>
        <line num="65" count="0" type="stmt"/>
        <line num="68" count="0" type="stmt"/>
        <line num="69" count="0" type="stmt"/>
      </file>
    </package>
    <package name="src.routes">
      <metrics statements="20" coveredstatements="17" conditionals="8" coveredconditionals="5" methods="11" coveredmethods="2"/>
      <file name="AuthenticatedRoutes.tsx" path="/Users/christofferfriman/CODE_PROJECTS/SCHOOL_WORK/typescript_and_test/labb3/stories_app/frontend/src/routes/AuthenticatedRoutes.tsx">
        <metrics statements="7" coveredstatements="6" conditionals="4" coveredconditionals="3" methods="4" coveredmethods="1"/>
        <line num="7" count="4" type="stmt"/>
        <line num="8" count="4" type="stmt"/>
        <line num="9" count="4" type="stmt"/>
        <line num="12" count="42" type="stmt"/>
        <line num="14" count="42" type="cond" truecount="3" falsecount="1"/>
        <line num="15" count="0" type="stmt"/>
        <line num="66" count="42" type="stmt"/>
      </file>
      <file name="PublicRoute.tsx" path="/Users/christofferfriman/CODE_PROJECTS/SCHOOL_WORK/typescript_and_test/labb3/stories_app/frontend/src/routes/PublicRoute.tsx">
        <metrics statements="9" coveredstatements="7" conditionals="4" coveredconditionals="2" methods="4" coveredmethods="1"/>
        <line num="6" count="4" type="stmt"/>
        <line num="7" count="4" type="stmt"/>
        <line num="8" count="4" type="stmt"/>
        <line num="11" count="44" type="stmt"/>
        <line num="13" count="44" type="cond" truecount="1" falsecount="1"/>
        <line num="14" count="0" type="stmt"/>
        <line num="17" count="44" type="cond" truecount="1" falsecount="1"/>
        <line num="18" count="44" type="stmt"/>
        <line num="21" count="0" type="stmt"/>
      </file>
      <file name="RouterConfig.tsx" path="/Users/christofferfriman/CODE_PROJECTS/SCHOOL_WORK/typescript_and_test/labb3/stories_app/frontend/src/routes/RouterConfig.tsx">
        <metrics statements="4" coveredstatements="4" conditionals="0" coveredconditionals="0" methods="3" coveredmethods="0"/>
        <line num="7" count="4" type="stmt"/>
        <line num="8" count="4" type="stmt"/>
        <line num="9" count="4" type="stmt"/>
        <line num="11" count="4" type="stmt"/>
      </file>
    </package>
    <package name="src.services">
      <metrics statements="18" coveredstatements="9" conditionals="12" coveredconditionals="1" methods="5" coveredmethods="3"/>
      <file name="authService.ts" path="/Users/christofferfriman/CODE_PROJECTS/SCHOOL_WORK/typescript_and_test/labb3/stories_app/frontend/src/services/authService.ts">
        <metrics statements="18" coveredstatements="9" conditionals="12" coveredconditionals="1" methods="5" coveredmethods="3"/>
        <line num="10" count="4" type="stmt"/>
        <line num="14" count="4" type="stmt"/>
        <line num="16" count="0" type="stmt"/>
        <line num="17" count="0" type="stmt"/>
        <line num="22" count="0" type="cond" truecount="0" falsecount="2"/>
        <line num="23" count="0" type="stmt"/>
        <line num="25" count="0" type="stmt"/>
        <line num="27" count="0" type="stmt"/>
        <line num="35" count="0" type="stmt"/>
        <line num="40" count="0" type="stmt"/>
        <line num="41" count="0" type="stmt"/>
        <line num="45" count="8" type="stmt"/>
        <line num="49" count="4" type="stmt"/>
        <line num="53" count="4" type="stmt"/>
        <line num="54" count="4" type="stmt"/>
        <line num="55" count="4" type="cond" truecount="1" falsecount="1"/>
        <line num="56" count="4" type="stmt"/>
        <line num="58" count="4" type="stmt"/>
      </file>
    </package>
    <package name="src.styles">
      <metrics statements="7" coveredstatements="7" conditionals="0" coveredconditionals="0" methods="4" coveredmethods="4"/>
      <file name="globalStyle.ts" path="/Users/christofferfriman/CODE_PROJECTS/SCHOOL_WORK/typescript_and_test/labb3/stories_app/frontend/src/styles/globalStyle.ts">
        <metrics statements="5" coveredstatements="5" conditionals="0" coveredconditionals="0" methods="4" coveredmethods="4"/>
        <line num="3" count="4" type="stmt"/>
        <line num="11" count="8" type="stmt"/>
        <line num="12" count="8" type="stmt"/>
        <line num="13" count="8" type="stmt"/>
        <line num="18" count="8" type="stmt"/>
      </file>
      <file name="muiTheme.ts" path="/Users/christofferfriman/CODE_PROJECTS/SCHOOL_WORK/typescript_and_test/labb3/stories_app/frontend/src/styles/muiTheme.ts">
        <metrics statements="1" coveredstatements="1" conditionals="0" coveredconditionals="0" methods="0" coveredmethods="0"/>
        <line num="4" count="4" type="stmt"/>
      </file>
      <file name="theme.ts" path="/Users/christofferfriman/CODE_PROJECTS/SCHOOL_WORK/typescript_and_test/labb3/stories_app/frontend/src/styles/theme.ts">
        <metrics statements="1" coveredstatements="1" conditionals="0" coveredconditionals="0" methods="0" coveredmethods="0"/>
        <line num="3" count="4" type="stmt"/>
      </file>
    </package>
    <package name="src.ui">
      <metrics statements="15" coveredstatements="7" conditionals="2" coveredconditionals="0" methods="8" coveredmethods="0"/>
      <file name="Error.tsx" path="/Users/christofferfriman/CODE_PROJECTS/SCHOOL_WORK/typescript_and_test/labb3/stories_app/frontend/src/ui/Error.tsx">
        <metrics statements="8" coveredstatements="4" conditionals="1" coveredconditionals="0" methods="4" coveredmethods="0"/>
        <line num="5" count="4" type="stmt"/>
        <line num="10" count="0" type="stmt"/>
        <line num="14" count="4" type="stmt"/>
        <line num="15" count="0" type="stmt"/>
        <line num="20" count="4" type="stmt"/>
        <line num="21" count="0" type="stmt"/>
        <line num="25" count="4" type="stmt"/>
        <line num="28" count="0" type="stmt"/>
      </file>
      <file name="Loading.tsx" path="/Users/christofferfriman/CODE_PROJECTS/SCHOOL_WORK/typescript_and_test/labb3/stories_app/frontend/src/ui/Loading.tsx">
        <metrics statements="7" coveredstatements="3" conditionals="1" coveredconditionals="0" methods="4" coveredmethods="0"/>
        <line num="5" count="4" type="stmt"/>
        <line num="10" count="0" type="stmt"/>
        <line num="13" count="4" type="stmt"/>
        <line num="14" count="0" type="stmt"/>
        <line num="15" count="0" type="stmt"/>
        <line num="32" count="4" type="cond" truecount="0" falsecount="1"/>
        <line num="33" count="0" type="stmt"/>
      </file>
    </package>
    <package name="src.validation">
      <metrics statements="7" coveredstatements="5" conditionals="0" coveredconditionals="0" methods="2" coveredmethods="0"/>
      <file name="schema.ts" path="/Users/christofferfriman/CODE_PROJECTS/SCHOOL_WORK/typescript_and_test/labb3/stories_app/frontend/src/validation/schema.ts">
        <metrics statements="7" coveredstatements="5" conditionals="0" coveredconditionals="0" methods="2" coveredmethods="0"/>
        <line num="4" count="4" type="stmt"/>
        <line num="9" count="4" type="stmt"/>
        <line num="25" count="0" type="stmt"/>
        <line num="31" count="4" type="stmt"/>
        <line num="37" count="4" type="stmt"/>
        <line num="43" count="4" type="stmt"/>
        <line num="53" count="0" type="stmt"/>
      </file>
    </package>
  </project>
</coverage>
