{"/Users/christofferfriman/CODE_PROJECTS/SCHOOL_WORK/typescript_and_test/labb3/stories_app/frontend/src/App.tsx": {"path":"/Users/christofferfriman/CODE_PROJECTS/SCHOOL_WORK/typescript_and_test/labb3/stories_app/frontend/src/App.tsx","statementMap":{"0":{"start":{"line":15,"column":20},"end":{"line":15,"column":37}},"1":{"start":{"line":18,"column":2},"end":{"line":34,"column":4}}},"fnMap":{"0":{"name":"App","decl":{"start":{"line":17,"column":9},"end":{"line":17,"column":12}},"loc":{"start":{"line":17,"column":15},"end":{"line":35,"column":1}},"line":17}},"branchMap":{},"s":{"0":4,"1":8},"f":{"0":8},"b":{},"_coverageSchema":"1a1c01bbd47fc00a2c39e90264f33305004495a9","hash":"eb328120a07e0ddce7f8795df04f4b9738dbd862"}
,"/Users/christofferfriman/CODE_PROJECTS/SCHOOL_WORK/typescript_and_test/labb3/stories_app/frontend/src/components/layout/Footer.tsx": {"path":"/Users/christofferfriman/CODE_PROJECTS/SCHOOL_WORK/typescript_and_test/labb3/stories_app/frontend/src/components/layout/Footer.tsx","statementMap":{"0":{"start":{"line":4,"column":24},"end":{"line":8,"column":1}},"1":{"start":{"line":6,"column":31},"end":{"line":6,"column":54}},"2":{"start":{"line":7,"column":41},"end":{"line":7,"column":60}},"3":{"start":{"line":10,"column":22},"end":{"line":23,"column":1}},"4":{"start":{"line":25,"column":18},"end":{"line":28,"column":1}},"5":{"start":{"line":26,"column":26},"end":{"line":26,"column":52}},"6":{"start":{"line":30,"column":14},"end":{"line":33,"column":1}},"7":{"start":{"line":35,"column":19},"end":{"line":44,"column":1}},"8":{"start":{"line":36,"column":26},"end":{"line":36,"column":52}},"9":{"start":{"line":42,"column":28},"end":{"line":42,"column":48}},"10":{"start":{"line":46,"column":25},"end":{"line":59,"column":1}},"11":{"start":{"line":47,"column":2},"end":{"line":58,"column":4}}},"fnMap":{"0":{"name":"(anonymous_0)","decl":{"start":{"line":6,"column":16},"end":{"line":6,"column":17}},"loc":{"start":{"line":6,"column":31},"end":{"line":6,"column":54}},"line":6},"1":{"name":"(anonymous_1)","decl":{"start":{"line":7,"column":26},"end":{"line":7,"column":27}},"loc":{"start":{"line":7,"column":41},"end":{"line":7,"column":60}},"line":7},"2":{"name":"(anonymous_2)","decl":{"start":{"line":26,"column":11},"end":{"line":26,"column":12}},"loc":{"start":{"line":26,"column":26},"end":{"line":26,"column":52}},"line":26},"3":{"name":"(anonymous_3)","decl":{"start":{"line":36,"column":11},"end":{"line":36,"column":12}},"loc":{"start":{"line":36,"column":26},"end":{"line":36,"column":52}},"line":36},"4":{"name":"(anonymous_4)","decl":{"start":{"line":42,"column":13},"end":{"line":42,"column":14}},"loc":{"start":{"line":42,"column":28},"end":{"line":42,"column":48}},"line":42},"5":{"name":"(anonymous_5)","decl":{"start":{"line":46,"column":25},"end":{"line":46,"column":26}},"loc":{"start":{"line":46,"column":31},"end":{"line":59,"column":1}},"line":46}},"branchMap":{},"s":{"0":4,"1":8,"2":8,"3":4,"4":4,"5":8,"6":4,"7":4,"8":24,"9":24,"10":4,"11":8},"f":{"0":8,"1":8,"2":8,"3":24,"4":24,"5":8},"b":{},"_coverageSchema":"1a1c01bbd47fc00a2c39e90264f33305004495a9","hash":"52906b7dd6b43806893774267ee88c48739ae115"}
,"/Users/christofferfriman/CODE_PROJECTS/SCHOOL_WORK/typescript_and_test/labb3/stories_app/frontend/src/components/layout/Header.tsx": {"path":"/Users/christofferfriman/CODE_PROJECTS/SCHOOL_WORK/typescript_and_test/labb3/stories_app/frontend/src/components/layout/Header.tsx","statementMap":{"0":{"start":{"line":15,"column":38},"end":{"line":122,"column":1}},"1":{"start":{"line":16,"column":40},"end":{"line":16,"column":74}},"2":{"start":{"line":18,"column":28},"end":{"line":20,"column":3}},"3":{"start":{"line":19,"column":4},"end":{"line":19,"column":40}},"4":{"start":{"line":22,"column":29},"end":{"line":24,"column":3}},"5":{"start":{"line":23,"column":4},"end":{"line":23,"column":25}},"6":{"start":{"line":26,"column":2},"end":{"line":121,"column":4}}},"fnMap":{"0":{"name":"(anonymous_0)","decl":{"start":{"line":15,"column":38},"end":{"line":15,"column":39}},"loc":{"start":{"line":15,"column":56},"end":{"line":122,"column":1}},"line":15},"1":{"name":"(anonymous_1)","decl":{"start":{"line":18,"column":28},"end":{"line":18,"column":29}},"loc":{"start":{"line":18,"column":70},"end":{"line":20,"column":3}},"line":18},"2":{"name":"(anonymous_2)","decl":{"start":{"line":22,"column":29},"end":{"line":22,"column":30}},"loc":{"start":{"line":22,"column":35},"end":{"line":24,"column":3}},"line":22}},"branchMap":{},"s":{"0":4,"1":8,"2":8,"3":0,"4":8,"5":0,"6":8},"f":{"0":8,"1":0,"2":0},"b":{},"_coverageSchema":"1a1c01bbd47fc00a2c39e90264f33305004495a9","hash":"faf99d12d3111090a43859ddd68ad59a3e80e608"}
,"/Users/christofferfriman/CODE_PROJECTS/SCHOOL_WORK/typescript_and_test/labb3/stories_app/frontend/src/components/layout/Layout.tsx": {"path":"/Users/christofferfriman/CODE_PROJECTS/SCHOOL_WORK/typescript_and_test/labb3/stories_app/frontend/src/components/layout/Layout.tsx","statementMap":{"0":{"start":{"line":14,"column":24},"end":{"line":18,"column":1}},"1":{"start":{"line":20,"column":22},"end":{"line":32,"column":1}},"2":{"start":{"line":26,"column":37},"end":{"line":26,"column":60}},"3":{"start":{"line":34,"column":13},"end":{"line":41,"column":1}},"4":{"start":{"line":38,"column":37},"end":{"line":38,"column":60}},"5":{"start":{"line":43,"column":22},"end":{"line":45,"column":1}},"6":{"start":{"line":46,"column":25},"end":{"line":91,"column":1}},"7":{"start":{"line":57,"column":6},"end":{"line":57,"column":16}},"8":{"start":{"line":58,"column":2},"end":{"line":90,"column":4}},"9":{"start":{"line":63,"column":40},"end":{"line":63,"column":61}},"10":{"start":{"line":74,"column":25},"end":{"line":74,"column":47}},"11":{"start":{"line":78,"column":25},"end":{"line":78,"column":45}}},"fnMap":{"0":{"name":"(anonymous_0)","decl":{"start":{"line":26,"column":22},"end":{"line":26,"column":23}},"loc":{"start":{"line":26,"column":37},"end":{"line":26,"column":60}},"line":26},"1":{"name":"(anonymous_1)","decl":{"start":{"line":38,"column":22},"end":{"line":38,"column":23}},"loc":{"start":{"line":38,"column":37},"end":{"line":38,"column":60}},"line":38},"2":{"name":"(anonymous_2)","decl":{"start":{"line":46,"column":25},"end":{"line":46,"column":26}},"loc":{"start":{"line":46,"column":31},"end":{"line":91,"column":1}},"line":46},"3":{"name":"(anonymous_3)","decl":{"start":{"line":63,"column":34},"end":{"line":63,"column":35}},"loc":{"start":{"line":63,"column":40},"end":{"line":63,"column":61}},"line":63},"4":{"name":"(anonymous_4)","decl":{"start":{"line":74,"column":19},"end":{"line":74,"column":20}},"loc":{"start":{"line":74,"column":25},"end":{"line":74,"column":47}},"line":74},"5":{"name":"(anonymous_5)","decl":{"start":{"line":78,"column":19},"end":{"line":78,"column":20}},"loc":{"start":{"line":78,"column":25},"end":{"line":78,"column":45}},"line":78}},"branchMap":{},"s":{"0":4,"1":4,"2":8,"3":4,"4":8,"5":4,"6":4,"7":8,"8":8,"9":0,"10":0,"11":0},"f":{"0":8,"1":8,"2":8,"3":0,"4":0,"5":0},"b":{},"_coverageSchema":"1a1c01bbd47fc00a2c39e90264f33305004495a9","hash":"0d0d15a99bd2c8673a540ea9761bb73b898069fc"}
,"/Users/christofferfriman/CODE_PROJECTS/SCHOOL_WORK/typescript_and_test/labb3/stories_app/frontend/src/components/navbar/Navbar.tsx": {"path":"/Users/christofferfriman/CODE_PROJECTS/SCHOOL_WORK/typescript_and_test/labb3/stories_app/frontend/src/components/navbar/Navbar.tsx","statementMap":{"0":{"start":{"line":7,"column":38},"end":{"line":150,"column":1}},"1":{"start":{"line":8,"column":19},"end":{"line":8,"column":32}},"2":{"start":{"line":9,"column":44},"end":{"line":9,"column":53}},"3":{"start":{"line":10,"column":16},"end":{"line":10,"column":26}},"4":{"start":{"line":11,"column":19},"end":{"line":11,"column":62}},"5":{"start":{"line":13,"column":23},"end":{"line":16,"column":3}},"6":{"start":{"line":14,"column":4},"end":{"line":14,"column":13}},"7":{"start":{"line":15,"column":4},"end":{"line":15,"column":37}},"8":{"start":{"line":18,"column":27},"end":{"line":20,"column":3}},"9":{"start":{"line":19,"column":4},"end":{"line":19,"column":19}},"10":{"start":{"line":23,"column":19},"end":{"line":32,"column":3}},"11":{"start":{"line":34,"column":25},"end":{"line":147,"column":3}},"12":{"start":{"line":35,"column":4},"end":{"line":98,"column":5}},"13":{"start":{"line":36,"column":6},"end":{"line":97,"column":8}},"14":{"start":{"line":41,"column":31},"end":{"line":41,"column":73}},"15":{"start":{"line":46,"column":31},"end":{"line":46,"column":76}},"16":{"start":{"line":57,"column":31},"end":{"line":57,"column":73}},"17":{"start":{"line":64,"column":31},"end":{"line":64,"column":76}},"18":{"start":{"line":100,"column":4},"end":{"line":146,"column":6}},"19":{"start":{"line":104,"column":37},"end":{"line":104,"column":62}},"20":{"start":{"line":107,"column":37},"end":{"line":107,"column":63}},"21":{"start":{"line":110,"column":37},"end":{"line":110,"column":66}},"22":{"start":{"line":118,"column":29},"end":{"line":118,"column":54}},"23":{"start":{"line":125,"column":29},"end":{"line":125,"column":55}},"24":{"start":{"line":132,"column":29},"end":{"line":132,"column":58}},"25":{"start":{"line":149,"column":2},"end":{"line":149,"column":26}}},"fnMap":{"0":{"name":"(anonymous_0)","decl":{"start":{"line":7,"column":38},"end":{"line":7,"column":39}},"loc":{"start":{"line":7,"column":60},"end":{"line":150,"column":1}},"line":7},"1":{"name":"(anonymous_1)","decl":{"start":{"line":13,"column":23},"end":{"line":13,"column":24}},"loc":{"start":{"line":13,"column":29},"end":{"line":16,"column":3}},"line":13},"2":{"name":"(anonymous_2)","decl":{"start":{"line":18,"column":27},"end":{"line":18,"column":28}},"loc":{"start":{"line":18,"column":45},"end":{"line":20,"column":3}},"line":18},"3":{"name":"(anonymous_3)","decl":{"start":{"line":34,"column":25},"end":{"line":34,"column":26}},"loc":{"start":{"line":34,"column":31},"end":{"line":147,"column":3}},"line":34},"4":{"name":"(anonymous_4)","decl":{"start":{"line":41,"column":25},"end":{"line":41,"column":26}},"loc":{"start":{"line":41,"column":31},"end":{"line":41,"column":73}},"line":41},"5":{"name":"(anonymous_5)","decl":{"start":{"line":46,"column":25},"end":{"line":46,"column":26}},"loc":{"start":{"line":46,"column":31},"end":{"line":46,"column":76}},"line":46},"6":{"name":"(anonymous_6)","decl":{"start":{"line":57,"column":25},"end":{"line":57,"column":26}},"loc":{"start":{"line":57,"column":31},"end":{"line":57,"column":73}},"line":57},"7":{"name":"(anonymous_7)","decl":{"start":{"line":64,"column":25},"end":{"line":64,"column":26}},"loc":{"start":{"line":64,"column":31},"end":{"line":64,"column":76}},"line":64},"8":{"name":"(anonymous_8)","decl":{"start":{"line":104,"column":31},"end":{"line":104,"column":32}},"loc":{"start":{"line":104,"column":37},"end":{"line":104,"column":62}},"line":104},"9":{"name":"(anonymous_9)","decl":{"start":{"line":107,"column":31},"end":{"line":107,"column":32}},"loc":{"start":{"line":107,"column":37},"end":{"line":107,"column":63}},"line":107},"10":{"name":"(anonymous_10)","decl":{"start":{"line":110,"column":31},"end":{"line":110,"column":32}},"loc":{"start":{"line":110,"column":37},"end":{"line":110,"column":66}},"line":110},"11":{"name":"(anonymous_11)","decl":{"start":{"line":118,"column":23},"end":{"line":118,"column":24}},"loc":{"start":{"line":118,"column":29},"end":{"line":118,"column":54}},"line":118},"12":{"name":"(anonymous_12)","decl":{"start":{"line":125,"column":23},"end":{"line":125,"column":24}},"loc":{"start":{"line":125,"column":29},"end":{"line":125,"column":55}},"line":125},"13":{"name":"(anonymous_13)","decl":{"start":{"line":132,"column":23},"end":{"line":132,"column":24}},"loc":{"start":{"line":132,"column":29},"end":{"line":132,"column":58}},"line":132}},"branchMap":{"0":{"loc":{"start":{"line":35,"column":4},"end":{"line":98,"column":5}},"type":"if","locations":[{"start":{"line":35,"column":4},"end":{"line":98,"column":5}},{"start":{},"end":{}}],"line":35},"1":{"loc":{"start":{"line":35,"column":8},"end":{"line":35,"column":31}},"type":"binary-expr","locations":[{"start":{"line":35,"column":8},"end":{"line":35,"column":23}},{"start":{"line":35,"column":27},"end":{"line":35,"column":31}}],"line":35},"2":{"loc":{"start":{"line":38,"column":11},"end":{"line":95,"column":11}},"type":"cond-expr","locations":[{"start":{"line":39,"column":12},"end":{"line":52,"column":15}},{"start":{"line":54,"column":12},"end":{"line":94,"column":18}}],"line":38},"3":{"loc":{"start":{"line":102,"column":9},"end":{"line":144,"column":9}},"type":"cond-expr","locations":[{"start":{"line":103,"column":10},"end":{"line":113,"column":13}},{"start":{"line":115,"column":10},"end":{"line":143,"column":16}}],"line":102}},"s":{"0":4,"1":172,"2":172,"3":172,"4":172,"5":172,"6":0,"7":0,"8":172,"9":0,"10":172,"11":172,"12":172,"13":0,"14":0,"15":0,"16":0,"17":0,"18":172,"19":0,"20":0,"21":0,"22":0,"23":0,"24":0,"25":172},"f":{"0":172,"1":0,"2":0,"3":172,"4":0,"5":0,"6":0,"7":0,"8":0,"9":0,"10":0,"11":0,"12":0,"13":0},"b":{"0":[0,172],"1":[172,172],"2":[0,0],"3":[0,172]},"_coverageSchema":"1a1c01bbd47fc00a2c39e90264f33305004495a9","hash":"2e6d3348490f3401c1c45cf51a35e2dc1877b6b8"}
,"/Users/christofferfriman/CODE_PROJECTS/SCHOOL_WORK/typescript_and_test/labb3/stories_app/frontend/src/components/post/CreatePost.tsx": {"path":"/Users/christofferfriman/CODE_PROJECTS/SCHOOL_WORK/typescript_and_test/labb3/stories_app/frontend/src/components/post/CreatePost.tsx","statementMap":{"0":{"start":{"line":14,"column":16},"end":{"line":25,"column":1}},"1":{"start":{"line":27,"column":14},"end":{"line":34,"column":1}},"2":{"start":{"line":28,"column":31},"end":{"line":28,"column":58}},"3":{"start":{"line":36,"column":14},"end":{"line":41,"column":1}},"4":{"start":{"line":40,"column":26},"end":{"line":40,"column":43}},"5":{"start":{"line":43,"column":13},"end":{"line":47,"column":1}},"6":{"start":{"line":49,"column":18},"end":{"line":53,"column":1}},"7":{"start":{"line":55,"column":15},"end":{"line":67,"column":1}},"8":{"start":{"line":58,"column":37},"end":{"line":58,"column":56}},"9":{"start":{"line":59,"column":31},"end":{"line":59,"column":54}},"10":{"start":{"line":60,"column":26},"end":{"line":60,"column":43}},"11":{"start":{"line":65,"column":35},"end":{"line":65,"column":55}},"12":{"start":{"line":69,"column":15},"end":{"line":72,"column":1}},"13":{"start":{"line":70,"column":31},"end":{"line":70,"column":54}},"14":{"start":{"line":71,"column":26},"end":{"line":71,"column":43}},"15":{"start":{"line":74,"column":14},"end":{"line":85,"column":1}},"16":{"start":{"line":77,"column":37},"end":{"line":77,"column":56}},"17":{"start":{"line":78,"column":31},"end":{"line":78,"column":54}},"18":{"start":{"line":79,"column":26},"end":{"line":79,"column":43}},"19":{"start":{"line":83,"column":35},"end":{"line":83,"column":55}},"20":{"start":{"line":87,"column":17},"end":{"line":100,"column":1}},"21":{"start":{"line":90,"column":37},"end":{"line":90,"column":56}},"22":{"start":{"line":91,"column":31},"end":{"line":91,"column":54}},"23":{"start":{"line":92,"column":26},"end":{"line":92,"column":43}},"24":{"start":{"line":98,"column":35},"end":{"line":98,"column":55}},"25":{"start":{"line":102,"column":20},"end":{"line":106,"column":1}},"26":{"start":{"line":108,"column":15},"end":{"line":119,"column":1}},"27":{"start":{"line":121,"column":21},"end":{"line":124,"column":1}},"28":{"start":{"line":122,"column":31},"end":{"line":122,"column":50}},"29":{"start":{"line":123,"column":26},"end":{"line":123,"column":43}},"30":{"start":{"line":126,"column":21},"end":{"line":129,"column":1}},"31":{"start":{"line":127,"column":31},"end":{"line":127,"column":51}},"32":{"start":{"line":131,"column":56},"end":{"line":247,"column":1}},"33":{"start":{"line":135,"column":24},"end":{"line":135,"column":34}},"34":{"start":{"line":136,"column":31},"end":{"line":136,"column":46}},"35":{"start":{"line":137,"column":19},"end":{"line":137,"column":32}},"36":{"start":{"line":138,"column":19},"end":{"line":138,"column":28}},"37":{"start":{"line":139,"column":21},"end":{"line":139,"column":36}},"38":{"start":{"line":141,"column":2},"end":{"line":141,"column":40}},"39":{"start":{"line":143,"column":19},"end":{"line":161,"column":3}},"40":{"start":{"line":144,"column":4},"end":{"line":144,"column":47}},"41":{"start":{"line":146,"column":4},"end":{"line":160,"column":5}},"42":{"start":{"line":147,"column":23},"end":{"line":147,"column":57}},"43":{"start":{"line":148,"column":6},"end":{"line":148,"column":57}},"44":{"start":{"line":149,"column":6},"end":{"line":149,"column":14}},"45":{"start":{"line":150,"column":6},"end":{"line":150,"column":16}},"46":{"start":{"line":152,"column":6},"end":{"line":156,"column":7}},"47":{"start":{"line":153,"column":8},"end":{"line":153,"column":63}},"48":{"start":{"line":155,"column":8},"end":{"line":155,"column":46}},"49":{"start":{"line":158,"column":6},"end":{"line":158,"column":53}},"50":{"start":{"line":159,"column":6},"end":{"line":159,"column":50}},"51":{"start":{"line":168,"column":6},"end":{"line":175,"column":4}},"52":{"start":{"line":177,"column":2},"end":{"line":177,"column":27}},"53":{"start":{"line":177,"column":15},"end":{"line":177,"column":27}},"54":{"start":{"line":179,"column":2},"end":{"line":246,"column":4}},"55":{"start":{"line":182,"column":24},"end":{"line":182,"column":43}},"56":{"start":{"line":215,"column":16},"end":{"line":221,"column":25}}},"fnMap":{"0":{"name":"(anonymous_0)","decl":{"start":{"line":28,"column":16},"end":{"line":28,"column":17}},"loc":{"start":{"line":28,"column":31},"end":{"line":28,"column":58}},"line":28},"1":{"name":"(anonymous_1)","decl":{"start":{"line":40,"column":11},"end":{"line":40,"column":12}},"loc":{"start":{"line":40,"column":26},"end":{"line":40,"column":43}},"line":40},"2":{"name":"(anonymous_2)","decl":{"start":{"line":58,"column":22},"end":{"line":58,"column":23}},"loc":{"start":{"line":58,"column":37},"end":{"line":58,"column":56}},"line":58},"3":{"name":"(anonymous_3)","decl":{"start":{"line":59,"column":16},"end":{"line":59,"column":17}},"loc":{"start":{"line":59,"column":31},"end":{"line":59,"column":54}},"line":59},"4":{"name":"(anonymous_4)","decl":{"start":{"line":60,"column":11},"end":{"line":60,"column":12}},"loc":{"start":{"line":60,"column":26},"end":{"line":60,"column":43}},"line":60},"5":{"name":"(anonymous_5)","decl":{"start":{"line":65,"column":20},"end":{"line":65,"column":21}},"loc":{"start":{"line":65,"column":35},"end":{"line":65,"column":55}},"line":65},"6":{"name":"(anonymous_6)","decl":{"start":{"line":70,"column":16},"end":{"line":70,"column":17}},"loc":{"start":{"line":70,"column":31},"end":{"line":70,"column":54}},"line":70},"7":{"name":"(anonymous_7)","decl":{"start":{"line":71,"column":11},"end":{"line":71,"column":12}},"loc":{"start":{"line":71,"column":26},"end":{"line":71,"column":43}},"line":71},"8":{"name":"(anonymous_8)","decl":{"start":{"line":77,"column":22},"end":{"line":77,"column":23}},"loc":{"start":{"line":77,"column":37},"end":{"line":77,"column":56}},"line":77},"9":{"name":"(anonymous_9)","decl":{"start":{"line":78,"column":16},"end":{"line":78,"column":17}},"loc":{"start":{"line":78,"column":31},"end":{"line":78,"column":54}},"line":78},"10":{"name":"(anonymous_10)","decl":{"start":{"line":79,"column":11},"end":{"line":79,"column":12}},"loc":{"start":{"line":79,"column":26},"end":{"line":79,"column":43}},"line":79},"11":{"name":"(anonymous_11)","decl":{"start":{"line":83,"column":20},"end":{"line":83,"column":21}},"loc":{"start":{"line":83,"column":35},"end":{"line":83,"column":55}},"line":83},"12":{"name":"(anonymous_12)","decl":{"start":{"line":90,"column":22},"end":{"line":90,"column":23}},"loc":{"start":{"line":90,"column":37},"end":{"line":90,"column":56}},"line":90},"13":{"name":"(anonymous_13)","decl":{"start":{"line":91,"column":16},"end":{"line":91,"column":17}},"loc":{"start":{"line":91,"column":31},"end":{"line":91,"column":54}},"line":91},"14":{"name":"(anonymous_14)","decl":{"start":{"line":92,"column":11},"end":{"line":92,"column":12}},"loc":{"start":{"line":92,"column":26},"end":{"line":92,"column":43}},"line":92},"15":{"name":"(anonymous_15)","decl":{"start":{"line":98,"column":20},"end":{"line":98,"column":21}},"loc":{"start":{"line":98,"column":35},"end":{"line":98,"column":55}},"line":98},"16":{"name":"(anonymous_16)","decl":{"start":{"line":122,"column":16},"end":{"line":122,"column":17}},"loc":{"start":{"line":122,"column":31},"end":{"line":122,"column":50}},"line":122},"17":{"name":"(anonymous_17)","decl":{"start":{"line":123,"column":11},"end":{"line":123,"column":12}},"loc":{"start":{"line":123,"column":26},"end":{"line":123,"column":43}},"line":123},"18":{"name":"(anonymous_18)","decl":{"start":{"line":127,"column":16},"end":{"line":127,"column":17}},"loc":{"start":{"line":127,"column":31},"end":{"line":127,"column":51}},"line":127},"19":{"name":"(anonymous_19)","decl":{"start":{"line":131,"column":56},"end":{"line":131,"column":57}},"loc":{"start":{"line":134,"column":6},"end":{"line":247,"column":1}},"line":134},"20":{"name":"(anonymous_20)","decl":{"start":{"line":143,"column":19},"end":{"line":143,"column":20}},"loc":{"start":{"line":143,"column":49},"end":{"line":161,"column":3}},"line":143},"21":{"name":"(anonymous_21)","decl":{"start":{"line":182,"column":17},"end":{"line":182,"column":18}},"loc":{"start":{"line":182,"column":24},"end":{"line":182,"column":43}},"line":182},"22":{"name":"(anonymous_22)","decl":{"start":{"line":214,"column":31},"end":{"line":214,"column":32}},"loc":{"start":{"line":215,"column":16},"end":{"line":221,"column":25}},"line":215}},"branchMap":{"0":{"loc":{"start":{"line":152,"column":6},"end":{"line":156,"column":7}},"type":"if","locations":[{"start":{"line":152,"column":6},"end":{"line":156,"column":7}},{"start":{"line":154,"column":13},"end":{"line":156,"column":7}}],"line":152},"1":{"loc":{"start":{"line":177,"column":2},"end":{"line":177,"column":27}},"type":"if","locations":[{"start":{"line":177,"column":2},"end":{"line":177,"column":27}},{"start":{},"end":{}}],"line":177},"2":{"loc":{"start":{"line":193,"column":13},"end":{"line":193,"column":69}},"type":"binary-expr","locations":[{"start":{"line":193,"column":13},"end":{"line":193,"column":25}},{"start":{"line":193,"column":29},"end":{"line":193,"column":69}}],"line":193},"3":{"loc":{"start":{"line":202,"column":13},"end":{"line":202,"column":73}},"type":"binary-expr","locations":[{"start":{"line":202,"column":13},"end":{"line":202,"column":27}},{"start":{"line":202,"column":31},"end":{"line":202,"column":73}}],"line":202},"4":{"loc":{"start":{"line":214,"column":15},"end":{"line":222,"column":65}},"type":"binary-expr","locations":[{"start":{"line":214,"column":15},"end":{"line":222,"column":16}},{"start":{"line":222,"column":20},"end":{"line":222,"column":65}}],"line":214},"5":{"loc":{"start":{"line":224,"column":13},"end":{"line":224,"column":75}},"type":"binary-expr","locations":[{"start":{"line":224,"column":13},"end":{"line":224,"column":28}},{"start":{"line":224,"column":32},"end":{"line":224,"column":75}}],"line":224},"6":{"loc":{"start":{"line":240,"column":15},"end":{"line":240,"column":67}},"type":"cond-expr","locations":[{"start":{"line":240,"column":38},"end":{"line":240,"column":51}},{"start":{"line":240,"column":54},"end":{"line":240,"column":67}}],"line":240}},"s":{"0":4,"1":4,"2":0,"3":4,"4":0,"5":4,"6":4,"7":4,"8":0,"9":0,"10":0,"11":0,"12":4,"13":0,"14":0,"15":4,"16":0,"17":0,"18":0,"19":0,"20":4,"21":0,"22":0,"23":0,"24":0,"25":4,"26":4,"27":4,"28":0,"29":0,"30":4,"31":0,"32":4,"33":92,"34":92,"35":92,"36":92,"37":92,"38":92,"39":92,"40":0,"41":0,"42":0,"43":0,"44":0,"45":0,"46":0,"47":0,"48":0,"49":0,"50":0,"51":92,"52":92,"53":92,"54":0,"55":0,"56":0},"f":{"0":0,"1":0,"2":0,"3":0,"4":0,"5":0,"6":0,"7":0,"8":0,"9":0,"10":0,"11":0,"12":0,"13":0,"14":0,"15":0,"16":0,"17":0,"18":0,"19":92,"20":0,"21":0,"22":0},"b":{"0":[0,0],"1":[92,0],"2":[0,0],"3":[0,0],"4":[0,0],"5":[0,0],"6":[0,0]},"_coverageSchema":"1a1c01bbd47fc00a2c39e90264f33305004495a9","hash":"9f2f2d52ead0542cd05d498d3bb072962f9b7967"}
,"/Users/christofferfriman/CODE_PROJECTS/SCHOOL_WORK/typescript_and_test/labb3/stories_app/frontend/src/components/post/EditPost.tsx": {"path":"/Users/christofferfriman/CODE_PROJECTS/SCHOOL_WORK/typescript_and_test/labb3/stories_app/frontend/src/components/post/EditPost.tsx","statementMap":{"0":{"start":{"line":11,"column":16},"end":{"line":22,"column":1}},"1":{"start":{"line":24,"column":14},"end":{"line":31,"column":1}},"2":{"start":{"line":25,"column":31},"end":{"line":25,"column":58}},"3":{"start":{"line":33,"column":14},"end":{"line":38,"column":1}},"4":{"start":{"line":37,"column":26},"end":{"line":37,"column":43}},"5":{"start":{"line":40,"column":13},"end":{"line":44,"column":1}},"6":{"start":{"line":46,"column":18},"end":{"line":50,"column":1}},"7":{"start":{"line":52,"column":14},"end":{"line":63,"column":1}},"8":{"start":{"line":55,"column":37},"end":{"line":55,"column":56}},"9":{"start":{"line":56,"column":31},"end":{"line":56,"column":54}},"10":{"start":{"line":57,"column":26},"end":{"line":57,"column":43}},"11":{"start":{"line":61,"column":35},"end":{"line":61,"column":55}},"12":{"start":{"line":65,"column":17},"end":{"line":78,"column":1}},"13":{"start":{"line":68,"column":37},"end":{"line":68,"column":56}},"14":{"start":{"line":69,"column":31},"end":{"line":69,"column":54}},"15":{"start":{"line":70,"column":26},"end":{"line":70,"column":43}},"16":{"start":{"line":76,"column":35},"end":{"line":76,"column":55}},"17":{"start":{"line":80,"column":15},"end":{"line":92,"column":1}},"18":{"start":{"line":83,"column":37},"end":{"line":83,"column":56}},"19":{"start":{"line":84,"column":31},"end":{"line":84,"column":54}},"20":{"start":{"line":85,"column":26},"end":{"line":85,"column":43}},"21":{"start":{"line":90,"column":35},"end":{"line":90,"column":55}},"22":{"start":{"line":94,"column":20},"end":{"line":98,"column":1}},"23":{"start":{"line":100,"column":15},"end":{"line":111,"column":1}},"24":{"start":{"line":113,"column":21},"end":{"line":116,"column":1}},"25":{"start":{"line":114,"column":31},"end":{"line":114,"column":50}},"26":{"start":{"line":115,"column":26},"end":{"line":115,"column":43}},"27":{"start":{"line":118,"column":21},"end":{"line":121,"column":1}},"28":{"start":{"line":119,"column":31},"end":{"line":119,"column":51}},"29":{"start":{"line":123,"column":52},"end":{"line":226,"column":1}},"30":{"start":{"line":124,"column":26},"end":{"line":124,"column":36}},"31":{"start":{"line":125,"column":2},"end":{"line":125,"column":27}},"32":{"start":{"line":126,"column":24},"end":{"line":126,"column":34}},"33":{"start":{"line":127,"column":19},"end":{"line":127,"column":65}},"34":{"start":{"line":128,"column":31},"end":{"line":128,"column":46}},"35":{"start":{"line":135,"column":6},"end":{"line":142,"column":4}},"36":{"start":{"line":144,"column":2},"end":{"line":152,"column":27}},"37":{"start":{"line":145,"column":4},"end":{"line":151,"column":5}},"38":{"start":{"line":146,"column":6},"end":{"line":150,"column":9}},"39":{"start":{"line":154,"column":19},"end":{"line":165,"column":3}},"40":{"start":{"line":155,"column":4},"end":{"line":164,"column":7}},"41":{"start":{"line":157,"column":8},"end":{"line":157,"column":57}},"42":{"start":{"line":158,"column":8},"end":{"line":158,"column":18}},"43":{"start":{"line":159,"column":8},"end":{"line":159,"column":16}},"44":{"start":{"line":162,"column":8},"end":{"line":162,"column":50}},"45":{"start":{"line":167,"column":2},"end":{"line":167,"column":27}},"46":{"start":{"line":167,"column":15},"end":{"line":167,"column":27}},"47":{"start":{"line":169,"column":2},"end":{"line":225,"column":4}},"48":{"start":{"line":171,"column":29},"end":{"line":171,"column":48}},"49":{"start":{"line":198,"column":16},"end":{"line":200,"column":25}}},"fnMap":{"0":{"name":"(anonymous_0)","decl":{"start":{"line":25,"column":16},"end":{"line":25,"column":17}},"loc":{"start":{"line":25,"column":31},"end":{"line":25,"column":58}},"line":25},"1":{"name":"(anonymous_1)","decl":{"start":{"line":37,"column":11},"end":{"line":37,"column":12}},"loc":{"start":{"line":37,"column":26},"end":{"line":37,"column":43}},"line":37},"2":{"name":"(anonymous_2)","decl":{"start":{"line":55,"column":22},"end":{"line":55,"column":23}},"loc":{"start":{"line":55,"column":37},"end":{"line":55,"column":56}},"line":55},"3":{"name":"(anonymous_3)","decl":{"start":{"line":56,"column":16},"end":{"line":56,"column":17}},"loc":{"start":{"line":56,"column":31},"end":{"line":56,"column":54}},"line":56},"4":{"name":"(anonymous_4)","decl":{"start":{"line":57,"column":11},"end":{"line":57,"column":12}},"loc":{"start":{"line":57,"column":26},"end":{"line":57,"column":43}},"line":57},"5":{"name":"(anonymous_5)","decl":{"start":{"line":61,"column":20},"end":{"line":61,"column":21}},"loc":{"start":{"line":61,"column":35},"end":{"line":61,"column":55}},"line":61},"6":{"name":"(anonymous_6)","decl":{"start":{"line":68,"column":22},"end":{"line":68,"column":23}},"loc":{"start":{"line":68,"column":37},"end":{"line":68,"column":56}},"line":68},"7":{"name":"(anonymous_7)","decl":{"start":{"line":69,"column":16},"end":{"line":69,"column":17}},"loc":{"start":{"line":69,"column":31},"end":{"line":69,"column":54}},"line":69},"8":{"name":"(anonymous_8)","decl":{"start":{"line":70,"column":11},"end":{"line":70,"column":12}},"loc":{"start":{"line":70,"column":26},"end":{"line":70,"column":43}},"line":70},"9":{"name":"(anonymous_9)","decl":{"start":{"line":76,"column":20},"end":{"line":76,"column":21}},"loc":{"start":{"line":76,"column":35},"end":{"line":76,"column":55}},"line":76},"10":{"name":"(anonymous_10)","decl":{"start":{"line":83,"column":22},"end":{"line":83,"column":23}},"loc":{"start":{"line":83,"column":37},"end":{"line":83,"column":56}},"line":83},"11":{"name":"(anonymous_11)","decl":{"start":{"line":84,"column":16},"end":{"line":84,"column":17}},"loc":{"start":{"line":84,"column":31},"end":{"line":84,"column":54}},"line":84},"12":{"name":"(anonymous_12)","decl":{"start":{"line":85,"column":11},"end":{"line":85,"column":12}},"loc":{"start":{"line":85,"column":26},"end":{"line":85,"column":43}},"line":85},"13":{"name":"(anonymous_13)","decl":{"start":{"line":90,"column":20},"end":{"line":90,"column":21}},"loc":{"start":{"line":90,"column":35},"end":{"line":90,"column":55}},"line":90},"14":{"name":"(anonymous_14)","decl":{"start":{"line":114,"column":16},"end":{"line":114,"column":17}},"loc":{"start":{"line":114,"column":31},"end":{"line":114,"column":50}},"line":114},"15":{"name":"(anonymous_15)","decl":{"start":{"line":115,"column":11},"end":{"line":115,"column":12}},"loc":{"start":{"line":115,"column":26},"end":{"line":115,"column":43}},"line":115},"16":{"name":"(anonymous_16)","decl":{"start":{"line":119,"column":16},"end":{"line":119,"column":17}},"loc":{"start":{"line":119,"column":31},"end":{"line":119,"column":51}},"line":119},"17":{"name":"(anonymous_17)","decl":{"start":{"line":123,"column":52},"end":{"line":123,"column":53}},"loc":{"start":{"line":123,"column":77},"end":{"line":226,"column":1}},"line":123},"18":{"name":"(anonymous_18)","decl":{"start":{"line":144,"column":12},"end":{"line":144,"column":13}},"loc":{"start":{"line":144,"column":18},"end":{"line":152,"column":3}},"line":144},"19":{"name":"(anonymous_19)","decl":{"start":{"line":154,"column":19},"end":{"line":154,"column":20}},"loc":{"start":{"line":154,"column":43},"end":{"line":165,"column":3}},"line":154},"20":{"name":"(anonymous_20)","decl":{"start":{"line":156,"column":17},"end":{"line":156,"column":18}},"loc":{"start":{"line":156,"column":23},"end":{"line":160,"column":7}},"line":156},"21":{"name":"(anonymous_21)","decl":{"start":{"line":161,"column":15},"end":{"line":161,"column":16}},"loc":{"start":{"line":161,"column":21},"end":{"line":163,"column":7}},"line":161},"22":{"name":"(anonymous_22)","decl":{"start":{"line":171,"column":22},"end":{"line":171,"column":23}},"loc":{"start":{"line":171,"column":29},"end":{"line":171,"column":48}},"line":171},"23":{"name":"(anonymous_23)","decl":{"start":{"line":197,"column":31},"end":{"line":197,"column":32}},"loc":{"start":{"line":198,"column":16},"end":{"line":200,"column":25}},"line":198}},"branchMap":{"0":{"loc":{"start":{"line":127,"column":31},"end":{"line":127,"column":64}},"type":"binary-expr","locations":[{"start":{"line":127,"column":31},"end":{"line":127,"column":58}},{"start":{"line":127,"column":62},"end":{"line":127,"column":64}}],"line":127},"1":{"loc":{"start":{"line":145,"column":4},"end":{"line":151,"column":5}},"type":"if","locations":[{"start":{"line":145,"column":4},"end":{"line":151,"column":5}},{"start":{},"end":{}}],"line":145},"2":{"loc":{"start":{"line":147,"column":15},"end":{"line":147,"column":38}},"type":"binary-expr","locations":[{"start":{"line":147,"column":15},"end":{"line":147,"column":32}},{"start":{"line":147,"column":36},"end":{"line":147,"column":38}}],"line":147},"3":{"loc":{"start":{"line":148,"column":17},"end":{"line":148,"column":42}},"type":"binary-expr","locations":[{"start":{"line":148,"column":17},"end":{"line":148,"column":36}},{"start":{"line":148,"column":40},"end":{"line":148,"column":42}}],"line":148},"4":{"loc":{"start":{"line":149,"column":18},"end":{"line":149,"column":59}},"type":"binary-expr","locations":[{"start":{"line":149,"column":18},"end":{"line":149,"column":53}},{"start":{"line":149,"column":57},"end":{"line":149,"column":59}}],"line":149},"5":{"loc":{"start":{"line":167,"column":2},"end":{"line":167,"column":27}},"type":"if","locations":[{"start":{"line":167,"column":2},"end":{"line":167,"column":27}},{"start":{},"end":{}}],"line":167},"6":{"loc":{"start":{"line":180,"column":13},"end":{"line":180,"column":64}},"type":"binary-expr","locations":[{"start":{"line":180,"column":13},"end":{"line":180,"column":25}},{"start":{"line":180,"column":29},"end":{"line":180,"column":64}}],"line":180},"7":{"loc":{"start":{"line":189,"column":13},"end":{"line":189,"column":68}},"type":"binary-expr","locations":[{"start":{"line":189,"column":13},"end":{"line":189,"column":27}},{"start":{"line":189,"column":31},"end":{"line":189,"column":68}}],"line":189},"8":{"loc":{"start":{"line":203,"column":13},"end":{"line":203,"column":70}},"type":"binary-expr","locations":[{"start":{"line":203,"column":13},"end":{"line":203,"column":28}},{"start":{"line":203,"column":32},"end":{"line":203,"column":70}}],"line":203},"9":{"loc":{"start":{"line":219,"column":15},"end":{"line":219,"column":62}},"type":"cond-expr","locations":[{"start":{"line":219,"column":36},"end":{"line":219,"column":48}},{"start":{"line":219,"column":51},"end":{"line":219,"column":62}}],"line":219}},"s":{"0":4,"1":4,"2":0,"3":4,"4":0,"5":4,"6":4,"7":4,"8":0,"9":0,"10":0,"11":0,"12":4,"13":0,"14":0,"15":0,"16":0,"17":4,"18":0,"19":0,"20":0,"21":0,"22":4,"23":4,"24":4,"25":0,"26":0,"27":4,"28":0,"29":4,"30":14,"31":14,"32":14,"33":14,"34":14,"35":14,"36":14,"37":8,"38":0,"39":14,"40":0,"41":0,"42":0,"43":0,"44":0,"45":14,"46":14,"47":0,"48":0,"49":0},"f":{"0":0,"1":0,"2":0,"3":0,"4":0,"5":0,"6":0,"7":0,"8":0,"9":0,"10":0,"11":0,"12":0,"13":0,"14":0,"15":0,"16":0,"17":14,"18":8,"19":0,"20":0,"21":0,"22":0,"23":0},"b":{"0":[14,14],"1":[0,8],"2":[0,0],"3":[0,0],"4":[0,0],"5":[14,0],"6":[0,0],"7":[0,0],"8":[0,0],"9":[0,0]},"_coverageSchema":"1a1c01bbd47fc00a2c39e90264f33305004495a9","hash":"44470a6cabe2443ae5a06a43c9e8ce52f12e0ebf"}
,"/Users/christofferfriman/CODE_PROJECTS/SCHOOL_WORK/typescript_and_test/labb3/stories_app/frontend/src/components/profile/ChangePassword.tsx": {"path":"/Users/christofferfriman/CODE_PROJECTS/SCHOOL_WORK/typescript_and_test/labb3/stories_app/frontend/src/components/profile/ChangePassword.tsx","statementMap":{"0":{"start":{"line":11,"column":16},"end":{"line":22,"column":1}},"1":{"start":{"line":24,"column":14},"end":{"line":31,"column":1}},"2":{"start":{"line":25,"column":31},"end":{"line":25,"column":58}},"3":{"start":{"line":33,"column":14},"end":{"line":38,"column":1}},"4":{"start":{"line":37,"column":26},"end":{"line":37,"column":43}},"5":{"start":{"line":40,"column":13},"end":{"line":44,"column":1}},"6":{"start":{"line":46,"column":18},"end":{"line":50,"column":1}},"7":{"start":{"line":52,"column":14},"end":{"line":55,"column":1}},"8":{"start":{"line":53,"column":26},"end":{"line":53,"column":43}},"9":{"start":{"line":57,"column":14},"end":{"line":68,"column":1}},"10":{"start":{"line":60,"column":37},"end":{"line":60,"column":56}},"11":{"start":{"line":61,"column":31},"end":{"line":61,"column":54}},"12":{"start":{"line":62,"column":26},"end":{"line":62,"column":43}},"13":{"start":{"line":66,"column":35},"end":{"line":66,"column":55}},"14":{"start":{"line":70,"column":20},"end":{"line":75,"column":1}},"15":{"start":{"line":77,"column":15},"end":{"line":93,"column":1}},"16":{"start":{"line":95,"column":21},"end":{"line":98,"column":1}},"17":{"start":{"line":96,"column":31},"end":{"line":96,"column":50}},"18":{"start":{"line":97,"column":26},"end":{"line":97,"column":43}},"19":{"start":{"line":100,"column":21},"end":{"line":103,"column":1}},"20":{"start":{"line":101,"column":31},"end":{"line":101,"column":51}},"21":{"start":{"line":110,"column":59},"end":{"line":224,"column":1}},"22":{"start":{"line":114,"column":19},"end":{"line":114,"column":28}},"23":{"start":{"line":115,"column":24},"end":{"line":115,"column":34}},"24":{"start":{"line":116,"column":25},"end":{"line":116,"column":58}},"25":{"start":{"line":123,"column":6},"end":{"line":130,"column":4}},"26":{"start":{"line":132,"column":19},"end":{"line":144,"column":3}},"27":{"start":{"line":133,"column":4},"end":{"line":143,"column":7}},"28":{"start":{"line":135,"column":8},"end":{"line":135,"column":63}},"29":{"start":{"line":136,"column":8},"end":{"line":136,"column":18}},"30":{"start":{"line":137,"column":8},"end":{"line":137,"column":16}},"31":{"start":{"line":140,"column":8},"end":{"line":140,"column":57}},"32":{"start":{"line":141,"column":8},"end":{"line":141,"column":56}},"33":{"start":{"line":146,"column":2},"end":{"line":146,"column":27}},"34":{"start":{"line":146,"column":15},"end":{"line":146,"column":27}},"35":{"start":{"line":148,"column":2},"end":{"line":223,"column":4}},"36":{"start":{"line":152,"column":24},"end":{"line":152,"column":43}}},"fnMap":{"0":{"name":"(anonymous_0)","decl":{"start":{"line":25,"column":16},"end":{"line":25,"column":17}},"loc":{"start":{"line":25,"column":31},"end":{"line":25,"column":58}},"line":25},"1":{"name":"(anonymous_1)","decl":{"start":{"line":37,"column":11},"end":{"line":37,"column":12}},"loc":{"start":{"line":37,"column":26},"end":{"line":37,"column":43}},"line":37},"2":{"name":"(anonymous_2)","decl":{"start":{"line":53,"column":11},"end":{"line":53,"column":12}},"loc":{"start":{"line":53,"column":26},"end":{"line":53,"column":43}},"line":53},"3":{"name":"(anonymous_3)","decl":{"start":{"line":60,"column":22},"end":{"line":60,"column":23}},"loc":{"start":{"line":60,"column":37},"end":{"line":60,"column":56}},"line":60},"4":{"name":"(anonymous_4)","decl":{"start":{"line":61,"column":16},"end":{"line":61,"column":17}},"loc":{"start":{"line":61,"column":31},"end":{"line":61,"column":54}},"line":61},"5":{"name":"(anonymous_5)","decl":{"start":{"line":62,"column":11},"end":{"line":62,"column":12}},"loc":{"start":{"line":62,"column":26},"end":{"line":62,"column":43}},"line":62},"6":{"name":"(anonymous_6)","decl":{"start":{"line":66,"column":20},"end":{"line":66,"column":21}},"loc":{"start":{"line":66,"column":35},"end":{"line":66,"column":55}},"line":66},"7":{"name":"(anonymous_7)","decl":{"start":{"line":96,"column":16},"end":{"line":96,"column":17}},"loc":{"start":{"line":96,"column":31},"end":{"line":96,"column":50}},"line":96},"8":{"name":"(anonymous_8)","decl":{"start":{"line":97,"column":11},"end":{"line":97,"column":12}},"loc":{"start":{"line":97,"column":26},"end":{"line":97,"column":43}},"line":97},"9":{"name":"(anonymous_9)","decl":{"start":{"line":101,"column":16},"end":{"line":101,"column":17}},"loc":{"start":{"line":101,"column":31},"end":{"line":101,"column":51}},"line":101},"10":{"name":"(anonymous_10)","decl":{"start":{"line":110,"column":59},"end":{"line":110,"column":60}},"loc":{"start":{"line":113,"column":6},"end":{"line":224,"column":1}},"line":113},"11":{"name":"(anonymous_11)","decl":{"start":{"line":132,"column":19},"end":{"line":132,"column":20}},"loc":{"start":{"line":132,"column":44},"end":{"line":144,"column":3}},"line":132},"12":{"name":"(anonymous_12)","decl":{"start":{"line":134,"column":17},"end":{"line":134,"column":18}},"loc":{"start":{"line":134,"column":23},"end":{"line":138,"column":7}},"line":134},"13":{"name":"(anonymous_13)","decl":{"start":{"line":139,"column":15},"end":{"line":139,"column":16}},"loc":{"start":{"line":139,"column":26},"end":{"line":142,"column":7}},"line":139},"14":{"name":"(anonymous_14)","decl":{"start":{"line":152,"column":17},"end":{"line":152,"column":18}},"loc":{"start":{"line":152,"column":24},"end":{"line":152,"column":43}},"line":152}},"branchMap":{"0":{"loc":{"start":{"line":116,"column":43},"end":{"line":116,"column":57}},"type":"binary-expr","locations":[{"start":{"line":116,"column":43},"end":{"line":116,"column":51}},{"start":{"line":116,"column":55},"end":{"line":116,"column":57}}],"line":116},"1":{"loc":{"start":{"line":146,"column":2},"end":{"line":146,"column":27}},"type":"if","locations":[{"start":{"line":146,"column":2},"end":{"line":146,"column":27}},{"start":{},"end":{}}],"line":146},"2":{"loc":{"start":{"line":164,"column":13},"end":{"line":169,"column":13}},"type":"binary-expr","locations":[{"start":{"line":164,"column":13},"end":{"line":164,"column":35}},{"start":{"line":165,"column":14},"end":{"line":168,"column":16}}],"line":164},"3":{"loc":{"start":{"line":180,"column":13},"end":{"line":185,"column":13}},"type":"binary-expr","locations":[{"start":{"line":180,"column":13},"end":{"line":180,"column":31}},{"start":{"line":181,"column":14},"end":{"line":184,"column":16}}],"line":180},"4":{"loc":{"start":{"line":196,"column":13},"end":{"line":201,"column":13}},"type":"binary-expr","locations":[{"start":{"line":196,"column":13},"end":{"line":196,"column":35}},{"start":{"line":197,"column":14},"end":{"line":200,"column":16}}],"line":196},"5":{"loc":{"start":{"line":217,"column":15},"end":{"line":217,"column":75}},"type":"cond-expr","locations":[{"start":{"line":217,"column":42},"end":{"line":217,"column":55}},{"start":{"line":217,"column":58},"end":{"line":217,"column":75}}],"line":217}},"s":{"0":4,"1":4,"2":0,"3":4,"4":0,"5":4,"6":4,"7":4,"8":0,"9":4,"10":0,"11":0,"12":0,"13":0,"14":4,"15":4,"16":4,"17":0,"18":0,"19":4,"20":0,"21":4,"22":8,"23":8,"24":8,"25":8,"26":8,"27":0,"28":0,"29":0,"30":0,"31":0,"32":0,"33":8,"34":8,"35":0,"36":0},"f":{"0":0,"1":0,"2":0,"3":0,"4":0,"5":0,"6":0,"7":0,"8":0,"9":0,"10":8,"11":0,"12":0,"13":0,"14":0},"b":{"0":[8,8],"1":[8,0],"2":[0,0],"3":[0,0],"4":[0,0],"5":[0,0]},"_coverageSchema":"1a1c01bbd47fc00a2c39e90264f33305004495a9","hash":"d9151571b48ac0d9d34df23767cc502843d60489"}
,"/Users/christofferfriman/CODE_PROJECTS/SCHOOL_WORK/typescript_and_test/labb3/stories_app/frontend/src/components/profile/EditProfile.tsx": {"path":"/Users/christofferfriman/CODE_PROJECTS/SCHOOL_WORK/typescript_and_test/labb3/stories_app/frontend/src/components/profile/EditProfile.tsx","statementMap":{"0":{"start":{"line":12,"column":16},"end":{"line":23,"column":1}},"1":{"start":{"line":25,"column":14},"end":{"line":32,"column":1}},"2":{"start":{"line":26,"column":31},"end":{"line":26,"column":58}},"3":{"start":{"line":34,"column":14},"end":{"line":39,"column":1}},"4":{"start":{"line":38,"column":26},"end":{"line":38,"column":43}},"5":{"start":{"line":41,"column":13},"end":{"line":45,"column":1}},"6":{"start":{"line":47,"column":18},"end":{"line":51,"column":1}},"7":{"start":{"line":53,"column":14},"end":{"line":56,"column":1}},"8":{"start":{"line":54,"column":26},"end":{"line":54,"column":43}},"9":{"start":{"line":58,"column":14},"end":{"line":69,"column":1}},"10":{"start":{"line":61,"column":37},"end":{"line":61,"column":56}},"11":{"start":{"line":62,"column":31},"end":{"line":62,"column":54}},"12":{"start":{"line":63,"column":26},"end":{"line":63,"column":43}},"13":{"start":{"line":67,"column":35},"end":{"line":67,"column":55}},"14":{"start":{"line":71,"column":17},"end":{"line":84,"column":1}},"15":{"start":{"line":74,"column":37},"end":{"line":74,"column":56}},"16":{"start":{"line":75,"column":31},"end":{"line":75,"column":54}},"17":{"start":{"line":76,"column":26},"end":{"line":76,"column":43}},"18":{"start":{"line":82,"column":35},"end":{"line":82,"column":55}},"19":{"start":{"line":86,"column":20},"end":{"line":91,"column":1}},"20":{"start":{"line":93,"column":15},"end":{"line":109,"column":1}},"21":{"start":{"line":111,"column":21},"end":{"line":114,"column":1}},"22":{"start":{"line":112,"column":31},"end":{"line":112,"column":50}},"23":{"start":{"line":113,"column":26},"end":{"line":113,"column":43}},"24":{"start":{"line":116,"column":21},"end":{"line":119,"column":1}},"25":{"start":{"line":117,"column":31},"end":{"line":117,"column":51}},"26":{"start":{"line":121,"column":53},"end":{"line":235,"column":1}},"27":{"start":{"line":122,"column":29},"end":{"line":122,"column":39}},"28":{"start":{"line":123,"column":2},"end":{"line":123,"column":30}},"29":{"start":{"line":124,"column":24},"end":{"line":124,"column":34}},"30":{"start":{"line":125,"column":24},"end":{"line":125,"column":78}},"31":{"start":{"line":132,"column":6},"end":{"line":139,"column":4}},"32":{"start":{"line":141,"column":2},"end":{"line":149,"column":30}},"33":{"start":{"line":142,"column":4},"end":{"line":148,"column":5}},"34":{"start":{"line":143,"column":6},"end":{"line":147,"column":9}},"35":{"start":{"line":151,"column":19},"end":{"line":164,"column":3}},"36":{"start":{"line":152,"column":4},"end":{"line":152,"column":22}},"37":{"start":{"line":153,"column":4},"end":{"line":163,"column":7}},"38":{"start":{"line":155,"column":8},"end":{"line":155,"column":62}},"39":{"start":{"line":156,"column":8},"end":{"line":156,"column":18}},"40":{"start":{"line":157,"column":8},"end":{"line":157,"column":16}},"41":{"start":{"line":160,"column":8},"end":{"line":160,"column":56}},"42":{"start":{"line":161,"column":8},"end":{"line":161,"column":55}},"43":{"start":{"line":166,"column":2},"end":{"line":166,"column":27}},"44":{"start":{"line":166,"column":15},"end":{"line":166,"column":27}},"45":{"start":{"line":167,"column":2},"end":{"line":234,"column":4}},"46":{"start":{"line":171,"column":24},"end":{"line":171,"column":43}}},"fnMap":{"0":{"name":"(anonymous_0)","decl":{"start":{"line":26,"column":16},"end":{"line":26,"column":17}},"loc":{"start":{"line":26,"column":31},"end":{"line":26,"column":58}},"line":26},"1":{"name":"(anonymous_1)","decl":{"start":{"line":38,"column":11},"end":{"line":38,"column":12}},"loc":{"start":{"line":38,"column":26},"end":{"line":38,"column":43}},"line":38},"2":{"name":"(anonymous_2)","decl":{"start":{"line":54,"column":11},"end":{"line":54,"column":12}},"loc":{"start":{"line":54,"column":26},"end":{"line":54,"column":43}},"line":54},"3":{"name":"(anonymous_3)","decl":{"start":{"line":61,"column":22},"end":{"line":61,"column":23}},"loc":{"start":{"line":61,"column":37},"end":{"line":61,"column":56}},"line":61},"4":{"name":"(anonymous_4)","decl":{"start":{"line":62,"column":16},"end":{"line":62,"column":17}},"loc":{"start":{"line":62,"column":31},"end":{"line":62,"column":54}},"line":62},"5":{"name":"(anonymous_5)","decl":{"start":{"line":63,"column":11},"end":{"line":63,"column":12}},"loc":{"start":{"line":63,"column":26},"end":{"line":63,"column":43}},"line":63},"6":{"name":"(anonymous_6)","decl":{"start":{"line":67,"column":20},"end":{"line":67,"column":21}},"loc":{"start":{"line":67,"column":35},"end":{"line":67,"column":55}},"line":67},"7":{"name":"(anonymous_7)","decl":{"start":{"line":74,"column":22},"end":{"line":74,"column":23}},"loc":{"start":{"line":74,"column":37},"end":{"line":74,"column":56}},"line":74},"8":{"name":"(anonymous_8)","decl":{"start":{"line":75,"column":16},"end":{"line":75,"column":17}},"loc":{"start":{"line":75,"column":31},"end":{"line":75,"column":54}},"line":75},"9":{"name":"(anonymous_9)","decl":{"start":{"line":76,"column":11},"end":{"line":76,"column":12}},"loc":{"start":{"line":76,"column":26},"end":{"line":76,"column":43}},"line":76},"10":{"name":"(anonymous_10)","decl":{"start":{"line":82,"column":20},"end":{"line":82,"column":21}},"loc":{"start":{"line":82,"column":35},"end":{"line":82,"column":55}},"line":82},"11":{"name":"(anonymous_11)","decl":{"start":{"line":112,"column":16},"end":{"line":112,"column":17}},"loc":{"start":{"line":112,"column":31},"end":{"line":112,"column":50}},"line":112},"12":{"name":"(anonymous_12)","decl":{"start":{"line":113,"column":11},"end":{"line":113,"column":12}},"loc":{"start":{"line":113,"column":26},"end":{"line":113,"column":43}},"line":113},"13":{"name":"(anonymous_13)","decl":{"start":{"line":117,"column":16},"end":{"line":117,"column":17}},"loc":{"start":{"line":117,"column":31},"end":{"line":117,"column":51}},"line":117},"14":{"name":"(anonymous_14)","decl":{"start":{"line":121,"column":53},"end":{"line":121,"column":54}},"loc":{"start":{"line":121,"column":78},"end":{"line":235,"column":1}},"line":121},"15":{"name":"(anonymous_15)","decl":{"start":{"line":141,"column":12},"end":{"line":141,"column":13}},"loc":{"start":{"line":141,"column":18},"end":{"line":149,"column":3}},"line":141},"16":{"name":"(anonymous_16)","decl":{"start":{"line":151,"column":19},"end":{"line":151,"column":20}},"loc":{"start":{"line":151,"column":43},"end":{"line":164,"column":3}},"line":151},"17":{"name":"(anonymous_17)","decl":{"start":{"line":154,"column":17},"end":{"line":154,"column":18}},"loc":{"start":{"line":154,"column":23},"end":{"line":158,"column":7}},"line":154},"18":{"name":"(anonymous_18)","decl":{"start":{"line":159,"column":15},"end":{"line":159,"column":16}},"loc":{"start":{"line":159,"column":26},"end":{"line":162,"column":7}},"line":159},"19":{"name":"(anonymous_19)","decl":{"start":{"line":171,"column":17},"end":{"line":171,"column":18}},"loc":{"start":{"line":171,"column":24},"end":{"line":171,"column":43}},"line":171}},"branchMap":{"0":{"loc":{"start":{"line":125,"column":41},"end":{"line":125,"column":77}},"type":"binary-expr","locations":[{"start":{"line":125,"column":41},"end":{"line":125,"column":71}},{"start":{"line":125,"column":75},"end":{"line":125,"column":77}}],"line":125},"1":{"loc":{"start":{"line":142,"column":4},"end":{"line":148,"column":5}},"type":"if","locations":[{"start":{"line":142,"column":4},"end":{"line":148,"column":5}},{"start":{},"end":{}}],"line":142},"2":{"loc":{"start":{"line":166,"column":2},"end":{"line":166,"column":27}},"type":"if","locations":[{"start":{"line":166,"column":2},"end":{"line":166,"column":27}},{"start":{},"end":{}}],"line":166},"3":{"loc":{"start":{"line":182,"column":13},"end":{"line":187,"column":13}},"type":"binary-expr","locations":[{"start":{"line":182,"column":13},"end":{"line":182,"column":28}},{"start":{"line":183,"column":14},"end":{"line":186,"column":16}}],"line":182},"4":{"loc":{"start":{"line":198,"column":13},"end":{"line":200,"column":13}},"type":"binary-expr","locations":[{"start":{"line":198,"column":13},"end":{"line":198,"column":23}},{"start":{"line":199,"column":14},"end":{"line":199,"column":80}}],"line":198},"5":{"loc":{"start":{"line":211,"column":13},"end":{"line":216,"column":13}},"type":"binary-expr","locations":[{"start":{"line":211,"column":13},"end":{"line":211,"column":25}},{"start":{"line":212,"column":14},"end":{"line":215,"column":16}}],"line":211},"6":{"loc":{"start":{"line":228,"column":15},"end":{"line":228,"column":69}},"type":"cond-expr","locations":[{"start":{"line":228,"column":41},"end":{"line":228,"column":52}},{"start":{"line":228,"column":55},"end":{"line":228,"column":69}}],"line":228}},"s":{"0":4,"1":4,"2":0,"3":4,"4":0,"5":4,"6":4,"7":4,"8":0,"9":4,"10":0,"11":0,"12":0,"13":0,"14":4,"15":0,"16":0,"17":0,"18":0,"19":4,"20":4,"21":4,"22":0,"23":0,"24":4,"25":0,"26":4,"27":8,"28":8,"29":8,"30":8,"31":8,"32":8,"33":8,"34":0,"35":8,"36":0,"37":0,"38":0,"39":0,"40":0,"41":0,"42":0,"43":8,"44":8,"45":0,"46":0},"f":{"0":0,"1":0,"2":0,"3":0,"4":0,"5":0,"6":0,"7":0,"8":0,"9":0,"10":0,"11":0,"12":0,"13":0,"14":8,"15":8,"16":0,"17":0,"18":0,"19":0},"b":{"0":[8,8],"1":[0,8],"2":[8,0],"3":[0,0],"4":[0,0],"5":[0,0],"6":[0,0]},"_coverageSchema":"1a1c01bbd47fc00a2c39e90264f33305004495a9","hash":"eb30c545d635eb2e50127ba121c54f79298bcf8f"}
,"/Users/christofferfriman/CODE_PROJECTS/SCHOOL_WORK/typescript_and_test/labb3/stories_app/frontend/src/context/alertContext.tsx": {"path":"/Users/christofferfriman/CODE_PROJECTS/SCHOOL_WORK/typescript_and_test/labb3/stories_app/frontend/src/context/alertContext.tsx","statementMap":{"0":{"start":{"line":5,"column":21},"end":{"line":5,"column":75}},"1":{"start":{"line":7,"column":70},"end":{"line":40,"column":1}},"2":{"start":{"line":10,"column":28},"end":{"line":10,"column":61}},"3":{"start":{"line":12,"column":20},"end":{"line":17,"column":3}},"4":{"start":{"line":13,"column":4},"end":{"line":13,"column":36}},"5":{"start":{"line":14,"column":4},"end":{"line":16,"column":13}},"6":{"start":{"line":15,"column":6},"end":{"line":15,"column":21}},"7":{"start":{"line":19,"column":2},"end":{"line":39,"column":4}},"8":{"start":{"line":42,"column":24},"end":{"line":48,"column":1}},"9":{"start":{"line":43,"column":18},"end":{"line":43,"column":42}},"10":{"start":{"line":44,"column":2},"end":{"line":46,"column":3}},"11":{"start":{"line":45,"column":4},"end":{"line":45,"column":69}},"12":{"start":{"line":47,"column":2},"end":{"line":47,"column":17}}},"fnMap":{"0":{"name":"(anonymous_0)","decl":{"start":{"line":7,"column":70},"end":{"line":7,"column":71}},"loc":{"start":{"line":9,"column":6},"end":{"line":40,"column":1}},"line":9},"1":{"name":"(anonymous_1)","decl":{"start":{"line":12,"column":20},"end":{"line":12,"column":21}},"loc":{"start":{"line":12,"column":72},"end":{"line":17,"column":3}},"line":12},"2":{"name":"(anonymous_2)","decl":{"start":{"line":14,"column":15},"end":{"line":14,"column":16}},"loc":{"start":{"line":14,"column":21},"end":{"line":16,"column":5}},"line":14},"3":{"name":"(anonymous_3)","decl":{"start":{"line":42,"column":24},"end":{"line":42,"column":25}},"loc":{"start":{"line":42,"column":30},"end":{"line":48,"column":1}},"line":42}},"branchMap":{"0":{"loc":{"start":{"line":22,"column":7},"end":{"line":37,"column":7}},"type":"binary-expr","locations":[{"start":{"line":22,"column":7},"end":{"line":22,"column":12}},{"start":{"line":23,"column":8},"end":{"line":36,"column":16}}],"line":22},"1":{"loc":{"start":{"line":44,"column":2},"end":{"line":46,"column":3}},"type":"if","locations":[{"start":{"line":44,"column":2},"end":{"line":46,"column":3}},{"start":{},"end":{}}],"line":44}},"s":{"0":4,"1":4,"2":8,"3":8,"4":0,"5":0,"6":0,"7":8,"8":4,"9":122,"10":122,"11":0,"12":122},"f":{"0":8,"1":0,"2":0,"3":122},"b":{"0":[8,0],"1":[0,122]},"_coverageSchema":"1a1c01bbd47fc00a2c39e90264f33305004495a9","hash":"aef6590a52c2baede401f3fad02f4a64e2afd702"}
,"/Users/christofferfriman/CODE_PROJECTS/SCHOOL_WORK/typescript_and_test/labb3/stories_app/frontend/src/context/authContext.tsx": {"path":"/Users/christofferfriman/CODE_PROJECTS/SCHOOL_WORK/typescript_and_test/labb3/stories_app/frontend/src/context/authContext.tsx","statementMap":{"0":{"start":{"line":19,"column":20},"end":{"line":19,"column":63}},"1":{"start":{"line":21,"column":23},"end":{"line":27,"column":1}},"2":{"start":{"line":22,"column":18},"end":{"line":22,"column":41}},"3":{"start":{"line":23,"column":2},"end":{"line":25,"column":3}},"4":{"start":{"line":24,"column":4},"end":{"line":24,"column":67}},"5":{"start":{"line":26,"column":2},"end":{"line":26,"column":17}},"6":{"start":{"line":29,"column":69},"end":{"line":67,"column":1}},"7":{"start":{"line":32,"column":22},"end":{"line":32,"column":38}},"8":{"start":{"line":33,"column":48},"end":{"line":35,"column":3}},"9":{"start":{"line":36,"column":36},"end":{"line":36,"column":51}},"10":{"start":{"line":38,"column":26},"end":{"line":41,"column":4}},"11":{"start":{"line":39,"column":21},"end":{"line":39,"column":54}},"12":{"start":{"line":40,"column":4},"end":{"line":40,"column":50}},"13":{"start":{"line":43,"column":16},"end":{"line":50,"column":3}},"14":{"start":{"line":44,"column":4},"end":{"line":44,"column":23}},"15":{"start":{"line":45,"column":4},"end":{"line":45,"column":46}},"16":{"start":{"line":46,"column":4},"end":{"line":46,"column":64}},"17":{"start":{"line":47,"column":4},"end":{"line":47,"column":22}},"18":{"start":{"line":48,"column":4},"end":{"line":48,"column":29}},"19":{"start":{"line":49,"column":4},"end":{"line":49,"column":24}},"20":{"start":{"line":52,"column":17},"end":{"line":58,"column":3}},"21":{"start":{"line":53,"column":4},"end":{"line":53,"column":42}},"22":{"start":{"line":54,"column":4},"end":{"line":54,"column":41}},"23":{"start":{"line":55,"column":4},"end":{"line":55,"column":24}},"24":{"start":{"line":56,"column":4},"end":{"line":56,"column":18}},"25":{"start":{"line":57,"column":4},"end":{"line":57,"column":30}},"26":{"start":{"line":60,"column":2},"end":{"line":66,"column":4}}},"fnMap":{"0":{"name":"(anonymous_0)","decl":{"start":{"line":21,"column":23},"end":{"line":21,"column":24}},"loc":{"start":{"line":21,"column":29},"end":{"line":27,"column":1}},"line":21},"1":{"name":"(anonymous_1)","decl":{"start":{"line":29,"column":69},"end":{"line":29,"column":70}},"loc":{"start":{"line":31,"column":6},"end":{"line":67,"column":1}},"line":31},"2":{"name":"(anonymous_2)","decl":{"start":{"line":38,"column":55},"end":{"line":38,"column":56}},"loc":{"start":{"line":38,"column":61},"end":{"line":41,"column":3}},"line":38},"3":{"name":"(anonymous_3)","decl":{"start":{"line":43,"column":16},"end":{"line":43,"column":17}},"loc":{"start":{"line":43,"column":58},"end":{"line":50,"column":3}},"line":43},"4":{"name":"(anonymous_4)","decl":{"start":{"line":52,"column":17},"end":{"line":52,"column":18}},"loc":{"start":{"line":52,"column":23},"end":{"line":58,"column":3}},"line":52}},"branchMap":{"0":{"loc":{"start":{"line":23,"column":2},"end":{"line":25,"column":3}},"type":"if","locations":[{"start":{"line":23,"column":2},"end":{"line":25,"column":3}},{"start":{},"end":{}}],"line":23},"1":{"loc":{"start":{"line":40,"column":11},"end":{"line":40,"column":49}},"type":"cond-expr","locations":[{"start":{"line":40,"column":22},"end":{"line":40,"column":42}},{"start":{"line":40,"column":45},"end":{"line":40,"column":49}}],"line":40}},"s":{"0":4,"1":4,"2":358,"3":358,"4":0,"5":358,"6":4,"7":8,"8":8,"9":8,"10":8,"11":8,"12":8,"13":8,"14":0,"15":0,"16":0,"17":0,"18":0,"19":0,"20":8,"21":0,"22":0,"23":0,"24":0,"25":0,"26":8},"f":{"0":358,"1":8,"2":8,"3":0,"4":0},"b":{"0":[0,358],"1":[0,8]},"_coverageSchema":"1a1c01bbd47fc00a2c39e90264f33305004495a9","hash":"8d091e87d3298843f0146707088c7a9e4f846e2b"}
,"/Users/christofferfriman/CODE_PROJECTS/SCHOOL_WORK/typescript_and_test/labb3/stories_app/frontend/src/context/modalContext.tsx": {"path":"/Users/christofferfriman/CODE_PROJECTS/SCHOOL_WORK/typescript_and_test/labb3/stories_app/frontend/src/context/modalContext.tsx","statementMap":{"0":{"start":{"line":5,"column":21},"end":{"line":5,"column":75}},"1":{"start":{"line":7,"column":70},"end":{"line":66,"column":1}},"2":{"start":{"line":10,"column":60},"end":{"line":10,"column":75}},"3":{"start":{"line":11,"column":56},"end":{"line":11,"column":71}},"4":{"start":{"line":12,"column":40},"end":{"line":12,"column":67}},"5":{"start":{"line":14,"column":62},"end":{"line":14,"column":77}},"6":{"start":{"line":15,"column":46},"end":{"line":17,"column":3}},"7":{"start":{"line":19,"column":30},"end":{"line":19,"column":66}},"8":{"start":{"line":19,"column":36},"end":{"line":19,"column":66}},"9":{"start":{"line":20,"column":28},"end":{"line":23,"column":3}},"10":{"start":{"line":21,"column":4},"end":{"line":21,"column":25}},"11":{"start":{"line":22,"column":4},"end":{"line":22,"column":33}},"12":{"start":{"line":24,"column":31},"end":{"line":24,"column":68}},"13":{"start":{"line":24,"column":37},"end":{"line":24,"column":68}},"14":{"start":{"line":25,"column":29},"end":{"line":28,"column":3}},"15":{"start":{"line":26,"column":4},"end":{"line":26,"column":34}},"16":{"start":{"line":27,"column":4},"end":{"line":27,"column":25}},"17":{"start":{"line":30,"column":31},"end":{"line":33,"column":3}},"18":{"start":{"line":31,"column":4},"end":{"line":31,"column":31}},"19":{"start":{"line":32,"column":4},"end":{"line":32,"column":36}},"20":{"start":{"line":34,"column":32},"end":{"line":37,"column":3}},"21":{"start":{"line":35,"column":4},"end":{"line":35,"column":37}},"22":{"start":{"line":36,"column":4},"end":{"line":36,"column":28}},"23":{"start":{"line":40,"column":4},"end":{"line":40,"column":19}},"24":{"start":{"line":41,"column":34},"end":{"line":41,"column":74}},"25":{"start":{"line":41,"column":40},"end":{"line":41,"column":74}},"26":{"start":{"line":42,"column":35},"end":{"line":42,"column":76}},"27":{"start":{"line":42,"column":41},"end":{"line":42,"column":76}},"28":{"start":{"line":44,"column":2},"end":{"line":65,"column":4}},"29":{"start":{"line":68,"column":24},"end":{"line":74,"column":1}},"30":{"start":{"line":69,"column":18},"end":{"line":69,"column":42}},"31":{"start":{"line":70,"column":2},"end":{"line":72,"column":3}},"32":{"start":{"line":71,"column":4},"end":{"line":71,"column":68}},"33":{"start":{"line":73,"column":2},"end":{"line":73,"column":17}}},"fnMap":{"0":{"name":"(anonymous_0)","decl":{"start":{"line":7,"column":70},"end":{"line":7,"column":71}},"loc":{"start":{"line":9,"column":6},"end":{"line":66,"column":1}},"line":9},"1":{"name":"(anonymous_1)","decl":{"start":{"line":19,"column":30},"end":{"line":19,"column":31}},"loc":{"start":{"line":19,"column":36},"end":{"line":19,"column":66}},"line":19},"2":{"name":"(anonymous_2)","decl":{"start":{"line":20,"column":28},"end":{"line":20,"column":29}},"loc":{"start":{"line":20,"column":44},"end":{"line":23,"column":3}},"line":20},"3":{"name":"(anonymous_3)","decl":{"start":{"line":24,"column":31},"end":{"line":24,"column":32}},"loc":{"start":{"line":24,"column":37},"end":{"line":24,"column":68}},"line":24},"4":{"name":"(anonymous_4)","decl":{"start":{"line":25,"column":29},"end":{"line":25,"column":30}},"loc":{"start":{"line":25,"column":35},"end":{"line":28,"column":3}},"line":25},"5":{"name":"(anonymous_5)","decl":{"start":{"line":30,"column":31},"end":{"line":30,"column":32}},"loc":{"start":{"line":30,"column":57},"end":{"line":33,"column":3}},"line":30},"6":{"name":"(anonymous_6)","decl":{"start":{"line":34,"column":32},"end":{"line":34,"column":33}},"loc":{"start":{"line":34,"column":38},"end":{"line":37,"column":3}},"line":34},"7":{"name":"(anonymous_7)","decl":{"start":{"line":41,"column":34},"end":{"line":41,"column":35}},"loc":{"start":{"line":41,"column":40},"end":{"line":41,"column":74}},"line":41},"8":{"name":"(anonymous_8)","decl":{"start":{"line":42,"column":35},"end":{"line":42,"column":36}},"loc":{"start":{"line":42,"column":41},"end":{"line":42,"column":76}},"line":42},"9":{"name":"(anonymous_9)","decl":{"start":{"line":68,"column":24},"end":{"line":68,"column":25}},"loc":{"start":{"line":68,"column":30},"end":{"line":74,"column":1}},"line":68}},"branchMap":{"0":{"loc":{"start":{"line":70,"column":2},"end":{"line":72,"column":3}},"type":"if","locations":[{"start":{"line":70,"column":2},"end":{"line":72,"column":3}},{"start":{},"end":{}}],"line":70}},"s":{"0":4,"1":4,"2":8,"3":8,"4":8,"5":8,"6":8,"7":8,"8":0,"9":8,"10":0,"11":0,"12":8,"13":0,"14":8,"15":0,"16":0,"17":8,"18":0,"19":0,"20":8,"21":0,"22":0,"23":8,"24":8,"25":0,"26":8,"27":0,"28":8,"29":4,"30":30,"31":30,"32":0,"33":30},"f":{"0":8,"1":0,"2":0,"3":0,"4":0,"5":0,"6":0,"7":0,"8":0,"9":30},"b":{"0":[0,30]},"_coverageSchema":"1a1c01bbd47fc00a2c39e90264f33305004495a9","hash":"d0e57780f3d35cbe7b68b71e92c6955d025715c0"}
,"/Users/christofferfriman/CODE_PROJECTS/SCHOOL_WORK/typescript_and_test/labb3/stories_app/frontend/src/hooks/usePost.ts": {"path":"/Users/christofferfriman/CODE_PROJECTS/SCHOOL_WORK/typescript_and_test/labb3/stories_app/frontend/src/hooks/usePost.ts","statementMap":{"0":{"start":{"line":14,"column":23},"end":{"line":38,"column":1}},"1":{"start":{"line":16,"column":21},"end":{"line":16,"column":59}},"2":{"start":{"line":17,"column":4},"end":{"line":17,"column":22}},"3":{"start":{"line":21,"column":21},"end":{"line":21,"column":56}},"4":{"start":{"line":22,"column":4},"end":{"line":22,"column":16}},"5":{"start":{"line":25,"column":21},"end":{"line":25,"column":55}},"6":{"start":{"line":26,"column":4},"end":{"line":26,"column":16}},"7":{"start":{"line":29,"column":4},"end":{"line":29,"column":37}},"8":{"start":{"line":32,"column":4},"end":{"line":32,"column":40}},"9":{"start":{"line":35,"column":21},"end":{"line":35,"column":69}},"10":{"start":{"line":36,"column":4},"end":{"line":36,"column":27}},"11":{"start":{"line":40,"column":26},"end":{"line":45,"column":1}},"12":{"start":{"line":42,"column":21},"end":{"line":42,"column":65}},"13":{"start":{"line":43,"column":4},"end":{"line":43,"column":16}},"14":{"start":{"line":48,"column":2},"end":{"line":51,"column":5}},"15":{"start":{"line":55,"column":2},"end":{"line":59,"column":5}},"16":{"start":{"line":57,"column":19},"end":{"line":57,"column":40}},"17":{"start":{"line":58,"column":28},"end":{"line":58,"column":37}},"18":{"start":{"line":67,"column":22},"end":{"line":67,"column":38}},"19":{"start":{"line":68,"column":24},"end":{"line":68,"column":34}},"20":{"start":{"line":69,"column":19},"end":{"line":69,"column":32}},"21":{"start":{"line":71,"column":19},"end":{"line":86,"column":4}},"22":{"start":{"line":72,"column":22},"end":{"line":72,"column":48}},"23":{"start":{"line":74,"column":6},"end":{"line":74,"column":61}},"24":{"start":{"line":75,"column":6},"end":{"line":75,"column":64}},"25":{"start":{"line":76,"column":6},"end":{"line":76,"column":56}},"26":{"start":{"line":77,"column":6},"end":{"line":79,"column":7}},"27":{"start":{"line":78,"column":8},"end":{"line":78,"column":29}},"28":{"start":{"line":80,"column":6},"end":{"line":80,"column":20}},"29":{"start":{"line":83,"column":6},"end":{"line":83,"column":51}},"30":{"start":{"line":84,"column":6},"end":{"line":84,"column":48}},"31":{"start":{"line":88,"column":23},"end":{"line":92,"column":3}},"32":{"start":{"line":89,"column":4},"end":{"line":91,"column":5}},"33":{"start":{"line":90,"column":6},"end":{"line":90,"column":24}},"34":{"start":{"line":94,"column":2},"end":{"line":94,"column":58}},"35":{"start":{"line":98,"column":22},"end":{"line":98,"column":38}},"36":{"start":{"line":100,"column":2},"end":{"line":110,"column":5}},"37":{"start":{"line":101,"column":40},"end":{"line":101,"column":60}},"38":{"start":{"line":103,"column":6},"end":{"line":103,"column":61}},"39":{"start":{"line":104,"column":6},"end":{"line":104,"column":22}},"40":{"start":{"line":107,"column":6},"end":{"line":107,"column":51}},"41":{"start":{"line":108,"column":6},"end":{"line":108,"column":18}},"42":{"start":{"line":114,"column":22},"end":{"line":114,"column":38}},"43":{"start":{"line":115,"column":2},"end":{"line":125,"column":5}},"44":{"start":{"line":116,"column":40},"end":{"line":116,"column":68}},"45":{"start":{"line":118,"column":6},"end":{"line":118,"column":61}},"46":{"start":{"line":119,"column":6},"end":{"line":119,"column":64}},"47":{"start":{"line":120,"column":6},"end":{"line":120,"column":41}},"48":{"start":{"line":123,"column":6},"end":{"line":123,"column":51}},"49":{"start":{"line":129,"column":2},"end":{"line":132,"column":5}},"50":{"start":{"line":136,"column":2},"end":{"line":139,"column":5}},"51":{"start":{"line":138,"column":19},"end":{"line":138,"column":46}}},"fnMap":{"0":{"name":"(anonymous_0)","decl":{"start":{"line":15,"column":12},"end":{"line":15,"column":13}},"loc":{"start":{"line":15,"column":24},"end":{"line":18,"column":3}},"line":15},"1":{"name":"(anonymous_1)","decl":{"start":{"line":20,"column":13},"end":{"line":20,"column":14}},"loc":{"start":{"line":20,"column":35},"end":{"line":23,"column":3}},"line":20},"2":{"name":"(anonymous_2)","decl":{"start":{"line":24,"column":10},"end":{"line":24,"column":11}},"loc":{"start":{"line":24,"column":44},"end":{"line":27,"column":3}},"line":24},"3":{"name":"(anonymous_3)","decl":{"start":{"line":28,"column":14},"end":{"line":28,"column":15}},"loc":{"start":{"line":28,"column":36},"end":{"line":30,"column":3}},"line":28},"4":{"name":"(anonymous_4)","decl":{"start":{"line":31,"column":14},"end":{"line":31,"column":15}},"loc":{"start":{"line":31,"column":56},"end":{"line":33,"column":3}},"line":31},"5":{"name":"(anonymous_5)","decl":{"start":{"line":34,"column":19},"end":{"line":34,"column":20}},"loc":{"start":{"line":34,"column":31},"end":{"line":37,"column":3}},"line":34},"6":{"name":"(anonymous_6)","decl":{"start":{"line":41,"column":16},"end":{"line":41,"column":17}},"loc":{"start":{"line":41,"column":38},"end":{"line":44,"column":3}},"line":41},"7":{"name":"usePosts","decl":{"start":{"line":47,"column":16},"end":{"line":47,"column":24}},"loc":{"start":{"line":47,"column":27},"end":{"line":52,"column":1}},"line":47},"8":{"name":"usePost","decl":{"start":{"line":54,"column":16},"end":{"line":54,"column":23}},"loc":{"start":{"line":54,"column":36},"end":{"line":60,"column":1}},"line":54},"9":{"name":"(anonymous_9)","decl":{"start":{"line":57,"column":13},"end":{"line":57,"column":14}},"loc":{"start":{"line":57,"column":19},"end":{"line":57,"column":40}},"line":57},"10":{"name":"(anonymous_10)","decl":{"start":{"line":58,"column":12},"end":{"line":58,"column":13}},"loc":{"start":{"line":58,"column":28},"end":{"line":58,"column":37}},"line":58},"11":{"name":"useDeletePost","decl":{"start":{"line":62,"column":16},"end":{"line":62,"column":29}},"loc":{"start":{"line":66,"column":31},"end":{"line":95,"column":1}},"line":66},"12":{"name":"(anonymous_12)","decl":{"start":{"line":72,"column":16},"end":{"line":72,"column":17}},"loc":{"start":{"line":72,"column":22},"end":{"line":72,"column":48}},"line":72},"13":{"name":"(anonymous_13)","decl":{"start":{"line":73,"column":15},"end":{"line":73,"column":16}},"loc":{"start":{"line":73,"column":21},"end":{"line":81,"column":5}},"line":73},"14":{"name":"(anonymous_14)","decl":{"start":{"line":82,"column":13},"end":{"line":82,"column":14}},"loc":{"start":{"line":82,"column":24},"end":{"line":85,"column":5}},"line":82},"15":{"name":"(anonymous_15)","decl":{"start":{"line":88,"column":23},"end":{"line":88,"column":24}},"loc":{"start":{"line":88,"column":29},"end":{"line":92,"column":3}},"line":88},"16":{"name":"useCreatePost","decl":{"start":{"line":97,"column":16},"end":{"line":97,"column":29}},"loc":{"start":{"line":97,"column":32},"end":{"line":111,"column":1}},"line":97},"17":{"name":"(anonymous_17)","decl":{"start":{"line":101,"column":16},"end":{"line":101,"column":17}},"loc":{"start":{"line":101,"column":40},"end":{"line":101,"column":60}},"line":101},"18":{"name":"(anonymous_18)","decl":{"start":{"line":102,"column":15},"end":{"line":102,"column":16}},"loc":{"start":{"line":102,"column":29},"end":{"line":105,"column":5}},"line":102},"19":{"name":"(anonymous_19)","decl":{"start":{"line":106,"column":13},"end":{"line":106,"column":14}},"loc":{"start":{"line":106,"column":24},"end":{"line":109,"column":5}},"line":106},"20":{"name":"useEditPost","decl":{"start":{"line":113,"column":16},"end":{"line":113,"column":27}},"loc":{"start":{"line":113,"column":40},"end":{"line":126,"column":1}},"line":113},"21":{"name":"(anonymous_21)","decl":{"start":{"line":116,"column":16},"end":{"line":116,"column":17}},"loc":{"start":{"line":116,"column":40},"end":{"line":116,"column":68}},"line":116},"22":{"name":"(anonymous_22)","decl":{"start":{"line":117,"column":15},"end":{"line":117,"column":16}},"loc":{"start":{"line":117,"column":21},"end":{"line":121,"column":5}},"line":117},"23":{"name":"(anonymous_23)","decl":{"start":{"line":122,"column":13},"end":{"line":122,"column":14}},"loc":{"start":{"line":122,"column":24},"end":{"line":124,"column":5}},"line":122},"24":{"name":"useCategories","decl":{"start":{"line":128,"column":16},"end":{"line":128,"column":29}},"loc":{"start":{"line":128,"column":32},"end":{"line":133,"column":1}},"line":128},"25":{"name":"useProfile","decl":{"start":{"line":135,"column":16},"end":{"line":135,"column":26}},"loc":{"start":{"line":135,"column":39},"end":{"line":140,"column":1}},"line":135},"26":{"name":"(anonymous_26)","decl":{"start":{"line":138,"column":13},"end":{"line":138,"column":14}},"loc":{"start":{"line":138,"column":19},"end":{"line":138,"column":46}},"line":138}},"branchMap":{"0":{"loc":{"start":{"line":77,"column":6},"end":{"line":79,"column":7}},"type":"if","locations":[{"start":{"line":77,"column":6},"end":{"line":79,"column":7}},{"start":{},"end":{}}],"line":77},"1":{"loc":{"start":{"line":89,"column":4},"end":{"line":91,"column":5}},"type":"if","locations":[{"start":{"line":89,"column":4},"end":{"line":91,"column":5}},{"start":{},"end":{}}],"line":89}},"s":{"0":4,"1":0,"2":0,"3":0,"4":0,"5":0,"6":0,"7":0,"8":0,"9":4,"10":3,"11":4,"12":0,"13":0,"14":0,"15":0,"16":0,"17":0,"18":0,"19":0,"20":0,"21":0,"22":0,"23":0,"24":0,"25":0,"26":0,"27":0,"28":0,"29":0,"30":0,"31":0,"32":0,"33":0,"34":0,"35":92,"36":92,"37":0,"38":0,"39":0,"40":0,"41":0,"42":14,"43":14,"44":0,"45":0,"46":0,"47":0,"48":0,"49":106,"50":0,"51":0},"f":{"0":0,"1":0,"2":0,"3":0,"4":0,"5":4,"6":0,"7":0,"8":0,"9":0,"10":0,"11":0,"12":0,"13":0,"14":0,"15":0,"16":92,"17":0,"18":0,"19":0,"20":14,"21":0,"22":0,"23":0,"24":106,"25":0,"26":0},"b":{"0":[0,0],"1":[0,0]},"_coverageSchema":"1a1c01bbd47fc00a2c39e90264f33305004495a9","hash":"15809d3307883c56e97492a1e38a279d96142496"}
,"/Users/christofferfriman/CODE_PROJECTS/SCHOOL_WORK/typescript_and_test/labb3/stories_app/frontend/src/hooks/useProfile.ts": {"path":"/Users/christofferfriman/CODE_PROJECTS/SCHOOL_WORK/typescript_and_test/labb3/stories_app/frontend/src/hooks/useProfile.ts","statementMap":{"0":{"start":{"line":5,"column":26},"end":{"line":19,"column":1}},"1":{"start":{"line":7,"column":21},"end":{"line":7,"column":65}},"2":{"start":{"line":8,"column":4},"end":{"line":8,"column":16}},"3":{"start":{"line":11,"column":4},"end":{"line":11,"column":42}},"4":{"start":{"line":14,"column":4},"end":{"line":14,"column":58}},"5":{"start":{"line":17,"column":4},"end":{"line":17,"column":39}},"6":{"start":{"line":22,"column":2},"end":{"line":25,"column":5}},"7":{"start":{"line":24,"column":19},"end":{"line":24,"column":46}},"8":{"start":{"line":29,"column":22},"end":{"line":29,"column":38}},"9":{"start":{"line":30,"column":2},"end":{"line":43,"column":5}},"10":{"start":{"line":31,"column":40},"end":{"line":31,"column":74}},"11":{"start":{"line":34,"column":6},"end":{"line":34,"column":63}},"12":{"start":{"line":35,"column":6},"end":{"line":35,"column":67}},"13":{"start":{"line":37,"column":6},"end":{"line":37,"column":58}},"14":{"start":{"line":38,"column":6},"end":{"line":38,"column":44}},"15":{"start":{"line":41,"column":6},"end":{"line":41,"column":54}},"16":{"start":{"line":47,"column":2},"end":{"line":55,"column":5}},"17":{"start":{"line":48,"column":41},"end":{"line":48,"column":76}},"18":{"start":{"line":50,"column":6},"end":{"line":50,"column":45}},"19":{"start":{"line":53,"column":6},"end":{"line":53,"column":55}},"20":{"start":{"line":59,"column":22},"end":{"line":59,"column":38}},"21":{"start":{"line":60,"column":2},"end":{"line":71,"column":5}},"22":{"start":{"line":61,"column":22},"end":{"line":61,"column":50}},"23":{"start":{"line":63,"column":6},"end":{"line":63,"column":63}},"24":{"start":{"line":64,"column":6},"end":{"line":64,"column":67}},"25":{"start":{"line":65,"column":6},"end":{"line":65,"column":44}},"26":{"start":{"line":68,"column":6},"end":{"line":68,"column":54}},"27":{"start":{"line":69,"column":6},"end":{"line":69,"column":18}}},"fnMap":{"0":{"name":"(anonymous_0)","decl":{"start":{"line":6,"column":16},"end":{"line":6,"column":17}},"loc":{"start":{"line":6,"column":38},"end":{"line":9,"column":3}},"line":6},"1":{"name":"(anonymous_1)","decl":{"start":{"line":10,"column":17},"end":{"line":10,"column":18}},"loc":{"start":{"line":10,"column":59},"end":{"line":12,"column":3}},"line":10},"2":{"name":"(anonymous_2)","decl":{"start":{"line":13,"column":18},"end":{"line":13,"column":19}},"loc":{"start":{"line":13,"column":61},"end":{"line":15,"column":3}},"line":13},"3":{"name":"(anonymous_3)","decl":{"start":{"line":16,"column":17},"end":{"line":16,"column":18}},"loc":{"start":{"line":16,"column":39},"end":{"line":18,"column":3}},"line":16},"4":{"name":"useProfile","decl":{"start":{"line":21,"column":16},"end":{"line":21,"column":26}},"loc":{"start":{"line":21,"column":39},"end":{"line":26,"column":1}},"line":21},"5":{"name":"(anonymous_5)","decl":{"start":{"line":24,"column":13},"end":{"line":24,"column":14}},"loc":{"start":{"line":24,"column":19},"end":{"line":24,"column":46}},"line":24},"6":{"name":"useUpdateProfile","decl":{"start":{"line":28,"column":16},"end":{"line":28,"column":32}},"loc":{"start":{"line":28,"column":45},"end":{"line":44,"column":1}},"line":28},"7":{"name":"(anonymous_7)","decl":{"start":{"line":31,"column":16},"end":{"line":31,"column":17}},"loc":{"start":{"line":31,"column":40},"end":{"line":31,"column":74}},"line":31},"8":{"name":"(anonymous_8)","decl":{"start":{"line":32,"column":15},"end":{"line":32,"column":16}},"loc":{"start":{"line":32,"column":29},"end":{"line":39,"column":5}},"line":32},"9":{"name":"(anonymous_9)","decl":{"start":{"line":40,"column":13},"end":{"line":40,"column":14}},"loc":{"start":{"line":40,"column":24},"end":{"line":42,"column":5}},"line":40},"10":{"name":"useChangePassword","decl":{"start":{"line":46,"column":16},"end":{"line":46,"column":33}},"loc":{"start":{"line":46,"column":46},"end":{"line":56,"column":1}},"line":46},"11":{"name":"(anonymous_11)","decl":{"start":{"line":48,"column":16},"end":{"line":48,"column":17}},"loc":{"start":{"line":48,"column":41},"end":{"line":48,"column":76}},"line":48},"12":{"name":"(anonymous_12)","decl":{"start":{"line":49,"column":15},"end":{"line":49,"column":16}},"loc":{"start":{"line":49,"column":21},"end":{"line":51,"column":5}},"line":49},"13":{"name":"(anonymous_13)","decl":{"start":{"line":52,"column":13},"end":{"line":52,"column":14}},"loc":{"start":{"line":52,"column":24},"end":{"line":54,"column":5}},"line":52},"14":{"name":"useDeleteProfile","decl":{"start":{"line":58,"column":16},"end":{"line":58,"column":32}},"loc":{"start":{"line":58,"column":45},"end":{"line":72,"column":1}},"line":58},"15":{"name":"(anonymous_15)","decl":{"start":{"line":61,"column":16},"end":{"line":61,"column":17}},"loc":{"start":{"line":61,"column":22},"end":{"line":61,"column":50}},"line":61},"16":{"name":"(anonymous_16)","decl":{"start":{"line":62,"column":15},"end":{"line":62,"column":16}},"loc":{"start":{"line":62,"column":21},"end":{"line":66,"column":5}},"line":62},"17":{"name":"(anonymous_17)","decl":{"start":{"line":67,"column":13},"end":{"line":67,"column":14}},"loc":{"start":{"line":67,"column":24},"end":{"line":70,"column":5}},"line":67}},"branchMap":{},"s":{"0":4,"1":0,"2":0,"3":0,"4":0,"5":0,"6":0,"7":0,"8":8,"9":8,"10":0,"11":0,"12":0,"13":0,"14":0,"15":0,"16":8,"17":0,"18":0,"19":0,"20":0,"21":0,"22":0,"23":0,"24":0,"25":0,"26":0,"27":0},"f":{"0":0,"1":0,"2":0,"3":0,"4":0,"5":0,"6":8,"7":0,"8":0,"9":0,"10":8,"11":0,"12":0,"13":0,"14":0,"15":0,"16":0,"17":0},"b":{},"_coverageSchema":"1a1c01bbd47fc00a2c39e90264f33305004495a9","hash":"1349b9c4a570755022f36a7179d7dbb89fedf868"}
,"/Users/christofferfriman/CODE_PROJECTS/SCHOOL_WORK/typescript_and_test/labb3/stories_app/frontend/src/routes/AuthenticatedRoutes.tsx": {"path":"/Users/christofferfriman/CODE_PROJECTS/SCHOOL_WORK/typescript_and_test/labb3/stories_app/frontend/src/routes/AuthenticatedRoutes.tsx","statementMap":{"0":{"start":{"line":7,"column":13},"end":{"line":7,"column":54}},"1":{"start":{"line":7,"column":30},"end":{"line":7,"column":53}},"2":{"start":{"line":8,"column":16},"end":{"line":8,"column":60}},"3":{"start":{"line":8,"column":33},"end":{"line":8,"column":59}},"4":{"start":{"line":9,"column":19},"end":{"line":9,"column":66}},"5":{"start":{"line":9,"column":36},"end":{"line":9,"column":65}},"6":{"start":{"line":12,"column":36},"end":{"line":12,"column":45}},"7":{"start":{"line":14,"column":2},"end":{"line":64,"column":3}},"8":{"start":{"line":15,"column":4},"end":{"line":63,"column":6}},"9":{"start":{"line":66,"column":2},"end":{"line":66,"column":42}}},"fnMap":{"0":{"name":"(anonymous_0)","decl":{"start":{"line":7,"column":24},"end":{"line":7,"column":25}},"loc":{"start":{"line":7,"column":30},"end":{"line":7,"column":53}},"line":7},"1":{"name":"(anonymous_1)","decl":{"start":{"line":8,"column":27},"end":{"line":8,"column":28}},"loc":{"start":{"line":8,"column":33},"end":{"line":8,"column":59}},"line":8},"2":{"name":"(anonymous_2)","decl":{"start":{"line":9,"column":30},"end":{"line":9,"column":31}},"loc":{"start":{"line":9,"column":36},"end":{"line":9,"column":65}},"line":9},"3":{"name":"AuthenticatedRoutes","decl":{"start":{"line":11,"column":16},"end":{"line":11,"column":35}},"loc":{"start":{"line":11,"column":38},"end":{"line":67,"column":1}},"line":11}},"branchMap":{"0":{"loc":{"start":{"line":14,"column":2},"end":{"line":64,"column":3}},"type":"if","locations":[{"start":{"line":14,"column":2},"end":{"line":64,"column":3}},{"start":{},"end":{}}],"line":14},"1":{"loc":{"start":{"line":14,"column":6},"end":{"line":14,"column":39}},"type":"binary-expr","locations":[{"start":{"line":14,"column":6},"end":{"line":14,"column":21}},{"start":{"line":14,"column":25},"end":{"line":14,"column":39}}],"line":14}},"s":{"0":4,"1":0,"2":4,"3":0,"4":4,"5":0,"6":42,"7":42,"8":0,"9":42},"f":{"0":0,"1":0,"2":0,"3":42},"b":{"0":[0,42],"1":[42,42]},"_coverageSchema":"1a1c01bbd47fc00a2c39e90264f33305004495a9","hash":"0a6560bab2bb8619740404dd30ff22ebc050d23d"}
,"/Users/christofferfriman/CODE_PROJECTS/SCHOOL_WORK/typescript_and_test/labb3/stories_app/frontend/src/routes/PublicRoute.tsx": {"path":"/Users/christofferfriman/CODE_PROJECTS/SCHOOL_WORK/typescript_and_test/labb3/stories_app/frontend/src/routes/PublicRoute.tsx","statementMap":{"0":{"start":{"line":6,"column":13},"end":{"line":6,"column":54}},"1":{"start":{"line":6,"column":30},"end":{"line":6,"column":53}},"2":{"start":{"line":7,"column":14},"end":{"line":7,"column":56}},"3":{"start":{"line":7,"column":31},"end":{"line":7,"column":55}},"4":{"start":{"line":8,"column":17},"end":{"line":8,"column":62}},"5":{"start":{"line":8,"column":34},"end":{"line":8,"column":61}},"6":{"start":{"line":11,"column":41},"end":{"line":11,"column":50}},"7":{"start":{"line":13,"column":2},"end":{"line":15,"column":3}},"8":{"start":{"line":14,"column":4},"end":{"line":14,"column":59}},"9":{"start":{"line":17,"column":2},"end":{"line":19,"column":3}},"10":{"start":{"line":18,"column":4},"end":{"line":18,"column":43}},"11":{"start":{"line":21,"column":2},"end":{"line":48,"column":4}}},"fnMap":{"0":{"name":"(anonymous_0)","decl":{"start":{"line":6,"column":24},"end":{"line":6,"column":25}},"loc":{"start":{"line":6,"column":30},"end":{"line":6,"column":53}},"line":6},"1":{"name":"(anonymous_1)","decl":{"start":{"line":7,"column":25},"end":{"line":7,"column":26}},"loc":{"start":{"line":7,"column":31},"end":{"line":7,"column":55}},"line":7},"2":{"name":"(anonymous_2)","decl":{"start":{"line":8,"column":28},"end":{"line":8,"column":29}},"loc":{"start":{"line":8,"column":34},"end":{"line":8,"column":61}},"line":8},"3":{"name":"PublicRoutes","decl":{"start":{"line":10,"column":16},"end":{"line":10,"column":28}},"loc":{"start":{"line":10,"column":31},"end":{"line":49,"column":1}},"line":10}},"branchMap":{"0":{"loc":{"start":{"line":13,"column":2},"end":{"line":15,"column":3}},"type":"if","locations":[{"start":{"line":13,"column":2},"end":{"line":15,"column":3}},{"start":{},"end":{}}],"line":13},"1":{"loc":{"start":{"line":17,"column":2},"end":{"line":19,"column":3}},"type":"if","locations":[{"start":{"line":17,"column":2},"end":{"line":19,"column":3}},{"start":{},"end":{}}],"line":17}},"s":{"0":4,"1":0,"2":4,"3":0,"4":4,"5":0,"6":44,"7":44,"8":0,"9":44,"10":44,"11":0},"f":{"0":0,"1":0,"2":0,"3":44},"b":{"0":[0,44],"1":[44,0]},"_coverageSchema":"1a1c01bbd47fc00a2c39e90264f33305004495a9","hash":"03bd1c7adbf0c26974425110254b10df488253cc"}
,"/Users/christofferfriman/CODE_PROJECTS/SCHOOL_WORK/typescript_and_test/labb3/stories_app/frontend/src/routes/RouterConfig.tsx": {"path":"/Users/christofferfriman/CODE_PROJECTS/SCHOOL_WORK/typescript_and_test/labb3/stories_app/frontend/src/routes/RouterConfig.tsx","statementMap":{"0":{"start":{"line":7,"column":13},"end":{"line":7,"column":54}},"1":{"start":{"line":7,"column":30},"end":{"line":7,"column":53}},"2":{"start":{"line":8,"column":14},"end":{"line":8,"column":56}},"3":{"start":{"line":8,"column":31},"end":{"line":8,"column":55}},"4":{"start":{"line":9,"column":17},"end":{"line":9,"column":62}},"5":{"start":{"line":9,"column":34},"end":{"line":9,"column":61}},"6":{"start":{"line":11,"column":22},"end":{"line":40,"column":2}}},"fnMap":{"0":{"name":"(anonymous_0)","decl":{"start":{"line":7,"column":24},"end":{"line":7,"column":25}},"loc":{"start":{"line":7,"column":30},"end":{"line":7,"column":53}},"line":7},"1":{"name":"(anonymous_1)","decl":{"start":{"line":8,"column":25},"end":{"line":8,"column":26}},"loc":{"start":{"line":8,"column":31},"end":{"line":8,"column":55}},"line":8},"2":{"name":"(anonymous_2)","decl":{"start":{"line":9,"column":28},"end":{"line":9,"column":29}},"loc":{"start":{"line":9,"column":34},"end":{"line":9,"column":61}},"line":9}},"branchMap":{},"s":{"0":4,"1":0,"2":4,"3":0,"4":4,"5":0,"6":4},"f":{"0":0,"1":0,"2":0},"b":{},"_coverageSchema":"1a1c01bbd47fc00a2c39e90264f33305004495a9","hash":"7954a4bd036c235d34a938b8ecb70ccb4504a220"}
,"/Users/christofferfriman/CODE_PROJECTS/SCHOOL_WORK/typescript_and_test/labb3/stories_app/frontend/src/services/authService.ts": {"path":"/Users/christofferfriman/CODE_PROJECTS/SCHOOL_WORK/typescript_and_test/labb3/stories_app/frontend/src/services/authService.ts","statementMap":{"0":{"start":{"line":10,"column":12},"end":{"line":12,"column":2}},"1":{"start":{"line":14,"column":27},"end":{"line":51,"column":1}},"2":{"start":{"line":16,"column":4},"end":{"line":36,"column":5}},"3":{"start":{"line":17,"column":23},"end":{"line":20,"column":7}},"4":{"start":{"line":22,"column":6},"end":{"line":24,"column":7}},"5":{"start":{"line":23,"column":8},"end":{"line":23,"column":64}},"6":{"start":{"line":25,"column":6},"end":{"line":25,"column":27}},"7":{"start":{"line":27,"column":35},"end":{"line":34,"column":7}},"8":{"start":{"line":35,"column":6},"end":{"line":35,"column":22}},"9":{"start":{"line":40,"column":21},"end":{"line":40,"column":78}},"10":{"start":{"line":41,"column":4},"end":{"line":41,"column":25}},"11":{"start":{"line":45,"column":4},"end":{"line":45,"column":48}},"12":{"start":{"line":49,"column":4},"end":{"line":49,"column":46}},"13":{"start":{"line":53,"column":0},"end":{"line":59,"column":3}},"14":{"start":{"line":54,"column":16},"end":{"line":54,"column":38}},"15":{"start":{"line":55,"column":2},"end":{"line":57,"column":3}},"16":{"start":{"line":56,"column":4},"end":{"line":56,"column":53}},"17":{"start":{"line":58,"column":2},"end":{"line":58,"column":16}}},"fnMap":{"0":{"name":"(anonymous_0)","decl":{"start":{"line":15,"column":9},"end":{"line":15,"column":10}},"loc":{"start":{"line":15,"column":68},"end":{"line":37,"column":3}},"line":15},"1":{"name":"(anonymous_1)","decl":{"start":{"line":39,"column":12},"end":{"line":39,"column":13}},"loc":{"start":{"line":39,"column":69},"end":{"line":42,"column":3}},"line":39},"2":{"name":"(anonymous_2)","decl":{"start":{"line":44,"column":19},"end":{"line":44,"column":20}},"loc":{"start":{"line":44,"column":34},"end":{"line":46,"column":3}},"line":44},"3":{"name":"(anonymous_3)","decl":{"start":{"line":48,"column":12},"end":{"line":48,"column":13}},"loc":{"start":{"line":48,"column":33},"end":{"line":50,"column":3}},"line":48},"4":{"name":"(anonymous_4)","decl":{"start":{"line":53,"column":29},"end":{"line":53,"column":30}},"loc":{"start":{"line":53,"column":41},"end":{"line":59,"column":1}},"line":53}},"branchMap":{"0":{"loc":{"start":{"line":22,"column":6},"end":{"line":24,"column":7}},"type":"if","locations":[{"start":{"line":22,"column":6},"end":{"line":24,"column":7}},{"start":{},"end":{}}],"line":22},"1":{"loc":{"start":{"line":29,"column":10},"end":{"line":31,"column":28}},"type":"cond-expr","locations":[{"start":{"line":30,"column":14},"end":{"line":30,"column":61}},{"start":{"line":31,"column":14},"end":{"line":31,"column":28}}],"line":29},"2":{"loc":{"start":{"line":30,"column":14},"end":{"line":30,"column":61}},"type":"binary-expr","locations":[{"start":{"line":30,"column":14},"end":{"line":30,"column":43}},{"start":{"line":30,"column":47},"end":{"line":30,"column":61}}],"line":30},"3":{"loc":{"start":{"line":33,"column":10},"end":{"line":33,"column":75}},"type":"cond-expr","locations":[{"start":{"line":33,"column":40},"end":{"line":33,"column":69}},{"start":{"line":33,"column":72},"end":{"line":33,"column":75}}],"line":33},"4":{"loc":{"start":{"line":33,"column":40},"end":{"line":33,"column":69}},"type":"binary-expr","locations":[{"start":{"line":33,"column":40},"end":{"line":33,"column":62}},{"start":{"line":33,"column":66},"end":{"line":33,"column":69}}],"line":33},"5":{"loc":{"start":{"line":55,"column":2},"end":{"line":57,"column":3}},"type":"if","locations":[{"start":{"line":55,"column":2},"end":{"line":57,"column":3}},{"start":{},"end":{}}],"line":55}},"s":{"0":4,"1":4,"2":0,"3":0,"4":0,"5":0,"6":0,"7":0,"8":0,"9":0,"10":0,"11":8,"12":4,"13":4,"14":4,"15":4,"16":4,"17":4},"f":{"0":0,"1":0,"2":8,"3":4,"4":4},"b":{"0":[0,0],"1":[0,0],"2":[0,0],"3":[0,0],"4":[0,0],"5":[4,0]},"_coverageSchema":"1a1c01bbd47fc00a2c39e90264f33305004495a9","hash":"5f80b6bfd0f0bf9f95b38b80792855c28920206e"}
,"/Users/christofferfriman/CODE_PROJECTS/SCHOOL_WORK/typescript_and_test/labb3/stories_app/frontend/src/styles/globalStyle.ts": {"path":"/Users/christofferfriman/CODE_PROJECTS/SCHOOL_WORK/typescript_and_test/labb3/stories_app/frontend/src/styles/globalStyle.ts","statementMap":{"0":{"start":{"line":3,"column":27},"end":{"line":20,"column":1}},"1":{"start":{"line":11,"column":34},"end":{"line":11,"column":50}},"2":{"start":{"line":12,"column":39},"end":{"line":12,"column":62}},"3":{"start":{"line":13,"column":28},"end":{"line":13,"column":45}},"4":{"start":{"line":18,"column":34},"end":{"line":18,"column":53}}},"fnMap":{"0":{"name":"(anonymous_0)","decl":{"start":{"line":11,"column":19},"end":{"line":11,"column":20}},"loc":{"start":{"line":11,"column":34},"end":{"line":11,"column":50}},"line":11},"1":{"name":"(anonymous_1)","decl":{"start":{"line":12,"column":24},"end":{"line":12,"column":25}},"loc":{"start":{"line":12,"column":39},"end":{"line":12,"column":62}},"line":12},"2":{"name":"(anonymous_2)","decl":{"start":{"line":13,"column":13},"end":{"line":13,"column":14}},"loc":{"start":{"line":13,"column":28},"end":{"line":13,"column":45}},"line":13},"3":{"name":"(anonymous_3)","decl":{"start":{"line":18,"column":19},"end":{"line":18,"column":20}},"loc":{"start":{"line":18,"column":34},"end":{"line":18,"column":53}},"line":18}},"branchMap":{},"s":{"0":4,"1":8,"2":8,"3":8,"4":8},"f":{"0":8,"1":8,"2":8,"3":8},"b":{},"_coverageSchema":"1a1c01bbd47fc00a2c39e90264f33305004495a9","hash":"b1559b5995b8afc3b2315736077aa3e78d0f9d8a"}
,"/Users/christofferfriman/CODE_PROJECTS/SCHOOL_WORK/typescript_and_test/labb3/stories_app/frontend/src/styles/muiTheme.ts": {"path":"/Users/christofferfriman/CODE_PROJECTS/SCHOOL_WORK/typescript_and_test/labb3/stories_app/frontend/src/styles/muiTheme.ts","statementMap":{"0":{"start":{"line":4,"column":24},"end":{"line":19,"column":2}}},"fnMap":{},"branchMap":{},"s":{"0":4},"f":{},"b":{},"_coverageSchema":"1a1c01bbd47fc00a2c39e90264f33305004495a9","hash":"2dc7fbc5276ee44d883cd36b2e923cef9453c3a3"}
,"/Users/christofferfriman/CODE_PROJECTS/SCHOOL_WORK/typescript_and_test/labb3/stories_app/frontend/src/styles/theme.ts": {"path":"/Users/christofferfriman/CODE_PROJECTS/SCHOOL_WORK/typescript_and_test/labb3/stories_app/frontend/src/styles/theme.ts","statementMap":{"0":{"start":{"line":3,"column":35},"end":{"line":25,"column":1}}},"fnMap":{},"branchMap":{},"s":{"0":4},"f":{},"b":{},"_coverageSchema":"1a1c01bbd47fc00a2c39e90264f33305004495a9","hash":"d67a82bf530f4819c8a06288855ffea61a986cff"}
,"/Users/christofferfriman/CODE_PROJECTS/SCHOOL_WORK/typescript_and_test/labb3/stories_app/frontend/src/ui/Error.tsx": {"path":"/Users/christofferfriman/CODE_PROJECTS/SCHOOL_WORK/typescript_and_test/labb3/stories_app/frontend/src/ui/Error.tsx","statementMap":{"0":{"start":{"line":5,"column":23},"end":{"line":12,"column":1}},"1":{"start":{"line":10,"column":26},"end":{"line":10,"column":43}},"2":{"start":{"line":14,"column":18},"end":{"line":18,"column":1}},"3":{"start":{"line":15,"column":26},"end":{"line":15,"column":46}},"4":{"start":{"line":20,"column":21},"end":{"line":23,"column":1}},"5":{"start":{"line":21,"column":26},"end":{"line":21,"column":52}},"6":{"start":{"line":25,"column":43},"end":{"line":34,"column":1}},"7":{"start":{"line":28,"column":2},"end":{"line":33,"column":4}}},"fnMap":{"0":{"name":"(anonymous_0)","decl":{"start":{"line":10,"column":11},"end":{"line":10,"column":12}},"loc":{"start":{"line":10,"column":26},"end":{"line":10,"column":43}},"line":10},"1":{"name":"(anonymous_1)","decl":{"start":{"line":15,"column":11},"end":{"line":15,"column":12}},"loc":{"start":{"line":15,"column":26},"end":{"line":15,"column":46}},"line":15},"2":{"name":"(anonymous_2)","decl":{"start":{"line":21,"column":11},"end":{"line":21,"column":12}},"loc":{"start":{"line":21,"column":26},"end":{"line":21,"column":52}},"line":21},"3":{"name":"(anonymous_3)","decl":{"start":{"line":25,"column":43},"end":{"line":25,"column":44}},"loc":{"start":{"line":27,"column":6},"end":{"line":34,"column":1}},"line":27}},"branchMap":{"0":{"loc":{"start":{"line":26,"column":2},"end":{"line":26,"column":34}},"type":"default-arg","locations":[{"start":{"line":26,"column":12},"end":{"line":26,"column":34}}],"line":26}},"s":{"0":4,"1":0,"2":4,"3":0,"4":4,"5":0,"6":4,"7":0},"f":{"0":0,"1":0,"2":0,"3":0},"b":{"0":[0]},"_coverageSchema":"1a1c01bbd47fc00a2c39e90264f33305004495a9","hash":"947d11af2ac78534283a1929adda382cdb6c1266"}
,"/Users/christofferfriman/CODE_PROJECTS/SCHOOL_WORK/typescript_and_test/labb3/stories_app/frontend/src/ui/Loading.tsx": {"path":"/Users/christofferfriman/CODE_PROJECTS/SCHOOL_WORK/typescript_and_test/labb3/stories_app/frontend/src/ui/Loading.tsx","statementMap":{"0":{"start":{"line":5,"column":25},"end":{"line":11,"column":1}},"1":{"start":{"line":10,"column":26},"end":{"line":10,"column":52}},"2":{"start":{"line":13,"column":16},"end":{"line":30,"column":1}},"3":{"start":{"line":14,"column":37},"end":{"line":14,"column":60}},"4":{"start":{"line":15,"column":41},"end":{"line":15,"column":61}},"5":{"start":{"line":32,"column":47},"end":{"line":39,"column":1}},"6":{"start":{"line":33,"column":2},"end":{"line":38,"column":4}}},"fnMap":{"0":{"name":"(anonymous_0)","decl":{"start":{"line":10,"column":11},"end":{"line":10,"column":12}},"loc":{"start":{"line":10,"column":26},"end":{"line":10,"column":52}},"line":10},"1":{"name":"(anonymous_1)","decl":{"start":{"line":14,"column":22},"end":{"line":14,"column":23}},"loc":{"start":{"line":14,"column":37},"end":{"line":14,"column":60}},"line":14},"2":{"name":"(anonymous_2)","decl":{"start":{"line":15,"column":26},"end":{"line":15,"column":27}},"loc":{"start":{"line":15,"column":41},"end":{"line":15,"column":61}},"line":15},"3":{"name":"(anonymous_3)","decl":{"start":{"line":32,"column":47},"end":{"line":32,"column":48}},"loc":{"start":{"line":32,"column":79},"end":{"line":39,"column":1}},"line":32}},"branchMap":{"0":{"loc":{"start":{"line":32,"column":50},"end":{"line":32,"column":72}},"type":"default-arg","locations":[{"start":{"line":32,"column":60},"end":{"line":32,"column":72}}],"line":32}},"s":{"0":4,"1":0,"2":4,"3":0,"4":0,"5":4,"6":0},"f":{"0":0,"1":0,"2":0,"3":0},"b":{"0":[0]},"_coverageSchema":"1a1c01bbd47fc00a2c39e90264f33305004495a9","hash":"ba45f8f20a133b520566c6c4acb48e0a67550c34"}
,"/Users/christofferfriman/CODE_PROJECTS/SCHOOL_WORK/typescript_and_test/labb3/stories_app/frontend/src/validation/schema.ts": {"path":"/Users/christofferfriman/CODE_PROJECTS/SCHOOL_WORK/typescript_and_test/labb3/stories_app/frontend/src/validation/schema.ts","statementMap":{"0":{"start":{"line":4,"column":27},"end":{"line":7,"column":2}},"1":{"start":{"line":9,"column":30},"end":{"line":28,"column":4}},"2":{"start":{"line":25,"column":20},"end":{"line":25,"column":58}},"3":{"start":{"line":31,"column":29},"end":{"line":35,"column":2}},"4":{"start":{"line":37,"column":26},"end":{"line":41,"column":2}},"5":{"start":{"line":43,"column":30},"end":{"line":56,"column":4}},"6":{"start":{"line":53,"column":20},"end":{"line":53,"column":61}}},"fnMap":{"0":{"name":"(anonymous_0)","decl":{"start":{"line":25,"column":10},"end":{"line":25,"column":11}},"loc":{"start":{"line":25,"column":20},"end":{"line":25,"column":58}},"line":25},"1":{"name":"(anonymous_1)","decl":{"start":{"line":53,"column":10},"end":{"line":53,"column":11}},"loc":{"start":{"line":53,"column":20},"end":{"line":53,"column":61}},"line":53}},"branchMap":{},"s":{"0":4,"1":4,"2":0,"3":4,"4":4,"5":4,"6":0},"f":{"0":0,"1":0},"b":{},"_coverageSchema":"1a1c01bbd47fc00a2c39e90264f33305004495a9","hash":"1987e804a18f02f812cc13e5ceef19294c6905f0"}
}
