{"total": {"lines":{"total":463,"covered":229,"skipped":0,"pct":49.46},"statements":{"total":480,"covered":233,"skipped":0,"pct":48.54},"functions":{"total":206,"covered":41,"skipped":0,"pct":19.9},"branches":{"total":104,"covered":27,"skipped":0,"pct":25.96},"branchesTrue":{"total":0,"covered":0,"skipped":0,"pct":100}}
,"/Users/christofferfriman/CODE_PROJECTS/SCHOOL_WORK/typescript_and_test/labb3/stories_app/frontend/src/App.tsx": {"lines":{"total":2,"covered":2,"skipped":0,"pct":100},"functions":{"total":1,"covered":1,"skipped":0,"pct":100},"statements":{"total":2,"covered":2,"skipped":0,"pct":100},"branches":{"total":0,"covered":0,"skipped":0,"pct":100}}
,"/Users/christofferfriman/CODE_PROJECTS/SCHOOL_WORK/typescript_and_test/labb3/stories_app/frontend/src/components/layout/Footer.tsx": {"lines":{"total":12,"covered":12,"skipped":0,"pct":100},"functions":{"total":6,"covered":6,"skipped":0,"pct":100},"statements":{"total":12,"covered":12,"skipped":0,"pct":100},"branches":{"total":0,"covered":0,"skipped":0,"pct":100}}
,"/Users/christofferfriman/CODE_PROJECTS/SCHOOL_WORK/typescript_and_test/labb3/stories_app/frontend/src/components/layout/Header.tsx": {"lines":{"total":7,"covered":5,"skipped":0,"pct":71.42},"functions":{"total":3,"covered":1,"skipped":0,"pct":33.33},"statements":{"total":7,"covered":5,"skipped":0,"pct":71.42},"branches":{"total":0,"covered":0,"skipped":0,"pct":100}}
,"/Users/christofferfriman/CODE_PROJECTS/SCHOOL_WORK/typescript_and_test/labb3/stories_app/frontend/src/components/layout/Layout.tsx": {"lines":{"total":12,"covered":9,"skipped":0,"pct":75},"functions":{"total":6,"covered":3,"skipped":0,"pct":50},"statements":{"total":12,"covered":9,"skipped":0,"pct":75},"branches":{"total":0,"covered":0,"skipped":0,"pct":100}}
,"/Users/christofferfriman/CODE_PROJECTS/SCHOOL_WORK/typescript_and_test/labb3/stories_app/frontend/src/components/navbar/Navbar.tsx": {"lines":{"total":26,"covered":12,"skipped":0,"pct":46.15},"functions":{"total":14,"covered":2,"skipped":0,"pct":14.28},"statements":{"total":26,"covered":12,"skipped":0,"pct":46.15},"branches":{"total":8,"covered":4,"skipped":0,"pct":50}}
,"/Users/christofferfriman/CODE_PROJECTS/SCHOOL_WORK/typescript_and_test/labb3/stories_app/frontend/src/components/post/CreatePost.tsx": {"lines":{"total":56,"covered":23,"skipped":0,"pct":41.07},"functions":{"total":23,"covered":1,"skipped":0,"pct":4.34},"statements":{"total":57,"covered":24,"skipped":0,"pct":42.1},"branches":{"total":14,"covered":1,"skipped":0,"pct":7.14}}
,"/Users/christofferfriman/CODE_PROJECTS/SCHOOL_WORK/typescript_and_test/labb3/stories_app/frontend/src/components/post/EditPost.tsx": {"lines":{"total":49,"covered":23,"skipped":0,"pct":46.93},"functions":{"total":24,"covered":2,"skipped":0,"pct":8.33},"statements":{"total":50,"covered":24,"skipped":0,"pct":48},"branches":{"total":20,"covered":4,"skipped":0,"pct":20}}
,"/Users/christofferfriman/CODE_PROJECTS/SCHOOL_WORK/typescript_and_test/labb3/stories_app/frontend/src/components/profile/ChangePassword.tsx": {"lines":{"total":36,"covered":18,"skipped":0,"pct":50},"functions":{"total":15,"covered":1,"skipped":0,"pct":6.66},"statements":{"total":37,"covered":19,"skipped":0,"pct":51.35},"branches":{"total":12,"covered":3,"skipped":0,"pct":25}}
,"/Users/christofferfriman/CODE_PROJECTS/SCHOOL_WORK/typescript_and_test/labb3/stories_app/frontend/src/components/profile/EditProfile.tsx": {"lines":{"total":46,"covered":22,"skipped":0,"pct":47.82},"functions":{"total":20,"covered":2,"skipped":0,"pct":10},"statements":{"total":47,"covered":23,"skipped":0,"pct":48.93},"branches":{"total":14,"covered":4,"skipped":0,"pct":28.57}}
,"/Users/christofferfriman/CODE_PROJECTS/SCHOOL_WORK/typescript_and_test/labb3/stories_app/frontend/src/context/alertContext.tsx": {"lines":{"total":13,"covered":9,"skipped":0,"pct":69.23},"functions":{"total":4,"covered":2,"skipped":0,"pct":50},"statements":{"total":13,"covered":9,"skipped":0,"pct":69.23},"branches":{"total":4,"covered":2,"skipped":0,"pct":50}}
,"/Users/christofferfriman/CODE_PROJECTS/SCHOOL_WORK/typescript_and_test/labb3/stories_app/frontend/src/context/authContext.tsx": {"lines":{"total":27,"covered":15,"skipped":0,"pct":55.55},"functions":{"total":5,"covered":3,"skipped":0,"pct":60},"statements":{"total":27,"covered":15,"skipped":0,"pct":55.55},"branches":{"total":4,"covered":2,"skipped":0,"pct":50}}
,"/Users/christofferfriman/CODE_PROJECTS/SCHOOL_WORK/typescript_and_test/labb3/stories_app/frontend/src/context/modalContext.tsx": {"lines":{"total":30,"covered":21,"skipped":0,"pct":70},"functions":{"total":10,"covered":2,"skipped":0,"pct":20},"statements":{"total":34,"covered":21,"skipped":0,"pct":61.76},"branches":{"total":2,"covered":1,"skipped":0,"pct":50}}
,"/Users/christofferfriman/CODE_PROJECTS/SCHOOL_WORK/typescript_and_test/labb3/stories_app/frontend/src/hooks/usePost.ts": {"lines":{"total":52,"covered":9,"skipped":0,"pct":17.3},"functions":{"total":27,"covered":4,"skipped":0,"pct":14.81},"statements":{"total":52,"covered":9,"skipped":0,"pct":17.3},"branches":{"total":4,"covered":0,"skipped":0,"pct":0}}
,"/Users/christofferfriman/CODE_PROJECTS/SCHOOL_WORK/typescript_and_test/labb3/stories_app/frontend/src/hooks/useProfile.ts": {"lines":{"total":28,"covered":4,"skipped":0,"pct":14.28},"functions":{"total":18,"covered":2,"skipped":0,"pct":11.11},"statements":{"total":28,"covered":4,"skipped":0,"pct":14.28},"branches":{"total":0,"covered":0,"skipped":0,"pct":100}}
,"/Users/christofferfriman/CODE_PROJECTS/SCHOOL_WORK/typescript_and_test/labb3/stories_app/frontend/src/routes/AuthenticatedRoutes.tsx": {"lines":{"total":7,"covered":6,"skipped":0,"pct":85.71},"functions":{"total":4,"covered":1,"skipped":0,"pct":25},"statements":{"total":10,"covered":6,"skipped":0,"pct":60},"branches":{"total":4,"covered":3,"skipped":0,"pct":75}}
,"/Users/christofferfriman/CODE_PROJECTS/SCHOOL_WORK/typescript_and_test/labb3/stories_app/frontend/src/routes/PublicRoute.tsx": {"lines":{"total":9,"covered":7,"skipped":0,"pct":77.77},"functions":{"total":4,"covered":1,"skipped":0,"pct":25},"statements":{"total":12,"covered":7,"skipped":0,"pct":58.33},"branches":{"total":4,"covered":2,"skipped":0,"pct":50}}
,"/Users/christofferfriman/CODE_PROJECTS/SCHOOL_WORK/typescript_and_test/labb3/stories_app/frontend/src/routes/RouterConfig.tsx": {"lines":{"total":4,"covered":4,"skipped":0,"pct":100},"functions":{"total":3,"covered":0,"skipped":0,"pct":0},"statements":{"total":7,"covered":4,"skipped":0,"pct":57.14},"branches":{"total":0,"covered":0,"skipped":0,"pct":100}}
,"/Users/christofferfriman/CODE_PROJECTS/SCHOOL_WORK/typescript_and_test/labb3/stories_app/frontend/src/services/authService.ts": {"lines":{"total":18,"covered":9,"skipped":0,"pct":50},"functions":{"total":5,"covered":3,"skipped":0,"pct":60},"statements":{"total":18,"covered":9,"skipped":0,"pct":50},"branches":{"total":12,"covered":1,"skipped":0,"pct":8.33}}
,"/Users/christofferfriman/CODE_PROJECTS/SCHOOL_WORK/typescript_and_test/labb3/stories_app/frontend/src/styles/globalStyle.ts": {"lines":{"total":5,"covered":5,"skipped":0,"pct":100},"functions":{"total":4,"covered":4,"skipped":0,"pct":100},"statements":{"total":5,"covered":5,"skipped":0,"pct":100},"branches":{"total":0,"covered":0,"skipped":0,"pct":100}}
,"/Users/christofferfriman/CODE_PROJECTS/SCHOOL_WORK/typescript_and_test/labb3/stories_app/frontend/src/styles/muiTheme.ts": {"lines":{"total":1,"covered":1,"skipped":0,"pct":100},"functions":{"total":0,"covered":0,"skipped":0,"pct":100},"statements":{"total":1,"covered":1,"skipped":0,"pct":100},"branches":{"total":0,"covered":0,"skipped":0,"pct":100}}
,"/Users/christofferfriman/CODE_PROJECTS/SCHOOL_WORK/typescript_and_test/labb3/stories_app/frontend/src/styles/theme.ts": {"lines":{"total":1,"covered":1,"skipped":0,"pct":100},"functions":{"total":0,"covered":0,"skipped":0,"pct":100},"statements":{"total":1,"covered":1,"skipped":0,"pct":100},"branches":{"total":0,"covered":0,"skipped":0,"pct":100}}
,"/Users/christofferfriman/CODE_PROJECTS/SCHOOL_WORK/typescript_and_test/labb3/stories_app/frontend/src/ui/Error.tsx": {"lines":{"total":8,"covered":4,"skipped":0,"pct":50},"functions":{"total":4,"covered":0,"skipped":0,"pct":0},"statements":{"total":8,"covered":4,"skipped":0,"pct":50},"branches":{"total":1,"covered":0,"skipped":0,"pct":0}}
,"/Users/christofferfriman/CODE_PROJECTS/SCHOOL_WORK/typescript_and_test/labb3/stories_app/frontend/src/ui/Loading.tsx": {"lines":{"total":7,"covered":3,"skipped":0,"pct":42.85},"functions":{"total":4,"covered":0,"skipped":0,"pct":0},"statements":{"total":7,"covered":3,"skipped":0,"pct":42.85},"branches":{"total":1,"covered":0,"skipped":0,"pct":0}}
,"/Users/christofferfriman/CODE_PROJECTS/SCHOOL_WORK/typescript_and_test/labb3/stories_app/frontend/src/validation/schema.ts": {"lines":{"total":7,"covered":5,"skipped":0,"pct":71.42},"functions":{"total":2,"covered":0,"skipped":0,"pct":0},"statements":{"total":7,"covered":5,"skipped":0,"pct":71.42},"branches":{"total":0,"covered":0,"skipped":0,"pct":100}}
}
