TN:
SF:src/App.tsx
FN:17,App
FNF:1
FNH:1
FNDA:8,App
DA:15,4
DA:18,8
LF:2
LH:2
BRF:0
BRH:0
end_of_record
TN:
SF:src/components/layout/Footer.tsx
FN:6,(anonymous_0)
FN:7,(anonymous_1)
FN:26,(anonymous_2)
FN:36,(anonymous_3)
FN:42,(anonymous_4)
FN:46,(anonymous_5)
FNF:6
FNH:6
FNDA:8,(anonymous_0)
FNDA:8,(anonymous_1)
FNDA:8,(anonymous_2)
FNDA:24,(anonymous_3)
FNDA:24,(anonymous_4)
FNDA:8,(anonymous_5)
DA:4,4
DA:6,8
DA:7,8
DA:10,4
DA:25,4
DA:26,8
DA:30,4
DA:35,4
DA:36,24
DA:42,24
DA:46,4
DA:47,8
LF:12
LH:12
BRF:0
BRH:0
end_of_record
TN:
SF:src/components/layout/Header.tsx
FN:15,(anonymous_0)
FN:18,(anonymous_1)
FN:22,(anonymous_2)
FNF:3
FNH:1
FNDA:8,(anonymous_0)
FNDA:0,(anonymous_1)
FNDA:0,(anonymous_2)
DA:15,4
DA:16,8
DA:18,8
DA:19,0
DA:22,8
DA:23,0
DA:26,8
LF:7
LH:5
BRF:0
BRH:0
end_of_record
TN:
SF:src/components/layout/Layout.tsx
FN:26,(anonymous_0)
FN:38,(anonymous_1)
FN:46,(anonymous_2)
FN:63,(anonymous_3)
FN:74,(anonymous_4)
FN:78,(anonymous_5)
FNF:6
FNH:3
FNDA:8,(anonymous_0)
FNDA:8,(anonymous_1)
FNDA:8,(anonymous_2)
FNDA:0,(anonymous_3)
FNDA:0,(anonymous_4)
FNDA:0,(anonymous_5)
DA:14,4
DA:20,4
DA:26,8
DA:34,4
DA:38,8
DA:43,4
DA:46,4
DA:57,8
DA:58,8
DA:63,0
DA:74,0
DA:78,0
LF:12
LH:9
BRF:0
BRH:0
end_of_record
TN:
SF:src/components/navbar/Navbar.tsx
FN:7,(anonymous_0)
FN:13,(anonymous_1)
FN:18,(anonymous_2)
FN:34,(anonymous_3)
FN:41,(anonymous_4)
FN:46,(anonymous_5)
FN:57,(anonymous_6)
FN:64,(anonymous_7)
FN:104,(anonymous_8)
FN:107,(anonymous_9)
FN:110,(anonymous_10)
FN:118,(anonymous_11)
FN:125,(anonymous_12)
FN:132,(anonymous_13)
FNF:14
FNH:2
FNDA:172,(anonymous_0)
FNDA:0,(anonymous_1)
FNDA:0,(anonymous_2)
FNDA:172,(anonymous_3)
FNDA:0,(anonymous_4)
FNDA:0,(anonymous_5)
FNDA:0,(anonymous_6)
FNDA:0,(anonymous_7)
FNDA:0,(anonymous_8)
FNDA:0,(anonymous_9)
FNDA:0,(anonymous_10)
FNDA:0,(anonymous_11)
FNDA:0,(anonymous_12)
FNDA:0,(anonymous_13)
DA:7,4
DA:8,172
DA:9,172
DA:10,172
DA:11,172
DA:13,172
DA:14,0
DA:15,0
DA:18,172
DA:19,0
DA:23,172
DA:34,172
DA:35,172
DA:36,0
DA:41,0
DA:46,0
DA:57,0
DA:64,0
DA:100,172
DA:104,0
DA:107,0
DA:110,0
DA:118,0
DA:125,0
DA:132,0
DA:149,172
LF:26
LH:12
BRDA:35,0,0,0
BRDA:35,0,1,172
BRDA:35,1,0,172
BRDA:35,1,1,172
BRDA:38,2,0,0
BRDA:38,2,1,0
BRDA:102,3,0,0
BRDA:102,3,1,172
BRF:8
BRH:4
end_of_record
TN:
SF:src/components/post/CreatePost.tsx
FN:28,(anonymous_0)
FN:40,(anonymous_1)
FN:58,(anonymous_2)
FN:59,(anonymous_3)
FN:60,(anonymous_4)
FN:65,(anonymous_5)
FN:70,(anonymous_6)
FN:71,(anonymous_7)
FN:77,(anonymous_8)
FN:78,(anonymous_9)
FN:79,(anonymous_10)
FN:83,(anonymous_11)
FN:90,(anonymous_12)
FN:91,(anonymous_13)
FN:92,(anonymous_14)
FN:98,(anonymous_15)
FN:122,(anonymous_16)
FN:123,(anonymous_17)
FN:127,(anonymous_18)
FN:131,(anonymous_19)
FN:143,(anonymous_20)
FN:182,(anonymous_21)
FN:214,(anonymous_22)
FNF:23
FNH:1
FNDA:0,(anonymous_0)
FNDA:0,(anonymous_1)
FNDA:0,(anonymous_2)
FNDA:0,(anonymous_3)
FNDA:0,(anonymous_4)
FNDA:0,(anonymous_5)
FNDA:0,(anonymous_6)
FNDA:0,(anonymous_7)
FNDA:0,(anonymous_8)
FNDA:0,(anonymous_9)
FNDA:0,(anonymous_10)
FNDA:0,(anonymous_11)
FNDA:0,(anonymous_12)
FNDA:0,(anonymous_13)
FNDA:0,(anonymous_14)
FNDA:0,(anonymous_15)
FNDA:0,(anonymous_16)
FNDA:0,(anonymous_17)
FNDA:0,(anonymous_18)
FNDA:92,(anonymous_19)
FNDA:0,(anonymous_20)
FNDA:0,(anonymous_21)
FNDA:0,(anonymous_22)
DA:14,4
DA:27,4
DA:28,0
DA:36,4
DA:40,0
DA:43,4
DA:49,4
DA:55,4
DA:58,0
DA:59,0
DA:60,0
DA:65,0
DA:69,4
DA:70,0
DA:71,0
DA:74,4
DA:77,0
DA:78,0
DA:79,0
DA:83,0
DA:87,4
DA:90,0
DA:91,0
DA:92,0
DA:98,0
DA:102,4
DA:108,4
DA:121,4
DA:122,0
DA:123,0
DA:126,4
DA:127,0
DA:131,4
DA:135,92
DA:136,92
DA:137,92
DA:138,92
DA:139,92
DA:141,92
DA:143,92
DA:144,0
DA:146,0
DA:147,0
DA:148,0
DA:149,0
DA:150,0
DA:152,0
DA:153,0
DA:155,0
DA:158,0
DA:159,0
DA:168,92
DA:177,92
DA:179,0
DA:182,0
DA:215,0
LF:56
LH:23
BRDA:152,0,0,0
BRDA:152,0,1,0
BRDA:177,1,0,92
BRDA:177,1,1,0
BRDA:193,2,0,0
BRDA:193,2,1,0
BRDA:202,3,0,0
BRDA:202,3,1,0
BRDA:214,4,0,0
BRDA:214,4,1,0
BRDA:224,5,0,0
BRDA:224,5,1,0
BRDA:240,6,0,0
BRDA:240,6,1,0
BRF:14
BRH:1
end_of_record
TN:
SF:src/components/post/EditPost.tsx
FN:25,(anonymous_0)
FN:37,(anonymous_1)
FN:55,(anonymous_2)
FN:56,(anonymous_3)
FN:57,(anonymous_4)
FN:61,(anonymous_5)
FN:68,(anonymous_6)
FN:69,(anonymous_7)
FN:70,(anonymous_8)
FN:76,(anonymous_9)
FN:83,(anonymous_10)
FN:84,(anonymous_11)
FN:85,(anonymous_12)
FN:90,(anonymous_13)
FN:114,(anonymous_14)
FN:115,(anonymous_15)
FN:119,(anonymous_16)
FN:123,(anonymous_17)
FN:144,(anonymous_18)
FN:154,(anonymous_19)
FN:156,(anonymous_20)
FN:161,(anonymous_21)
FN:171,(anonymous_22)
FN:197,(anonymous_23)
FNF:24
FNH:2
FNDA:0,(anonymous_0)
FNDA:0,(anonymous_1)
FNDA:0,(anonymous_2)
FNDA:0,(anonymous_3)
FNDA:0,(anonymous_4)
FNDA:0,(anonymous_5)
FNDA:0,(anonymous_6)
FNDA:0,(anonymous_7)
FNDA:0,(anonymous_8)
FNDA:0,(anonymous_9)
FNDA:0,(anonymous_10)
FNDA:0,(anonymous_11)
FNDA:0,(anonymous_12)
FNDA:0,(anonymous_13)
FNDA:0,(anonymous_14)
FNDA:0,(anonymous_15)
FNDA:0,(anonymous_16)
FNDA:14,(anonymous_17)
FNDA:8,(anonymous_18)
FNDA:0,(anonymous_19)
FNDA:0,(anonymous_20)
FNDA:0,(anonymous_21)
FNDA:0,(anonymous_22)
FNDA:0,(anonymous_23)
DA:11,4
DA:24,4
DA:25,0
DA:33,4
DA:37,0
DA:40,4
DA:46,4
DA:52,4
DA:55,0
DA:56,0
DA:57,0
DA:61,0
DA:65,4
DA:68,0
DA:69,0
DA:70,0
DA:76,0
DA:80,4
DA:83,0
DA:84,0
DA:85,0
DA:90,0
DA:94,4
DA:100,4
DA:113,4
DA:114,0
DA:115,0
DA:118,4
DA:119,0
DA:123,4
DA:124,14
DA:125,14
DA:126,14
DA:127,14
DA:128,14
DA:135,14
DA:144,14
DA:145,8
DA:146,0
DA:154,14
DA:155,0
DA:157,0
DA:158,0
DA:159,0
DA:162,0
DA:167,14
DA:169,0
DA:171,0
DA:198,0
LF:49
LH:23
BRDA:127,0,0,14
BRDA:127,0,1,14
BRDA:145,1,0,0
BRDA:145,1,1,8
BRDA:147,2,0,0
BRDA:147,2,1,0
BRDA:148,3,0,0
BRDA:148,3,1,0
BRDA:149,4,0,0
BRDA:149,4,1,0
BRDA:167,5,0,14
BRDA:167,5,1,0
BRDA:180,6,0,0
BRDA:180,6,1,0
BRDA:189,7,0,0
BRDA:189,7,1,0
BRDA:203,8,0,0
BRDA:203,8,1,0
BRDA:219,9,0,0
BRDA:219,9,1,0
BRF:20
BRH:4
end_of_record
TN:
SF:src/components/profile/ChangePassword.tsx
FN:25,(anonymous_0)
FN:37,(anonymous_1)
FN:53,(anonymous_2)
FN:60,(anonymous_3)
FN:61,(anonymous_4)
FN:62,(anonymous_5)
FN:66,(anonymous_6)
FN:96,(anonymous_7)
FN:97,(anonymous_8)
FN:101,(anonymous_9)
FN:110,(anonymous_10)
FN:132,(anonymous_11)
FN:134,(anonymous_12)
FN:139,(anonymous_13)
FN:152,(anonymous_14)
FNF:15
FNH:1
FNDA:0,(anonymous_0)
FNDA:0,(anonymous_1)
FNDA:0,(anonymous_2)
FNDA:0,(anonymous_3)
FNDA:0,(anonymous_4)
FNDA:0,(anonymous_5)
FNDA:0,(anonymous_6)
FNDA:0,(anonymous_7)
FNDA:0,(anonymous_8)
FNDA:0,(anonymous_9)
FNDA:8,(anonymous_10)
FNDA:0,(anonymous_11)
FNDA:0,(anonymous_12)
FNDA:0,(anonymous_13)
FNDA:0,(anonymous_14)
DA:11,4
DA:24,4
DA:25,0
DA:33,4
DA:37,0
DA:40,4
DA:46,4
DA:52,4
DA:53,0
DA:57,4
DA:60,0
DA:61,0
DA:62,0
DA:66,0
DA:70,4
DA:77,4
DA:95,4
DA:96,0
DA:97,0
DA:100,4
DA:101,0
DA:110,4
DA:114,8
DA:115,8
DA:116,8
DA:123,8
DA:132,8
DA:133,0
DA:135,0
DA:136,0
DA:137,0
DA:140,0
DA:141,0
DA:146,8
DA:148,0
DA:152,0
LF:36
LH:18
BRDA:116,0,0,8
BRDA:116,0,1,8
BRDA:146,1,0,8
BRDA:146,1,1,0
BRDA:164,2,0,0
BRDA:164,2,1,0
BRDA:180,3,0,0
BRDA:180,3,1,0
BRDA:196,4,0,0
BRDA:196,4,1,0
BRDA:217,5,0,0
BRDA:217,5,1,0
BRF:12
BRH:3
end_of_record
TN:
SF:src/components/profile/EditProfile.tsx
FN:26,(anonymous_0)
FN:38,(anonymous_1)
FN:54,(anonymous_2)
FN:61,(anonymous_3)
FN:62,(anonymous_4)
FN:63,(anonymous_5)
FN:67,(anonymous_6)
FN:74,(anonymous_7)
FN:75,(anonymous_8)
FN:76,(anonymous_9)
FN:82,(anonymous_10)
FN:112,(anonymous_11)
FN:113,(anonymous_12)
FN:117,(anonymous_13)
FN:121,(anonymous_14)
FN:141,(anonymous_15)
FN:151,(anonymous_16)
FN:154,(anonymous_17)
FN:159,(anonymous_18)
FN:171,(anonymous_19)
FNF:20
FNH:2
FNDA:0,(anonymous_0)
FNDA:0,(anonymous_1)
FNDA:0,(anonymous_2)
FNDA:0,(anonymous_3)
FNDA:0,(anonymous_4)
FNDA:0,(anonymous_5)
FNDA:0,(anonymous_6)
FNDA:0,(anonymous_7)
FNDA:0,(anonymous_8)
FNDA:0,(anonymous_9)
FNDA:0,(anonymous_10)
FNDA:0,(anonymous_11)
FNDA:0,(anonymous_12)
FNDA:0,(anonymous_13)
FNDA:8,(anonymous_14)
FNDA:8,(anonymous_15)
FNDA:0,(anonymous_16)
FNDA:0,(anonymous_17)
FNDA:0,(anonymous_18)
FNDA:0,(anonymous_19)
DA:12,4
DA:25,4
DA:26,0
DA:34,4
DA:38,0
DA:41,4
DA:47,4
DA:53,4
DA:54,0
DA:58,4
DA:61,0
DA:62,0
DA:63,0
DA:67,0
DA:71,4
DA:74,0
DA:75,0
DA:76,0
DA:82,0
DA:86,4
DA:93,4
DA:111,4
DA:112,0
DA:113,0
DA:116,4
DA:117,0
DA:121,4
DA:122,8
DA:123,8
DA:124,8
DA:125,8
DA:132,8
DA:141,8
DA:142,8
DA:143,0
DA:151,8
DA:152,0
DA:153,0
DA:155,0
DA:156,0
DA:157,0
DA:160,0
DA:161,0
DA:166,8
DA:167,0
DA:171,0
LF:46
LH:22
BRDA:125,0,0,8
BRDA:125,0,1,8
BRDA:142,1,0,0
BRDA:142,1,1,8
BRDA:166,2,0,8
BRDA:166,2,1,0
BRDA:182,3,0,0
BRDA:182,3,1,0
BRDA:198,4,0,0
BRDA:198,4,1,0
BRDA:211,5,0,0
BRDA:211,5,1,0
BRDA:228,6,0,0
BRDA:228,6,1,0
BRF:14
BRH:4
end_of_record
TN:
SF:src/context/alertContext.tsx
FN:7,(anonymous_0)
FN:12,(anonymous_1)
FN:14,(anonymous_2)
FN:42,(anonymous_3)
FNF:4
FNH:2
FNDA:8,(anonymous_0)
FNDA:0,(anonymous_1)
FNDA:0,(anonymous_2)
FNDA:122,(anonymous_3)
DA:5,4
DA:7,4
DA:10,8
DA:12,8
DA:13,0
DA:14,0
DA:15,0
DA:19,8
DA:42,4
DA:43,122
DA:44,122
DA:45,0
DA:47,122
LF:13
LH:9
BRDA:22,0,0,8
BRDA:22,0,1,0
BRDA:44,1,0,0
BRDA:44,1,1,122
BRF:4
BRH:2
end_of_record
TN:
SF:src/context/authContext.tsx
FN:21,(anonymous_0)
FN:29,(anonymous_1)
FN:38,(anonymous_2)
FN:43,(anonymous_3)
FN:52,(anonymous_4)
FNF:5
FNH:3
FNDA:358,(anonymous_0)
FNDA:8,(anonymous_1)
FNDA:8,(anonymous_2)
FNDA:0,(anonymous_3)
FNDA:0,(anonymous_4)
DA:19,4
DA:21,4
DA:22,358
DA:23,358
DA:24,0
DA:26,358
DA:29,4
DA:32,8
DA:33,8
DA:36,8
DA:38,8
DA:39,8
DA:40,8
DA:43,8
DA:44,0
DA:45,0
DA:46,0
DA:47,0
DA:48,0
DA:49,0
DA:52,8
DA:53,0
DA:54,0
DA:55,0
DA:56,0
DA:57,0
DA:60,8
LF:27
LH:15
BRDA:23,0,0,0
BRDA:23,0,1,358
BRDA:40,1,0,0
BRDA:40,1,1,8
BRF:4
BRH:2
end_of_record
TN:
SF:src/context/modalContext.tsx
FN:7,(anonymous_0)
FN:19,(anonymous_1)
FN:20,(anonymous_2)
FN:24,(anonymous_3)
FN:25,(anonymous_4)
FN:30,(anonymous_5)
FN:34,(anonymous_6)
FN:41,(anonymous_7)
FN:42,(anonymous_8)
FN:68,(anonymous_9)
FNF:10
FNH:2
FNDA:8,(anonymous_0)
FNDA:0,(anonymous_1)
FNDA:0,(anonymous_2)
FNDA:0,(anonymous_3)
FNDA:0,(anonymous_4)
FNDA:0,(anonymous_5)
FNDA:0,(anonymous_6)
FNDA:0,(anonymous_7)
FNDA:0,(anonymous_8)
FNDA:30,(anonymous_9)
DA:5,4
DA:7,4
DA:10,8
DA:11,8
DA:12,8
DA:14,8
DA:15,8
DA:19,8
DA:20,8
DA:21,0
DA:22,0
DA:24,8
DA:25,8
DA:26,0
DA:27,0
DA:30,8
DA:31,0
DA:32,0
DA:34,8
DA:35,0
DA:36,0
DA:40,8
DA:41,8
DA:42,8
DA:44,8
DA:68,4
DA:69,30
DA:70,30
DA:71,0
DA:73,30
LF:30
LH:21
BRDA:70,0,0,0
BRDA:70,0,1,30
BRF:2
BRH:1
end_of_record
TN:
SF:src/hooks/usePost.ts
FN:15,(anonymous_0)
FN:20,(anonymous_1)
FN:24,(anonymous_2)
FN:28,(anonymous_3)
FN:31,(anonymous_4)
FN:34,(anonymous_5)
FN:41,(anonymous_6)
FN:47,usePosts
FN:54,usePost
FN:57,(anonymous_9)
FN:58,(anonymous_10)
FN:62,useDeletePost
FN:72,(anonymous_12)
FN:73,(anonymous_13)
FN:82,(anonymous_14)
FN:88,(anonymous_15)
FN:97,useCreatePost
FN:101,(anonymous_17)
FN:102,(anonymous_18)
FN:106,(anonymous_19)
FN:113,useEditPost
FN:116,(anonymous_21)
FN:117,(anonymous_22)
FN:122,(anonymous_23)
FN:128,useCategories
FN:135,useProfile
FN:138,(anonymous_26)
FNF:27
FNH:4
FNDA:0,(anonymous_0)
FNDA:0,(anonymous_1)
FNDA:0,(anonymous_2)
FNDA:0,(anonymous_3)
FNDA:0,(anonymous_4)
FNDA:4,(anonymous_5)
FNDA:0,(anonymous_6)
FNDA:0,usePosts
FNDA:0,usePost
FNDA:0,(anonymous_9)
FNDA:0,(anonymous_10)
FNDA:0,useDeletePost
FNDA:0,(anonymous_12)
FNDA:0,(anonymous_13)
FNDA:0,(anonymous_14)
FNDA:0,(anonymous_15)
FNDA:92,useCreatePost
FNDA:0,(anonymous_17)
FNDA:0,(anonymous_18)
FNDA:0,(anonymous_19)
FNDA:14,useEditPost
FNDA:0,(anonymous_21)
FNDA:0,(anonymous_22)
FNDA:0,(anonymous_23)
FNDA:106,useCategories
FNDA:0,useProfile
FNDA:0,(anonymous_26)
DA:14,4
DA:16,0
DA:17,0
DA:21,0
DA:22,0
DA:25,0
DA:26,0
DA:29,0
DA:32,0
DA:35,4
DA:36,3
DA:40,4
DA:42,0
DA:43,0
DA:48,0
DA:55,0
DA:57,0
DA:58,0
DA:67,0
DA:68,0
DA:69,0
DA:71,0
DA:72,0
DA:74,0
DA:75,0
DA:76,0
DA:77,0
DA:78,0
DA:80,0
DA:83,0
DA:84,0
DA:88,0
DA:89,0
DA:90,0
DA:94,0
DA:98,92
DA:100,92
DA:101,0
DA:103,0
DA:104,0
DA:107,0
DA:108,0
DA:114,14
DA:115,14
DA:116,0
DA:118,0
DA:119,0
DA:120,0
DA:123,0
DA:129,106
DA:136,0
DA:138,0
LF:52
LH:9
BRDA:77,0,0,0
BRDA:77,0,1,0
BRDA:89,1,0,0
BRDA:89,1,1,0
BRF:4
BRH:0
end_of_record
TN:
SF:src/hooks/useProfile.ts
FN:6,(anonymous_0)
FN:10,(anonymous_1)
FN:13,(anonymous_2)
FN:16,(anonymous_3)
FN:21,useProfile
FN:24,(anonymous_5)
FN:28,useUpdateProfile
FN:31,(anonymous_7)
FN:32,(anonymous_8)
FN:40,(anonymous_9)
FN:46,useChangePassword
FN:48,(anonymous_11)
FN:49,(anonymous_12)
FN:52,(anonymous_13)
FN:58,useDeleteProfile
FN:61,(anonymous_15)
FN:62,(anonymous_16)
FN:67,(anonymous_17)
FNF:18
FNH:2
FNDA:0,(anonymous_0)
FNDA:0,(anonymous_1)
FNDA:0,(anonymous_2)
FNDA:0,(anonymous_3)
FNDA:0,useProfile
FNDA:0,(anonymous_5)
FNDA:8,useUpdateProfile
FNDA:0,(anonymous_7)
FNDA:0,(anonymous_8)
FNDA:0,(anonymous_9)
FNDA:8,useChangePassword
FNDA:0,(anonymous_11)
FNDA:0,(anonymous_12)
FNDA:0,(anonymous_13)
FNDA:0,useDeleteProfile
FNDA:0,(anonymous_15)
FNDA:0,(anonymous_16)
FNDA:0,(anonymous_17)
DA:5,4
DA:7,0
DA:8,0
DA:11,0
DA:14,0
DA:17,0
DA:22,0
DA:24,0
DA:29,8
DA:30,8
DA:31,0
DA:34,0
DA:35,0
DA:37,0
DA:38,0
DA:41,0
DA:47,8
DA:48,0
DA:50,0
DA:53,0
DA:59,0
DA:60,0
DA:61,0
DA:63,0
DA:64,0
DA:65,0
DA:68,0
DA:69,0
LF:28
LH:4
BRF:0
BRH:0
end_of_record
TN:
SF:src/routes/AuthenticatedRoutes.tsx
FN:7,(anonymous_0)
FN:8,(anonymous_1)
FN:9,(anonymous_2)
FN:11,AuthenticatedRoutes
FNF:4
FNH:1
FNDA:0,(anonymous_0)
FNDA:0,(anonymous_1)
FNDA:0,(anonymous_2)
FNDA:42,AuthenticatedRoutes
DA:7,4
DA:8,4
DA:9,4
DA:12,42
DA:14,42
DA:15,0
DA:66,42
LF:7
LH:6
BRDA:14,0,0,0
BRDA:14,0,1,42
BRDA:14,1,0,42
BRDA:14,1,1,42
BRF:4
BRH:3
end_of_record
TN:
SF:src/routes/PublicRoute.tsx
FN:6,(anonymous_0)
FN:7,(anonymous_1)
FN:8,(anonymous_2)
FN:10,PublicRoutes
FNF:4
FNH:1
FNDA:0,(anonymous_0)
FNDA:0,(anonymous_1)
FNDA:0,(anonymous_2)
FNDA:44,PublicRoutes
DA:6,4
DA:7,4
DA:8,4
DA:11,44
DA:13,44
DA:14,0
DA:17,44
DA:18,44
DA:21,0
LF:9
LH:7
BRDA:13,0,0,0
BRDA:13,0,1,44
BRDA:17,1,0,44
BRDA:17,1,1,0
BRF:4
BRH:2
end_of_record
TN:
SF:src/routes/RouterConfig.tsx
FN:7,(anonymous_0)
FN:8,(anonymous_1)
FN:9,(anonymous_2)
FNF:3
FNH:0
FNDA:0,(anonymous_0)
FNDA:0,(anonymous_1)
FNDA:0,(anonymous_2)
DA:7,4
DA:8,4
DA:9,4
DA:11,4
LF:4
LH:4
BRF:0
BRH:0
end_of_record
TN:
SF:src/services/authService.ts
FN:15,(anonymous_0)
FN:39,(anonymous_1)
FN:44,(anonymous_2)
FN:48,(anonymous_3)
FN:53,(anonymous_4)
FNF:5
FNH:3
FNDA:0,(anonymous_0)
FNDA:0,(anonymous_1)
FNDA:8,(anonymous_2)
FNDA:4,(anonymous_3)
FNDA:4,(anonymous_4)
DA:10,4
DA:14,4
DA:16,0
DA:17,0
DA:22,0
DA:23,0
DA:25,0
DA:27,0
DA:35,0
DA:40,0
DA:41,0
DA:45,8
DA:49,4
DA:53,4
DA:54,4
DA:55,4
DA:56,4
DA:58,4
LF:18
LH:9
BRDA:22,0,0,0
BRDA:22,0,1,0
BRDA:29,1,0,0
BRDA:29,1,1,0
BRDA:30,2,0,0
BRDA:30,2,1,0
BRDA:33,3,0,0
BRDA:33,3,1,0
BRDA:33,4,0,0
BRDA:33,4,1,0
BRDA:55,5,0,4
BRDA:55,5,1,0
BRF:12
BRH:1
end_of_record
TN:
SF:src/styles/globalStyle.ts
FN:11,(anonymous_0)
FN:12,(anonymous_1)
FN:13,(anonymous_2)
FN:18,(anonymous_3)
FNF:4
FNH:4
FNDA:8,(anonymous_0)
FNDA:8,(anonymous_1)
FNDA:8,(anonymous_2)
FNDA:8,(anonymous_3)
DA:3,4
DA:11,8
DA:12,8
DA:13,8
DA:18,8
LF:5
LH:5
BRF:0
BRH:0
end_of_record
TN:
SF:src/styles/muiTheme.ts
FNF:0
FNH:0
DA:4,4
LF:1
LH:1
BRF:0
BRH:0
end_of_record
TN:
SF:src/styles/theme.ts
FNF:0
FNH:0
DA:3,4
LF:1
LH:1
BRF:0
BRH:0
end_of_record
TN:
SF:src/ui/Error.tsx
FN:10,(anonymous_0)
FN:15,(anonymous_1)
FN:21,(anonymous_2)
FN:25,(anonymous_3)
FNF:4
FNH:0
FNDA:0,(anonymous_0)
FNDA:0,(anonymous_1)
FNDA:0,(anonymous_2)
FNDA:0,(anonymous_3)
DA:5,4
DA:10,0
DA:14,4
DA:15,0
DA:20,4
DA:21,0
DA:25,4
DA:28,0
LF:8
LH:4
BRDA:26,0,0,0
BRF:1
BRH:0
end_of_record
TN:
SF:src/ui/Loading.tsx
FN:10,(anonymous_0)
FN:14,(anonymous_1)
FN:15,(anonymous_2)
FN:32,(anonymous_3)
FNF:4
FNH:0
FNDA:0,(anonymous_0)
FNDA:0,(anonymous_1)
FNDA:0,(anonymous_2)
FNDA:0,(anonymous_3)
DA:5,4
DA:10,0
DA:13,4
DA:14,0
DA:15,0
DA:32,4
DA:33,0
LF:7
LH:3
BRDA:32,0,0,0
BRF:1
BRH:0
end_of_record
TN:
SF:src/validation/schema.ts
FN:25,(anonymous_0)
FN:53,(anonymous_1)
FNF:2
FNH:0
FNDA:0,(anonymous_0)
FNDA:0,(anonymous_1)
DA:4,4
DA:9,4
DA:25,0
DA:31,4
DA:37,4
DA:43,4
DA:53,0
LF:7
LH:5
BRF:0
BRH:0
end_of_record
