{
  "/Users/christofferfriman/CODE_PROJECTS/SCHOOL_WORK/typescript_and_test/labb3/stories_app/frontend/src/components/layout/Header.tsx": {
    "path": "/Users/christofferfriman/CODE_PROJECTS/SCHOOL_WORK/typescript_and_test/labb3/stories_app/frontend/src/components/layout/Header.tsx",
    "statementMap": {
      "0": {
        "start": {
          "line": 15,
          "column": 38
        },
        "end": {
          "line": 122,
          "column": 1
        }
      },
      "1": {
        "start": {
          "line": 16,
          "column": 40
        },
        "end": {
          "line": 16,
          "column": 74
        }
      },
      "2": {
        "start": {
          "line": 18,
          "column": 28
        },
        "end": {
          "line": 20,
          "column": 3
        }
      },
      "3": {
        "start": {
          "line": 19,
          "column": 4
        },
        "end": {
          "line": 19,
          "column": 40
        }
      },
      "4": {
        "start": {
          "line": 22,
          "column": 29
        },
        "end": {
          "line": 24,
          "column": 3
        }
      },
      "5": {
        "start": {
          "line": 23,
          "column": 4
        },
        "end": {
          "line": 23,
          "column": 25
        }
      },
      "6": {
        "start": {
          "line": 26,
          "column": 2
        },
        "end": {
          "line": 121,
          "column": 4
        }
      }
    },
    "fnMap": {
      "0": {
        "name": "(anonymous_0)",
        "decl": {
          "start": {
            "line": 15,
            "column": 38
          },
          "end": {
            "line": 15,
            "column": 39
          }
        },
        "loc": {
          "start": {
            "line": 15,
            "column": 56
          },
          "end": {
            "line": 122,
            "column": 1
          }
        },
        "line": 15
      },
      "1": {
        "name": "(anonymous_1)",
        "decl": {
          "start": {
            "line": 18,
            "column": 28
          },
          "end": {
            "line": 18,
            "column": 29
          }
        },
        "loc": {
          "start": {
            "line": 18,
            "column": 70
          },
          "end": {
            "line": 20,
            "column": 3
          }
        },
        "line": 18
      },
      "2": {
        "name": "(anonymous_2)",
        "decl": {
          "start": {
            "line": 22,
            "column": 29
          },
          "end": {
            "line": 22,
            "column": 30
          }
        },
        "loc": {
          "start": {
            "line": 22,
            "column": 35
          },
          "end": {
            "line": 24,
            "column": 3
          }
        },
        "line": 22
      }
    },
    "branchMap": {},
    "s": {
      "0": 6,
      "1": 12,
      "2": 12,
      "3": 0,
      "4": 12,
      "5": 0,
      "6": 12
    },
    "f": {
      "0": 12,
      "1": 0,
      "2": 0
    },
    "b": {},
    "_coverageSchema": "1a1c01bbd47fc00a2c39e90264f33305004495a9",
    "hash": "faf99d12d3111090a43859ddd68ad59a3e80e608"
  },
  "/Users/christofferfriman/CODE_PROJECTS/SCHOOL_WORK/typescript_and_test/labb3/stories_app/frontend/src/components/layout/Footer.tsx": {
    "path": "/Users/christofferfriman/CODE_PROJECTS/SCHOOL_WORK/typescript_and_test/labb3/stories_app/frontend/src/components/layout/Footer.tsx",
    "statementMap": {
      "0": {
        "start": {
          "line": 4,
          "column": 24
        },
        "end": {
          "line": 8,
          "column": 1
        }
      },
      "1": {
        "start": {
          "line": 6,
          "column": 31
        },
        "end": {
          "line": 6,
          "column": 54
        }
      },
      "2": {
        "start": {
          "line": 7,
          "column": 41
        },
        "end": {
          "line": 7,
          "column": 60
        }
      },
      "3": {
        "start": {
          "line": 10,
          "column": 22
        },
        "end": {
          "line": 23,
          "column": 1
        }
      },
      "4": {
        "start": {
          "line": 25,
          "column": 18
        },
        "end": {
          "line": 28,
          "column": 1
        }
      },
      "5": {
        "start": {
          "line": 26,
          "column": 26
        },
        "end": {
          "line": 26,
          "column": 52
        }
      },
      "6": {
        "start": {
          "line": 30,
          "column": 14
        },
        "end": {
          "line": 33,
          "column": 1
        }
      },
      "7": {
        "start": {
          "line": 35,
          "column": 19
        },
        "end": {
          "line": 44,
          "column": 1
        }
      },
      "8": {
        "start": {
          "line": 36,
          "column": 26
        },
        "end": {
          "line": 36,
          "column": 52
        }
      },
      "9": {
        "start": {
          "line": 42,
          "column": 28
        },
        "end": {
          "line": 42,
          "column": 48
        }
      },
      "10": {
        "start": {
          "line": 46,
          "column": 25
        },
        "end": {
          "line": 59,
          "column": 1
        }
      },
      "11": {
        "start": {
          "line": 47,
          "column": 2
        },
        "end": {
          "line": 58,
          "column": 4
        }
      }
    },
    "fnMap": {
      "0": {
        "name": "(anonymous_0)",
        "decl": {
          "start": {
            "line": 6,
            "column": 16
          },
          "end": {
            "line": 6,
            "column": 17
          }
        },
        "loc": {
          "start": {
            "line": 6,
            "column": 31
          },
          "end": {
            "line": 6,
            "column": 54
          }
        },
        "line": 6
      },
      "1": {
        "name": "(anonymous_1)",
        "decl": {
          "start": {
            "line": 7,
            "column": 26
          },
          "end": {
            "line": 7,
            "column": 27
          }
        },
        "loc": {
          "start": {
            "line": 7,
            "column": 41
          },
          "end": {
            "line": 7,
            "column": 60
          }
        },
        "line": 7
      },
      "2": {
        "name": "(anonymous_2)",
        "decl": {
          "start": {
            "line": 26,
            "column": 11
          },
          "end": {
            "line": 26,
            "column": 12
          }
        },
        "loc": {
          "start": {
            "line": 26,
            "column": 26
          },
          "end": {
            "line": 26,
            "column": 52
          }
        },
        "line": 26
      },
      "3": {
        "name": "(anonymous_3)",
        "decl": {
          "start": {
            "line": 36,
            "column": 11
          },
          "end": {
            "line": 36,
            "column": 12
          }
        },
        "loc": {
          "start": {
            "line": 36,
            "column": 26
          },
          "end": {
            "line": 36,
            "column": 52
          }
        },
        "line": 36
      },
      "4": {
        "name": "(anonymous_4)",
        "decl": {
          "start": {
            "line": 42,
            "column": 13
          },
          "end": {
            "line": 42,
            "column": 14
          }
        },
        "loc": {
          "start": {
            "line": 42,
            "column": 28
          },
          "end": {
            "line": 42,
            "column": 48
          }
        },
        "line": 42
      },
      "5": {
        "name": "(anonymous_5)",
        "decl": {
          "start": {
            "line": 46,
            "column": 25
          },
          "end": {
            "line": 46,
            "column": 26
          }
        },
        "loc": {
          "start": {
            "line": 46,
            "column": 31
          },
          "end": {
            "line": 59,
            "column": 1
          }
        },
        "line": 46
      }
    },
    "branchMap": {},
    "s": {
      "0": 6,
      "1": 12,
      "2": 12,
      "3": 6,
      "4": 6,
      "5": 12,
      "6": 6,
      "7": 6,
      "8": 36,
      "9": 36,
      "10": 6,
      "11": 12
    },
    "f": {
      "0": 12,
      "1": 12,
      "2": 12,
      "3": 36,
      "4": 36,
      "5": 12
    },
    "b": {},
    "_coverageSchema": "1a1c01bbd47fc00a2c39e90264f33305004495a9",
    "hash": "52906b7dd6b43806893774267ee88c48739ae115"
  },
  "/Users/christofferfriman/CODE_PROJECTS/SCHOOL_WORK/typescript_and_test/labb3/stories_app/frontend/src/services/authService.ts": {
    "path": "/Users/christofferfriman/CODE_PROJECTS/SCHOOL_WORK/typescript_and_test/labb3/stories_app/frontend/src/services/authService.ts",
    "statementMap": {
      "0": {
        "start": {
          "line": 10,
          "column": 12
        },
        "end": {
          "line": 12,
          "column": 2
        }
      },
      "1": {
        "start": {
          "line": 14,
          "column": 27
        },
        "end": {
          "line": 51,
          "column": 1
        }
      },
      "2": {
        "start": {
          "line": 16,
          "column": 4
        },
        "end": {
          "line": 36,
          "column": 5
        }
      },
      "3": {
        "start": {
          "line": 17,
          "column": 23
        },
        "end": {
          "line": 20,
          "column": 7
        }
      },
      "4": {
        "start": {
          "line": 22,
          "column": 6
        },
        "end": {
          "line": 24,
          "column": 7
        }
      },
      "5": {
        "start": {
          "line": 23,
          "column": 8
        },
        "end": {
          "line": 23,
          "column": 64
        }
      },
      "6": {
        "start": {
          "line": 25,
          "column": 6
        },
        "end": {
          "line": 25,
          "column": 27
        }
      },
      "7": {
        "start": {
          "line": 27,
          "column": 35
        },
        "end": {
          "line": 34,
          "column": 7
        }
      },
      "8": {
        "start": {
          "line": 35,
          "column": 6
        },
        "end": {
          "line": 35,
          "column": 22
        }
      },
      "9": {
        "start": {
          "line": 40,
          "column": 21
        },
        "end": {
          "line": 40,
          "column": 78
        }
      },
      "10": {
        "start": {
          "line": 41,
          "column": 4
        },
        "end": {
          "line": 41,
          "column": 25
        }
      },
      "11": {
        "start": {
          "line": 45,
          "column": 4
        },
        "end": {
          "line": 45,
          "column": 48
        }
      },
      "12": {
        "start": {
          "line": 49,
          "column": 4
        },
        "end": {
          "line": 49,
          "column": 46
        }
      },
      "13": {
        "start": {
          "line": 53,
          "column": 0
        },
        "end": {
          "line": 59,
          "column": 3
        }
      },
      "14": {
        "start": {
          "line": 54,
          "column": 16
        },
        "end": {
          "line": 54,
          "column": 38
        }
      },
      "15": {
        "start": {
          "line": 55,
          "column": 2
        },
        "end": {
          "line": 57,
          "column": 3
        }
      },
      "16": {
        "start": {
          "line": 56,
          "column": 4
        },
        "end": {
          "line": 56,
          "column": 53
        }
      },
      "17": {
        "start": {
          "line": 58,
          "column": 2
        },
        "end": {
          "line": 58,
          "column": 16
        }
      }
    },
    "fnMap": {
      "0": {
        "name": "(anonymous_0)",
        "decl": {
          "start": {
            "line": 15,
            "column": 9
          },
          "end": {
            "line": 15,
            "column": 10
          }
        },
        "loc": {
          "start": {
            "line": 15,
            "column": 68
          },
          "end": {
            "line": 37,
            "column": 3
          }
        },
        "line": 15
      },
      "1": {
        "name": "(anonymous_1)",
        "decl": {
          "start": {
            "line": 39,
            "column": 12
          },
          "end": {
            "line": 39,
            "column": 13
          }
        },
        "loc": {
          "start": {
            "line": 39,
            "column": 69
          },
          "end": {
            "line": 42,
            "column": 3
          }
        },
        "line": 39
      },
      "2": {
        "name": "(anonymous_2)",
        "decl": {
          "start": {
            "line": 44,
            "column": 19
          },
          "end": {
            "line": 44,
            "column": 20
          }
        },
        "loc": {
          "start": {
            "line": 44,
            "column": 34
          },
          "end": {
            "line": 46,
            "column": 3
          }
        },
        "line": 44
      },
      "3": {
        "name": "(anonymous_3)",
        "decl": {
          "start": {
            "line": 48,
            "column": 12
          },
          "end": {
            "line": 48,
            "column": 13
          }
        },
        "loc": {
          "start": {
            "line": 48,
            "column": 33
          },
          "end": {
            "line": 50,
            "column": 3
          }
        },
        "line": 48
      },
      "4": {
        "name": "(anonymous_4)",
        "decl": {
          "start": {
            "line": 53,
            "column": 29
          },
          "end": {
            "line": 53,
            "column": 30
          }
        },
        "loc": {
          "start": {
            "line": 53,
            "column": 41
          },
          "end": {
            "line": 59,
            "column": 1
          }
        },
        "line": 53
      }
    },
    "branchMap": {
      "0": {
        "loc": {
          "start": {
            "line": 22,
            "column": 6
          },
          "end": {
            "line": 24,
            "column": 7
          }
        },
        "type": "if",
        "locations": [
          {
            "start": {
              "line": 22,
              "column": 6
            },
            "end": {
              "line": 24,
              "column": 7
            }
          },
          {
            "start": {},
            "end": {}
          }
        ],
        "line": 22
      },
      "1": {
        "loc": {
          "start": {
            "line": 29,
            "column": 10
          },
          "end": {
            "line": 31,
            "column": 28
          }
        },
        "type": "cond-expr",
        "locations": [
          {
            "start": {
              "line": 30,
              "column": 14
            },
            "end": {
              "line": 30,
              "column": 61
            }
          },
          {
            "start": {
              "line": 31,
              "column": 14
            },
            "end": {
              "line": 31,
              "column": 28
            }
          }
        ],
        "line": 29
      },
      "2": {
        "loc": {
          "start": {
            "line": 30,
            "column": 14
          },
          "end": {
            "line": 30,
            "column": 61
          }
        },
        "type": "binary-expr",
        "locations": [
          {
            "start": {
              "line": 30,
              "column": 14
            },
            "end": {
              "line": 30,
              "column": 43
            }
          },
          {
            "start": {
              "line": 30,
              "column": 47
            },
            "end": {
              "line": 30,
              "column": 61
            }
          }
        ],
        "line": 30
      },
      "3": {
        "loc": {
          "start": {
            "line": 33,
            "column": 10
          },
          "end": {
            "line": 33,
            "column": 75
          }
        },
        "type": "cond-expr",
        "locations": [
          {
            "start": {
              "line": 33,
              "column": 40
            },
            "end": {
              "line": 33,
              "column": 69
            }
          },
          {
            "start": {
              "line": 33,
              "column": 72
            },
            "end": {
              "line": 33,
              "column": 75
            }
          }
        ],
        "line": 33
      },
      "4": {
        "loc": {
          "start": {
            "line": 33,
            "column": 40
          },
          "end": {
            "line": 33,
            "column": 69
          }
        },
        "type": "binary-expr",
        "locations": [
          {
            "start": {
              "line": 33,
              "column": 40
            },
            "end": {
              "line": 33,
              "column": 62
            }
          },
          {
            "start": {
              "line": 33,
              "column": 66
            },
            "end": {
              "line": 33,
              "column": 69
            }
          }
        ],
        "line": 33
      },
      "5": {
        "loc": {
          "start": {
            "line": 55,
            "column": 2
          },
          "end": {
            "line": 57,
            "column": 3
          }
        },
        "type": "if",
        "locations": [
          {
            "start": {
              "line": 55,
              "column": 2
            },
            "end": {
              "line": 57,
              "column": 3
            }
          },
          {
            "start": {},
            "end": {}
          }
        ],
        "line": 55
      }
    },
    "s": {
      "0": 6,
      "1": 6,
      "2": 3,
      "3": 3,
      "4": 3,
      "5": 3,
      "6": 3,
      "7": 0,
      "8": 0,
      "9": 0,
      "10": 0,
      "11": 18,
      "12": 15,
      "13": 6,
      "14": 15,
      "15": 15,
      "16": 9,
      "17": 15
    },
    "f": {
      "0": 3,
      "1": 0,
      "2": 18,
      "3": 15,
      "4": 15
    },
    "b": {
      "0": [
        3,
        0
      ],
      "1": [
        0,
        0
      ],
      "2": [
        0,
        0
      ],
      "3": [
        0,
        0
      ],
      "4": [
        0,
        0
      ],
      "5": [
        9,
        6
      ]
    },
    "_coverageSchema": "1a1c01bbd47fc00a2c39e90264f33305004495a9",
    "hash": "5f80b6bfd0f0bf9f95b38b80792855c28920206e"
  },
  "/Users/christofferfriman/CODE_PROJECTS/SCHOOL_WORK/typescript_and_test/labb3/stories_app/frontend/src/context/authContext.tsx": {
    "path": "/Users/christofferfriman/CODE_PROJECTS/SCHOOL_WORK/typescript_and_test/labb3/stories_app/frontend/src/context/authContext.tsx",
    "statementMap": {
      "0": {
        "start": {
          "line": 19,
          "column": 20
        },
        "end": {
          "line": 19,
          "column": 63
        }
      },
      "1": {
        "start": {
          "line": 21,
          "column": 23
        },
        "end": {
          "line": 27,
          "column": 1
        }
      },
      "2": {
        "start": {
          "line": 22,
          "column": 18
        },
        "end": {
          "line": 22,
          "column": 41
        }
      },
      "3": {
        "start": {
          "line": 23,
          "column": 2
        },
        "end": {
          "line": 25,
          "column": 3
        }
      },
      "4": {
        "start": {
          "line": 24,
          "column": 4
        },
        "end": {
          "line": 24,
          "column": 67
        }
      },
      "5": {
        "start": {
          "line": 26,
          "column": 2
        },
        "end": {
          "line": 26,
          "column": 17
        }
      },
      "6": {
        "start": {
          "line": 29,
          "column": 69
        },
        "end": {
          "line": 67,
          "column": 1
        }
      },
      "7": {
        "start": {
          "line": 32,
          "column": 22
        },
        "end": {
          "line": 32,
          "column": 38
        }
      },
      "8": {
        "start": {
          "line": 33,
          "column": 48
        },
        "end": {
          "line": 35,
          "column": 3
        }
      },
      "9": {
        "start": {
          "line": 36,
          "column": 36
        },
        "end": {
          "line": 36,
          "column": 51
        }
      },
      "10": {
        "start": {
          "line": 38,
          "column": 26
        },
        "end": {
          "line": 41,
          "column": 4
        }
      },
      "11": {
        "start": {
          "line": 39,
          "column": 21
        },
        "end": {
          "line": 39,
          "column": 54
        }
      },
      "12": {
        "start": {
          "line": 40,
          "column": 4
        },
        "end": {
          "line": 40,
          "column": 50
        }
      },
      "13": {
        "start": {
          "line": 43,
          "column": 16
        },
        "end": {
          "line": 50,
          "column": 3
        }
      },
      "14": {
        "start": {
          "line": 44,
          "column": 4
        },
        "end": {
          "line": 44,
          "column": 23
        }
      },
      "15": {
        "start": {
          "line": 45,
          "column": 4
        },
        "end": {
          "line": 45,
          "column": 46
        }
      },
      "16": {
        "start": {
          "line": 46,
          "column": 4
        },
        "end": {
          "line": 46,
          "column": 64
        }
      },
      "17": {
        "start": {
          "line": 47,
          "column": 4
        },
        "end": {
          "line": 47,
          "column": 22
        }
      },
      "18": {
        "start": {
          "line": 48,
          "column": 4
        },
        "end": {
          "line": 48,
          "column": 29
        }
      },
      "19": {
        "start": {
          "line": 49,
          "column": 4
        },
        "end": {
          "line": 49,
          "column": 24
        }
      },
      "20": {
        "start": {
          "line": 52,
          "column": 17
        },
        "end": {
          "line": 58,
          "column": 3
        }
      },
      "21": {
        "start": {
          "line": 53,
          "column": 4
        },
        "end": {
          "line": 53,
          "column": 42
        }
      },
      "22": {
        "start": {
          "line": 54,
          "column": 4
        },
        "end": {
          "line": 54,
          "column": 41
        }
      },
      "23": {
        "start": {
          "line": 55,
          "column": 4
        },
        "end": {
          "line": 55,
          "column": 24
        }
      },
      "24": {
        "start": {
          "line": 56,
          "column": 4
        },
        "end": {
          "line": 56,
          "column": 18
        }
      },
      "25": {
        "start": {
          "line": 57,
          "column": 4
        },
        "end": {
          "line": 57,
          "column": 30
        }
      },
      "26": {
        "start": {
          "line": 60,
          "column": 2
        },
        "end": {
          "line": 66,
          "column": 4
        }
      }
    },
    "fnMap": {
      "0": {
        "name": "(anonymous_0)",
        "decl": {
          "start": {
            "line": 21,
            "column": 23
          },
          "end": {
            "line": 21,
            "column": 24
          }
        },
        "loc": {
          "start": {
            "line": 21,
            "column": 29
          },
          "end": {
            "line": 27,
            "column": 1
          }
        },
        "line": 21
      },
      "1": {
        "name": "(anonymous_1)",
        "decl": {
          "start": {
            "line": 29,
            "column": 69
          },
          "end": {
            "line": 29,
            "column": 70
          }
        },
        "loc": {
          "start": {
            "line": 31,
            "column": 6
          },
          "end": {
            "line": 67,
            "column": 1
          }
        },
        "line": 31
      },
      "2": {
        "name": "(anonymous_2)",
        "decl": {
          "start": {
            "line": 38,
            "column": 55
          },
          "end": {
            "line": 38,
            "column": 56
          }
        },
        "loc": {
          "start": {
            "line": 38,
            "column": 61
          },
          "end": {
            "line": 41,
            "column": 3
          }
        },
        "line": 38
      },
      "3": {
        "name": "(anonymous_3)",
        "decl": {
          "start": {
            "line": 43,
            "column": 16
          },
          "end": {
            "line": 43,
            "column": 17
          }
        },
        "loc": {
          "start": {
            "line": 43,
            "column": 58
          },
          "end": {
            "line": 50,
            "column": 3
          }
        },
        "line": 43
      },
      "4": {
        "name": "(anonymous_4)",
        "decl": {
          "start": {
            "line": 52,
            "column": 17
          },
          "end": {
            "line": 52,
            "column": 18
          }
        },
        "loc": {
          "start": {
            "line": 52,
            "column": 23
          },
          "end": {
            "line": 58,
            "column": 3
          }
        },
        "line": 52
      }
    },
    "branchMap": {
      "0": {
        "loc": {
          "start": {
            "line": 23,
            "column": 2
          },
          "end": {
            "line": 25,
            "column": 3
          }
        },
        "type": "if",
        "locations": [
          {
            "start": {
              "line": 23,
              "column": 2
            },
            "end": {
              "line": 25,
              "column": 3
            }
          },
          {
            "start": {},
            "end": {}
          }
        ],
        "line": 23
      },
      "1": {
        "loc": {
          "start": {
            "line": 40,
            "column": 11
          },
          "end": {
            "line": 40,
            "column": 49
          }
        },
        "type": "cond-expr",
        "locations": [
          {
            "start": {
              "line": 40,
              "column": 22
            },
            "end": {
              "line": 40,
              "column": 42
            }
          },
          {
            "start": {
              "line": 40,
              "column": 45
            },
            "end": {
              "line": 40,
              "column": 49
            }
          }
        ],
        "line": 40
      }
    },
    "s": {
      "0": 6,
      "1": 6,
      "2": 236,
      "3": 226,
      "4": 0,
      "5": 226,
      "6": 6,
      "7": 18,
      "8": 18,
      "9": 18,
      "10": 18,
      "11": 12,
      "12": 12,
      "13": 18,
      "14": 3,
      "15": 3,
      "16": 3,
      "17": 3,
      "18": 3,
      "19": 3,
      "20": 18,
      "21": 0,
      "22": 0,
      "23": 0,
      "24": 0,
      "25": 0,
      "26": 18
    },
    "f": {
      "0": 236,
      "1": 18,
      "2": 12,
      "3": 3,
      "4": 0
    },
    "b": {
      "0": [
        0,
        226
      ],
      "1": [
        6,
        6
      ]
    },
    "_coverageSchema": "1a1c01bbd47fc00a2c39e90264f33305004495a9",
    "hash": "8d091e87d3298843f0146707088c7a9e4f846e2b"
  },
  "/Users/christofferfriman/CODE_PROJECTS/SCHOOL_WORK/typescript_and_test/labb3/stories_app/frontend/src/components/common/CreatePostButton.tsx": {
    "path": "/Users/christofferfriman/CODE_PROJECTS/SCHOOL_WORK/typescript_and_test/labb3/stories_app/frontend/src/components/common/CreatePostButton.tsx",
    "statementMap": {
      "0": {
        "start": {
          "line": 11,
          "column": 58
        },
        "end": {
          "line": 50,
          "column": 1
        }
      },
      "1": {
        "start": {
          "line": 19,
          "column": 23
        },
        "end": {
          "line": 28,
          "column": 3
        }
      },
      "2": {
        "start": {
          "line": 30,
          "column": 2
        },
        "end": {
          "line": 37,
          "column": 3
        }
      },
      "3": {
        "start": {
          "line": 31,
          "column": 4
        },
        "end": {
          "line": 36,
          "column": 6
        }
      },
      "4": {
        "start": {
          "line": 39,
          "column": 2
        },
        "end": {
          "line": 49,
          "column": 4
        }
      }
    },
    "fnMap": {
      "0": {
        "name": "(anonymous_0)",
        "decl": {
          "start": {
            "line": 11,
            "column": 58
          },
          "end": {
            "line": 11,
            "column": 59
          }
        },
        "loc": {
          "start": {
            "line": 15,
            "column": 6
          },
          "end": {
            "line": 50,
            "column": 1
          }
        },
        "line": 15
      }
    },
    "branchMap": {
      "0": {
        "loc": {
          "start": {
            "line": 13,
            "column": 2
          },
          "end": {
            "line": 13,
            "column": 20
          }
        },
        "type": "default-arg",
        "locations": [
          {
            "start": {
              "line": 13,
              "column": 12
            },
            "end": {
              "line": 13,
              "column": 20
            }
          }
        ],
        "line": 13
      },
      "1": {
        "loc": {
          "start": {
            "line": 14,
            "column": 2
          },
          "end": {
            "line": 14,
            "column": 9
          }
        },
        "type": "default-arg",
        "locations": [
          {
            "start": {
              "line": 14,
              "column": 7
            },
            "end": {
              "line": 14,
              "column": 9
            }
          }
        ],
        "line": 14
      },
      "2": {
        "loc": {
          "start": {
            "line": 30,
            "column": 2
          },
          "end": {
            "line": 37,
            "column": 3
          }
        },
        "type": "if",
        "locations": [
          {
            "start": {
              "line": 30,
              "column": 2
            },
            "end": {
              "line": 37,
              "column": 3
            }
          },
          {
            "start": {},
            "end": {}
          }
        ],
        "line": 30
      }
    },
    "s": {
      "0": 6,
      "1": 60,
      "2": 60,
      "3": 0,
      "4": 60
    },
    "f": {
      "0": 60
    },
    "b": {
      "0": [
        60
      ],
      "1": [
        60
      ],
      "2": [
        0,
        60
      ]
    },
    "_coverageSchema": "1a1c01bbd47fc00a2c39e90264f33305004495a9",
    "hash": "aa2f80bbf5b54579ba64b79e6fb87e8b89060c64"
  },
  "/Users/christofferfriman/CODE_PROJECTS/SCHOOL_WORK/typescript_and_test/labb3/stories_app/frontend/src/components/navbar/Navbar.tsx": {
    "path": "/Users/christofferfriman/CODE_PROJECTS/SCHOOL_WORK/typescript_and_test/labb3/stories_app/frontend/src/components/navbar/Navbar.tsx",
    "statementMap": {
      "0": {
        "start": {
          "line": 8,
          "column": 38
        },
        "end": {
          "line": 139,
          "column": 1
        }
      },
      "1": {
        "start": {
          "line": 9,
          "column": 19
        },
        "end": {
          "line": 9,
          "column": 32
        }
      },
      "2": {
        "start": {
          "line": 10,
          "column": 44
        },
        "end": {
          "line": 10,
          "column": 53
        }
      },
      "3": {
        "start": {
          "line": 11,
          "column": 16
        },
        "end": {
          "line": 11,
          "column": 26
        }
      },
      "4": {
        "start": {
          "line": 12,
          "column": 19
        },
        "end": {
          "line": 12,
          "column": 62
        }
      },
      "5": {
        "start": {
          "line": 14,
          "column": 23
        },
        "end": {
          "line": 17,
          "column": 3
        }
      },
      "6": {
        "start": {
          "line": 15,
          "column": 4
        },
        "end": {
          "line": 15,
          "column": 13
        }
      },
      "7": {
        "start": {
          "line": 16,
          "column": 4
        },
        "end": {
          "line": 16,
          "column": 37
        }
      },
      "8": {
        "start": {
          "line": 19,
          "column": 27
        },
        "end": {
          "line": 21,
          "column": 3
        }
      },
      "9": {
        "start": {
          "line": 20,
          "column": 4
        },
        "end": {
          "line": 20,
          "column": 19
        }
      },
      "10": {
        "start": {
          "line": 24,
          "column": 19
        },
        "end": {
          "line": 33,
          "column": 3
        }
      },
      "11": {
        "start": {
          "line": 35,
          "column": 25
        },
        "end": {
          "line": 136,
          "column": 3
        }
      },
      "12": {
        "start": {
          "line": 36,
          "column": 4
        },
        "end": {
          "line": 87,
          "column": 5
        }
      },
      "13": {
        "start": {
          "line": 37,
          "column": 6
        },
        "end": {
          "line": 86,
          "column": 8
        }
      },
      "14": {
        "start": {
          "line": 42,
          "column": 31
        },
        "end": {
          "line": 42,
          "column": 73
        }
      },
      "15": {
        "start": {
          "line": 47,
          "column": 31
        },
        "end": {
          "line": 47,
          "column": 76
        }
      },
      "16": {
        "start": {
          "line": 58,
          "column": 31
        },
        "end": {
          "line": 58,
          "column": 73
        }
      },
      "17": {
        "start": {
          "line": 65,
          "column": 31
        },
        "end": {
          "line": 65,
          "column": 76
        }
      },
      "18": {
        "start": {
          "line": 89,
          "column": 4
        },
        "end": {
          "line": 135,
          "column": 6
        }
      },
      "19": {
        "start": {
          "line": 93,
          "column": 37
        },
        "end": {
          "line": 93,
          "column": 62
        }
      },
      "20": {
        "start": {
          "line": 96,
          "column": 37
        },
        "end": {
          "line": 96,
          "column": 63
        }
      },
      "21": {
        "start": {
          "line": 99,
          "column": 37
        },
        "end": {
          "line": 99,
          "column": 66
        }
      },
      "22": {
        "start": {
          "line": 107,
          "column": 29
        },
        "end": {
          "line": 107,
          "column": 54
        }
      },
      "23": {
        "start": {
          "line": 114,
          "column": 29
        },
        "end": {
          "line": 114,
          "column": 55
        }
      },
      "24": {
        "start": {
          "line": 121,
          "column": 29
        },
        "end": {
          "line": 121,
          "column": 58
        }
      },
      "25": {
        "start": {
          "line": 138,
          "column": 2
        },
        "end": {
          "line": 138,
          "column": 26
        }
      }
    },
    "fnMap": {
      "0": {
        "name": "(anonymous_0)",
        "decl": {
          "start": {
            "line": 8,
            "column": 38
          },
          "end": {
            "line": 8,
            "column": 39
          }
        },
        "loc": {
          "start": {
            "line": 8,
            "column": 60
          },
          "end": {
            "line": 139,
            "column": 1
          }
        },
        "line": 8
      },
      "1": {
        "name": "(anonymous_1)",
        "decl": {
          "start": {
            "line": 14,
            "column": 23
          },
          "end": {
            "line": 14,
            "column": 24
          }
        },
        "loc": {
          "start": {
            "line": 14,
            "column": 29
          },
          "end": {
            "line": 17,
            "column": 3
          }
        },
        "line": 14
      },
      "2": {
        "name": "(anonymous_2)",
        "decl": {
          "start": {
            "line": 19,
            "column": 27
          },
          "end": {
            "line": 19,
            "column": 28
          }
        },
        "loc": {
          "start": {
            "line": 19,
            "column": 45
          },
          "end": {
            "line": 21,
            "column": 3
          }
        },
        "line": 19
      },
      "3": {
        "name": "(anonymous_3)",
        "decl": {
          "start": {
            "line": 35,
            "column": 25
          },
          "end": {
            "line": 35,
            "column": 26
          }
        },
        "loc": {
          "start": {
            "line": 35,
            "column": 31
          },
          "end": {
            "line": 136,
            "column": 3
          }
        },
        "line": 35
      },
      "4": {
        "name": "(anonymous_4)",
        "decl": {
          "start": {
            "line": 42,
            "column": 25
          },
          "end": {
            "line": 42,
            "column": 26
          }
        },
        "loc": {
          "start": {
            "line": 42,
            "column": 31
          },
          "end": {
            "line": 42,
            "column": 73
          }
        },
        "line": 42
      },
      "5": {
        "name": "(anonymous_5)",
        "decl": {
          "start": {
            "line": 47,
            "column": 25
          },
          "end": {
            "line": 47,
            "column": 26
          }
        },
        "loc": {
          "start": {
            "line": 47,
            "column": 31
          },
          "end": {
            "line": 47,
            "column": 76
          }
        },
        "line": 47
      },
      "6": {
        "name": "(anonymous_6)",
        "decl": {
          "start": {
            "line": 58,
            "column": 25
          },
          "end": {
            "line": 58,
            "column": 26
          }
        },
        "loc": {
          "start": {
            "line": 58,
            "column": 31
          },
          "end": {
            "line": 58,
            "column": 73
          }
        },
        "line": 58
      },
      "7": {
        "name": "(anonymous_7)",
        "decl": {
          "start": {
            "line": 65,
            "column": 25
          },
          "end": {
            "line": 65,
            "column": 26
          }
        },
        "loc": {
          "start": {
            "line": 65,
            "column": 31
          },
          "end": {
            "line": 65,
            "column": 76
          }
        },
        "line": 65
      },
      "8": {
        "name": "(anonymous_8)",
        "decl": {
          "start": {
            "line": 93,
            "column": 31
          },
          "end": {
            "line": 93,
            "column": 32
          }
        },
        "loc": {
          "start": {
            "line": 93,
            "column": 37
          },
          "end": {
            "line": 93,
            "column": 62
          }
        },
        "line": 93
      },
      "9": {
        "name": "(anonymous_9)",
        "decl": {
          "start": {
            "line": 96,
            "column": 31
          },
          "end": {
            "line": 96,
            "column": 32
          }
        },
        "loc": {
          "start": {
            "line": 96,
            "column": 37
          },
          "end": {
            "line": 96,
            "column": 63
          }
        },
        "line": 96
      },
      "10": {
        "name": "(anonymous_10)",
        "decl": {
          "start": {
            "line": 99,
            "column": 31
          },
          "end": {
            "line": 99,
            "column": 32
          }
        },
        "loc": {
          "start": {
            "line": 99,
            "column": 37
          },
          "end": {
            "line": 99,
            "column": 66
          }
        },
        "line": 99
      },
      "11": {
        "name": "(anonymous_11)",
        "decl": {
          "start": {
            "line": 107,
            "column": 23
          },
          "end": {
            "line": 107,
            "column": 24
          }
        },
        "loc": {
          "start": {
            "line": 107,
            "column": 29
          },
          "end": {
            "line": 107,
            "column": 54
          }
        },
        "line": 107
      },
      "12": {
        "name": "(anonymous_12)",
        "decl": {
          "start": {
            "line": 114,
            "column": 23
          },
          "end": {
            "line": 114,
            "column": 24
          }
        },
        "loc": {
          "start": {
            "line": 114,
            "column": 29
          },
          "end": {
            "line": 114,
            "column": 55
          }
        },
        "line": 114
      },
      "13": {
        "name": "(anonymous_13)",
        "decl": {
          "start": {
            "line": 121,
            "column": 23
          },
          "end": {
            "line": 121,
            "column": 24
          }
        },
        "loc": {
          "start": {
            "line": 121,
            "column": 29
          },
          "end": {
            "line": 121,
            "column": 58
          }
        },
        "line": 121
      }
    },
    "branchMap": {
      "0": {
        "loc": {
          "start": {
            "line": 36,
            "column": 4
          },
          "end": {
            "line": 87,
            "column": 5
          }
        },
        "type": "if",
        "locations": [
          {
            "start": {
              "line": 36,
              "column": 4
            },
            "end": {
              "line": 87,
              "column": 5
            }
          },
          {
            "start": {},
            "end": {}
          }
        ],
        "line": 36
      },
      "1": {
        "loc": {
          "start": {
            "line": 36,
            "column": 8
          },
          "end": {
            "line": 36,
            "column": 31
          }
        },
        "type": "binary-expr",
        "locations": [
          {
            "start": {
              "line": 36,
              "column": 8
            },
            "end": {
              "line": 36,
              "column": 23
            }
          },
          {
            "start": {
              "line": 36,
              "column": 27
            },
            "end": {
              "line": 36,
              "column": 31
            }
          }
        ],
        "line": 36
      },
      "2": {
        "loc": {
          "start": {
            "line": 39,
            "column": 11
          },
          "end": {
            "line": 84,
            "column": 11
          }
        },
        "type": "cond-expr",
        "locations": [
          {
            "start": {
              "line": 40,
              "column": 12
            },
            "end": {
              "line": 53,
              "column": 15
            }
          },
          {
            "start": {
              "line": 55,
              "column": 12
            },
            "end": {
              "line": 83,
              "column": 18
            }
          }
        ],
        "line": 39
      },
      "3": {
        "loc": {
          "start": {
            "line": 91,
            "column": 9
          },
          "end": {
            "line": 133,
            "column": 9
          }
        },
        "type": "cond-expr",
        "locations": [
          {
            "start": {
              "line": 92,
              "column": 10
            },
            "end": {
              "line": 102,
              "column": 13
            }
          },
          {
            "start": {
              "line": 104,
              "column": 10
            },
            "end": {
              "line": 132,
              "column": 16
            }
          }
        ],
        "line": 91
      }
    },
    "s": {
      "0": 6,
      "1": 72,
      "2": 72,
      "3": 72,
      "4": 72,
      "5": 72,
      "6": 0,
      "7": 0,
      "8": 72,
      "9": 0,
      "10": 72,
      "11": 72,
      "12": 72,
      "13": 60,
      "14": 0,
      "15": 0,
      "16": 0,
      "17": 0,
      "18": 12,
      "19": 0,
      "20": 0,
      "21": 0,
      "22": 0,
      "23": 0,
      "24": 0,
      "25": 72
    },
    "f": {
      "0": 72,
      "1": 0,
      "2": 0,
      "3": 72,
      "4": 0,
      "5": 0,
      "6": 0,
      "7": 0,
      "8": 0,
      "9": 0,
      "10": 0,
      "11": 0,
      "12": 0,
      "13": 0
    },
    "b": {
      "0": [
        60,
        12
      ],
      "1": [
        72,
        60
      ],
      "2": [
        0,
        60
      ],
      "3": [
        0,
        12
      ]
    },
    "_coverageSchema": "1a1c01bbd47fc00a2c39e90264f33305004495a9",
    "hash": "200322d4cbedcd8f9536c10d93f029ff0807f5f3"
  },
  "/Users/christofferfriman/CODE_PROJECTS/SCHOOL_WORK/typescript_and_test/labb3/stories_app/frontend/src/validation/schema.ts": {
    "path": "/Users/christofferfriman/CODE_PROJECTS/SCHOOL_WORK/typescript_and_test/labb3/stories_app/frontend/src/validation/schema.ts",
    "statementMap": {
      "0": {
        "start": {
          "line": 4,
          "column": 27
        },
        "end": {
          "line": 7,
          "column": 2
        }
      },
      "1": {
        "start": {
          "line": 9,
          "column": 30
        },
        "end": {
          "line": 28,
          "column": 4
        }
      },
      "2": {
        "start": {
          "line": 25,
          "column": 20
        },
        "end": {
          "line": 25,
          "column": 58
        }
      },
      "3": {
        "start": {
          "line": 31,
          "column": 29
        },
        "end": {
          "line": 35,
          "column": 2
        }
      },
      "4": {
        "start": {
          "line": 37,
          "column": 26
        },
        "end": {
          "line": 41,
          "column": 2
        }
      },
      "5": {
        "start": {
          "line": 43,
          "column": 30
        },
        "end": {
          "line": 56,
          "column": 4
        }
      },
      "6": {
        "start": {
          "line": 53,
          "column": 20
        },
        "end": {
          "line": 53,
          "column": 61
        }
      }
    },
    "fnMap": {
      "0": {
        "name": "(anonymous_0)",
        "decl": {
          "start": {
            "line": 25,
            "column": 10
          },
          "end": {
            "line": 25,
            "column": 11
          }
        },
        "loc": {
          "start": {
            "line": 25,
            "column": 20
          },
          "end": {
            "line": 25,
            "column": 58
          }
        },
        "line": 25
      },
      "1": {
        "name": "(anonymous_1)",
        "decl": {
          "start": {
            "line": 53,
            "column": 10
          },
          "end": {
            "line": 53,
            "column": 11
          }
        },
        "loc": {
          "start": {
            "line": 53,
            "column": 20
          },
          "end": {
            "line": 53,
            "column": 61
          }
        },
        "line": 53
      }
    },
    "branchMap": {},
    "s": {
      "0": 6,
      "1": 6,
      "2": 0,
      "3": 6,
      "4": 6,
      "5": 6,
      "6": 0
    },
    "f": {
      "0": 0,
      "1": 0
    },
    "b": {},
    "_coverageSchema": "1a1c01bbd47fc00a2c39e90264f33305004495a9",
    "hash": "1987e804a18f02f812cc13e5ceef19294c6905f0"
  },
  "/Users/christofferfriman/CODE_PROJECTS/SCHOOL_WORK/typescript_and_test/labb3/stories_app/frontend/src/context/alertContext.tsx": {
    "path": "/Users/christofferfriman/CODE_PROJECTS/SCHOOL_WORK/typescript_and_test/labb3/stories_app/frontend/src/context/alertContext.tsx",
    "statementMap": {
      "0": {
        "start": {
          "line": 5,
          "column": 21
        },
        "end": {
          "line": 5,
          "column": 75
        }
      },
      "1": {
        "start": {
          "line": 7,
          "column": 70
        },
        "end": {
          "line": 40,
          "column": 1
        }
      },
      "2": {
        "start": {
          "line": 10,
          "column": 28
        },
        "end": {
          "line": 10,
          "column": 61
        }
      },
      "3": {
        "start": {
          "line": 12,
          "column": 20
        },
        "end": {
          "line": 17,
          "column": 3
        }
      },
      "4": {
        "start": {
          "line": 13,
          "column": 4
        },
        "end": {
          "line": 13,
          "column": 36
        }
      },
      "5": {
        "start": {
          "line": 14,
          "column": 4
        },
        "end": {
          "line": 16,
          "column": 13
        }
      },
      "6": {
        "start": {
          "line": 15,
          "column": 6
        },
        "end": {
          "line": 15,
          "column": 21
        }
      },
      "7": {
        "start": {
          "line": 19,
          "column": 2
        },
        "end": {
          "line": 39,
          "column": 4
        }
      },
      "8": {
        "start": {
          "line": 42,
          "column": 24
        },
        "end": {
          "line": 48,
          "column": 1
        }
      },
      "9": {
        "start": {
          "line": 43,
          "column": 18
        },
        "end": {
          "line": 43,
          "column": 42
        }
      },
      "10": {
        "start": {
          "line": 44,
          "column": 2
        },
        "end": {
          "line": 46,
          "column": 3
        }
      },
      "11": {
        "start": {
          "line": 45,
          "column": 4
        },
        "end": {
          "line": 45,
          "column": 69
        }
      },
      "12": {
        "start": {
          "line": 47,
          "column": 2
        },
        "end": {
          "line": 47,
          "column": 17
        }
      }
    },
    "fnMap": {
      "0": {
        "name": "(anonymous_0)",
        "decl": {
          "start": {
            "line": 7,
            "column": 70
          },
          "end": {
            "line": 7,
            "column": 71
          }
        },
        "loc": {
          "start": {
            "line": 9,
            "column": 6
          },
          "end": {
            "line": 40,
            "column": 1
          }
        },
        "line": 9
      },
      "1": {
        "name": "(anonymous_1)",
        "decl": {
          "start": {
            "line": 12,
            "column": 20
          },
          "end": {
            "line": 12,
            "column": 21
          }
        },
        "loc": {
          "start": {
            "line": 12,
            "column": 72
          },
          "end": {
            "line": 17,
            "column": 3
          }
        },
        "line": 12
      },
      "2": {
        "name": "(anonymous_2)",
        "decl": {
          "start": {
            "line": 14,
            "column": 15
          },
          "end": {
            "line": 14,
            "column": 16
          }
        },
        "loc": {
          "start": {
            "line": 14,
            "column": 21
          },
          "end": {
            "line": 16,
            "column": 5
          }
        },
        "line": 14
      },
      "3": {
        "name": "(anonymous_3)",
        "decl": {
          "start": {
            "line": 42,
            "column": 24
          },
          "end": {
            "line": 42,
            "column": 25
          }
        },
        "loc": {
          "start": {
            "line": 42,
            "column": 30
          },
          "end": {
            "line": 48,
            "column": 1
          }
        },
        "line": 42
      }
    },
    "branchMap": {
      "0": {
        "loc": {
          "start": {
            "line": 22,
            "column": 7
          },
          "end": {
            "line": 37,
            "column": 7
          }
        },
        "type": "binary-expr",
        "locations": [
          {
            "start": {
              "line": 22,
              "column": 7
            },
            "end": {
              "line": 22,
              "column": 12
            }
          },
          {
            "start": {
              "line": 23,
              "column": 8
            },
            "end": {
              "line": 36,
              "column": 16
            }
          }
        ],
        "line": 22
      },
      "1": {
        "loc": {
          "start": {
            "line": 44,
            "column": 2
          },
          "end": {
            "line": 46,
            "column": 3
          }
        },
        "type": "if",
        "locations": [
          {
            "start": {
              "line": 44,
              "column": 2
            },
            "end": {
              "line": 46,
              "column": 3
            }
          },
          {
            "start": {},
            "end": {}
          }
        ],
        "line": 44
      }
    },
    "s": {
      "0": 6,
      "1": 6,
      "2": 12,
      "3": 12,
      "4": 0,
      "5": 0,
      "6": 0,
      "7": 12,
      "8": 6,
      "9": 142,
      "10": 142,
      "11": 0,
      "12": 142
    },
    "f": {
      "0": 12,
      "1": 0,
      "2": 0,
      "3": 142
    },
    "b": {
      "0": [
        12,
        0
      ],
      "1": [
        0,
        142
      ]
    },
    "_coverageSchema": "1a1c01bbd47fc00a2c39e90264f33305004495a9",
    "hash": "aef6590a52c2baede401f3fad02f4a64e2afd702"
  },
  "/Users/christofferfriman/CODE_PROJECTS/SCHOOL_WORK/typescript_and_test/labb3/stories_app/frontend/src/hooks/usePost.ts": {
    "path": "/Users/christofferfriman/CODE_PROJECTS/SCHOOL_WORK/typescript_and_test/labb3/stories_app/frontend/src/hooks/usePost.ts",
    "statementMap": {
      "0": {
        "start": {
          "line": 14,
          "column": 23
        },
        "end": {
          "line": 38,
          "column": 1
        }
      },
      "1": {
        "start": {
          "line": 16,
          "column": 21
        },
        "end": {
          "line": 16,
          "column": 59
        }
      },
      "2": {
        "start": {
          "line": 17,
          "column": 4
        },
        "end": {
          "line": 17,
          "column": 22
        }
      },
      "3": {
        "start": {
          "line": 21,
          "column": 21
        },
        "end": {
          "line": 21,
          "column": 56
        }
      },
      "4": {
        "start": {
          "line": 22,
          "column": 4
        },
        "end": {
          "line": 22,
          "column": 16
        }
      },
      "5": {
        "start": {
          "line": 25,
          "column": 21
        },
        "end": {
          "line": 25,
          "column": 55
        }
      },
      "6": {
        "start": {
          "line": 26,
          "column": 4
        },
        "end": {
          "line": 26,
          "column": 16
        }
      },
      "7": {
        "start": {
          "line": 29,
          "column": 4
        },
        "end": {
          "line": 29,
          "column": 37
        }
      },
      "8": {
        "start": {
          "line": 32,
          "column": 4
        },
        "end": {
          "line": 32,
          "column": 40
        }
      },
      "9": {
        "start": {
          "line": 35,
          "column": 21
        },
        "end": {
          "line": 35,
          "column": 69
        }
      },
      "10": {
        "start": {
          "line": 36,
          "column": 4
        },
        "end": {
          "line": 36,
          "column": 27
        }
      },
      "11": {
        "start": {
          "line": 40,
          "column": 26
        },
        "end": {
          "line": 45,
          "column": 1
        }
      },
      "12": {
        "start": {
          "line": 42,
          "column": 21
        },
        "end": {
          "line": 42,
          "column": 65
        }
      },
      "13": {
        "start": {
          "line": 43,
          "column": 4
        },
        "end": {
          "line": 43,
          "column": 16
        }
      },
      "14": {
        "start": {
          "line": 48,
          "column": 2
        },
        "end": {
          "line": 51,
          "column": 5
        }
      },
      "15": {
        "start": {
          "line": 55,
          "column": 2
        },
        "end": {
          "line": 59,
          "column": 5
        }
      },
      "16": {
        "start": {
          "line": 57,
          "column": 19
        },
        "end": {
          "line": 57,
          "column": 40
        }
      },
      "17": {
        "start": {
          "line": 58,
          "column": 28
        },
        "end": {
          "line": 58,
          "column": 37
        }
      },
      "18": {
        "start": {
          "line": 67,
          "column": 22
        },
        "end": {
          "line": 67,
          "column": 38
        }
      },
      "19": {
        "start": {
          "line": 68,
          "column": 24
        },
        "end": {
          "line": 68,
          "column": 34
        }
      },
      "20": {
        "start": {
          "line": 69,
          "column": 19
        },
        "end": {
          "line": 69,
          "column": 32
        }
      },
      "21": {
        "start": {
          "line": 71,
          "column": 19
        },
        "end": {
          "line": 86,
          "column": 4
        }
      },
      "22": {
        "start": {
          "line": 72,
          "column": 22
        },
        "end": {
          "line": 72,
          "column": 48
        }
      },
      "23": {
        "start": {
          "line": 74,
          "column": 6
        },
        "end": {
          "line": 74,
          "column": 61
        }
      },
      "24": {
        "start": {
          "line": 75,
          "column": 6
        },
        "end": {
          "line": 75,
          "column": 64
        }
      },
      "25": {
        "start": {
          "line": 76,
          "column": 6
        },
        "end": {
          "line": 76,
          "column": 56
        }
      },
      "26": {
        "start": {
          "line": 77,
          "column": 6
        },
        "end": {
          "line": 79,
          "column": 7
        }
      },
      "27": {
        "start": {
          "line": 78,
          "column": 8
        },
        "end": {
          "line": 78,
          "column": 29
        }
      },
      "28": {
        "start": {
          "line": 80,
          "column": 6
        },
        "end": {
          "line": 80,
          "column": 20
        }
      },
      "29": {
        "start": {
          "line": 83,
          "column": 6
        },
        "end": {
          "line": 83,
          "column": 51
        }
      },
      "30": {
        "start": {
          "line": 84,
          "column": 6
        },
        "end": {
          "line": 84,
          "column": 48
        }
      },
      "31": {
        "start": {
          "line": 88,
          "column": 23
        },
        "end": {
          "line": 92,
          "column": 3
        }
      },
      "32": {
        "start": {
          "line": 89,
          "column": 4
        },
        "end": {
          "line": 91,
          "column": 5
        }
      },
      "33": {
        "start": {
          "line": 90,
          "column": 6
        },
        "end": {
          "line": 90,
          "column": 24
        }
      },
      "34": {
        "start": {
          "line": 94,
          "column": 2
        },
        "end": {
          "line": 94,
          "column": 58
        }
      },
      "35": {
        "start": {
          "line": 98,
          "column": 22
        },
        "end": {
          "line": 98,
          "column": 38
        }
      },
      "36": {
        "start": {
          "line": 100,
          "column": 2
        },
        "end": {
          "line": 110,
          "column": 5
        }
      },
      "37": {
        "start": {
          "line": 101,
          "column": 40
        },
        "end": {
          "line": 101,
          "column": 60
        }
      },
      "38": {
        "start": {
          "line": 103,
          "column": 6
        },
        "end": {
          "line": 103,
          "column": 61
        }
      },
      "39": {
        "start": {
          "line": 104,
          "column": 6
        },
        "end": {
          "line": 104,
          "column": 22
        }
      },
      "40": {
        "start": {
          "line": 107,
          "column": 6
        },
        "end": {
          "line": 107,
          "column": 51
        }
      },
      "41": {
        "start": {
          "line": 108,
          "column": 6
        },
        "end": {
          "line": 108,
          "column": 18
        }
      },
      "42": {
        "start": {
          "line": 114,
          "column": 22
        },
        "end": {
          "line": 114,
          "column": 38
        }
      },
      "43": {
        "start": {
          "line": 115,
          "column": 2
        },
        "end": {
          "line": 125,
          "column": 5
        }
      },
      "44": {
        "start": {
          "line": 116,
          "column": 40
        },
        "end": {
          "line": 116,
          "column": 68
        }
      },
      "45": {
        "start": {
          "line": 118,
          "column": 6
        },
        "end": {
          "line": 118,
          "column": 61
        }
      },
      "46": {
        "start": {
          "line": 119,
          "column": 6
        },
        "end": {
          "line": 119,
          "column": 64
        }
      },
      "47": {
        "start": {
          "line": 120,
          "column": 6
        },
        "end": {
          "line": 120,
          "column": 41
        }
      },
      "48": {
        "start": {
          "line": 123,
          "column": 6
        },
        "end": {
          "line": 123,
          "column": 51
        }
      },
      "49": {
        "start": {
          "line": 129,
          "column": 2
        },
        "end": {
          "line": 132,
          "column": 5
        }
      },
      "50": {
        "start": {
          "line": 136,
          "column": 2
        },
        "end": {
          "line": 139,
          "column": 5
        }
      },
      "51": {
        "start": {
          "line": 138,
          "column": 19
        },
        "end": {
          "line": 138,
          "column": 46
        }
      }
    },
    "fnMap": {
      "0": {
        "name": "(anonymous_0)",
        "decl": {
          "start": {
            "line": 15,
            "column": 12
          },
          "end": {
            "line": 15,
            "column": 13
          }
        },
        "loc": {
          "start": {
            "line": 15,
            "column": 24
          },
          "end": {
            "line": 18,
            "column": 3
          }
        },
        "line": 15
      },
      "1": {
        "name": "(anonymous_1)",
        "decl": {
          "start": {
            "line": 20,
            "column": 13
          },
          "end": {
            "line": 20,
            "column": 14
          }
        },
        "loc": {
          "start": {
            "line": 20,
            "column": 35
          },
          "end": {
            "line": 23,
            "column": 3
          }
        },
        "line": 20
      },
      "2": {
        "name": "(anonymous_2)",
        "decl": {
          "start": {
            "line": 24,
            "column": 10
          },
          "end": {
            "line": 24,
            "column": 11
          }
        },
        "loc": {
          "start": {
            "line": 24,
            "column": 44
          },
          "end": {
            "line": 27,
            "column": 3
          }
        },
        "line": 24
      },
      "3": {
        "name": "(anonymous_3)",
        "decl": {
          "start": {
            "line": 28,
            "column": 14
          },
          "end": {
            "line": 28,
            "column": 15
          }
        },
        "loc": {
          "start": {
            "line": 28,
            "column": 36
          },
          "end": {
            "line": 30,
            "column": 3
          }
        },
        "line": 28
      },
      "4": {
        "name": "(anonymous_4)",
        "decl": {
          "start": {
            "line": 31,
            "column": 14
          },
          "end": {
            "line": 31,
            "column": 15
          }
        },
        "loc": {
          "start": {
            "line": 31,
            "column": 56
          },
          "end": {
            "line": 33,
            "column": 3
          }
        },
        "line": 31
      },
      "5": {
        "name": "(anonymous_5)",
        "decl": {
          "start": {
            "line": 34,
            "column": 19
          },
          "end": {
            "line": 34,
            "column": 20
          }
        },
        "loc": {
          "start": {
            "line": 34,
            "column": 31
          },
          "end": {
            "line": 37,
            "column": 3
          }
        },
        "line": 34
      },
      "6": {
        "name": "(anonymous_6)",
        "decl": {
          "start": {
            "line": 41,
            "column": 16
          },
          "end": {
            "line": 41,
            "column": 17
          }
        },
        "loc": {
          "start": {
            "line": 41,
            "column": 38
          },
          "end": {
            "line": 44,
            "column": 3
          }
        },
        "line": 41
      },
      "7": {
        "name": "usePosts",
        "decl": {
          "start": {
            "line": 47,
            "column": 16
          },
          "end": {
            "line": 47,
            "column": 24
          }
        },
        "loc": {
          "start": {
            "line": 47,
            "column": 27
          },
          "end": {
            "line": 52,
            "column": 1
          }
        },
        "line": 47
      },
      "8": {
        "name": "usePost",
        "decl": {
          "start": {
            "line": 54,
            "column": 16
          },
          "end": {
            "line": 54,
            "column": 23
          }
        },
        "loc": {
          "start": {
            "line": 54,
            "column": 36
          },
          "end": {
            "line": 60,
            "column": 1
          }
        },
        "line": 54
      },
      "9": {
        "name": "(anonymous_9)",
        "decl": {
          "start": {
            "line": 57,
            "column": 13
          },
          "end": {
            "line": 57,
            "column": 14
          }
        },
        "loc": {
          "start": {
            "line": 57,
            "column": 19
          },
          "end": {
            "line": 57,
            "column": 40
          }
        },
        "line": 57
      },
      "10": {
        "name": "(anonymous_10)",
        "decl": {
          "start": {
            "line": 58,
            "column": 12
          },
          "end": {
            "line": 58,
            "column": 13
          }
        },
        "loc": {
          "start": {
            "line": 58,
            "column": 28
          },
          "end": {
            "line": 58,
            "column": 37
          }
        },
        "line": 58
      },
      "11": {
        "name": "useDeletePost",
        "decl": {
          "start": {
            "line": 62,
            "column": 16
          },
          "end": {
            "line": 62,
            "column": 29
          }
        },
        "loc": {
          "start": {
            "line": 66,
            "column": 31
          },
          "end": {
            "line": 95,
            "column": 1
          }
        },
        "line": 66
      },
      "12": {
        "name": "(anonymous_12)",
        "decl": {
          "start": {
            "line": 72,
            "column": 16
          },
          "end": {
            "line": 72,
            "column": 17
          }
        },
        "loc": {
          "start": {
            "line": 72,
            "column": 22
          },
          "end": {
            "line": 72,
            "column": 48
          }
        },
        "line": 72
      },
      "13": {
        "name": "(anonymous_13)",
        "decl": {
          "start": {
            "line": 73,
            "column": 15
          },
          "end": {
            "line": 73,
            "column": 16
          }
        },
        "loc": {
          "start": {
            "line": 73,
            "column": 21
          },
          "end": {
            "line": 81,
            "column": 5
          }
        },
        "line": 73
      },
      "14": {
        "name": "(anonymous_14)",
        "decl": {
          "start": {
            "line": 82,
            "column": 13
          },
          "end": {
            "line": 82,
            "column": 14
          }
        },
        "loc": {
          "start": {
            "line": 82,
            "column": 24
          },
          "end": {
            "line": 85,
            "column": 5
          }
        },
        "line": 82
      },
      "15": {
        "name": "(anonymous_15)",
        "decl": {
          "start": {
            "line": 88,
            "column": 23
          },
          "end": {
            "line": 88,
            "column": 24
          }
        },
        "loc": {
          "start": {
            "line": 88,
            "column": 29
          },
          "end": {
            "line": 92,
            "column": 3
          }
        },
        "line": 88
      },
      "16": {
        "name": "useCreatePost",
        "decl": {
          "start": {
            "line": 97,
            "column": 16
          },
          "end": {
            "line": 97,
            "column": 29
          }
        },
        "loc": {
          "start": {
            "line": 97,
            "column": 32
          },
          "end": {
            "line": 111,
            "column": 1
          }
        },
        "line": 97
      },
      "17": {
        "name": "(anonymous_17)",
        "decl": {
          "start": {
            "line": 101,
            "column": 16
          },
          "end": {
            "line": 101,
            "column": 17
          }
        },
        "loc": {
          "start": {
            "line": 101,
            "column": 40
          },
          "end": {
            "line": 101,
            "column": 60
          }
        },
        "line": 101
      },
      "18": {
        "name": "(anonymous_18)",
        "decl": {
          "start": {
            "line": 102,
            "column": 15
          },
          "end": {
            "line": 102,
            "column": 16
          }
        },
        "loc": {
          "start": {
            "line": 102,
            "column": 29
          },
          "end": {
            "line": 105,
            "column": 5
          }
        },
        "line": 102
      },
      "19": {
        "name": "(anonymous_19)",
        "decl": {
          "start": {
            "line": 106,
            "column": 13
          },
          "end": {
            "line": 106,
            "column": 14
          }
        },
        "loc": {
          "start": {
            "line": 106,
            "column": 24
          },
          "end": {
            "line": 109,
            "column": 5
          }
        },
        "line": 106
      },
      "20": {
        "name": "useEditPost",
        "decl": {
          "start": {
            "line": 113,
            "column": 16
          },
          "end": {
            "line": 113,
            "column": 27
          }
        },
        "loc": {
          "start": {
            "line": 113,
            "column": 40
          },
          "end": {
            "line": 126,
            "column": 1
          }
        },
        "line": 113
      },
      "21": {
        "name": "(anonymous_21)",
        "decl": {
          "start": {
            "line": 116,
            "column": 16
          },
          "end": {
            "line": 116,
            "column": 17
          }
        },
        "loc": {
          "start": {
            "line": 116,
            "column": 40
          },
          "end": {
            "line": 116,
            "column": 68
          }
        },
        "line": 116
      },
      "22": {
        "name": "(anonymous_22)",
        "decl": {
          "start": {
            "line": 117,
            "column": 15
          },
          "end": {
            "line": 117,
            "column": 16
          }
        },
        "loc": {
          "start": {
            "line": 117,
            "column": 21
          },
          "end": {
            "line": 121,
            "column": 5
          }
        },
        "line": 117
      },
      "23": {
        "name": "(anonymous_23)",
        "decl": {
          "start": {
            "line": 122,
            "column": 13
          },
          "end": {
            "line": 122,
            "column": 14
          }
        },
        "loc": {
          "start": {
            "line": 122,
            "column": 24
          },
          "end": {
            "line": 124,
            "column": 5
          }
        },
        "line": 122
      },
      "24": {
        "name": "useCategories",
        "decl": {
          "start": {
            "line": 128,
            "column": 16
          },
          "end": {
            "line": 128,
            "column": 29
          }
        },
        "loc": {
          "start": {
            "line": 128,
            "column": 32
          },
          "end": {
            "line": 133,
            "column": 1
          }
        },
        "line": 128
      },
      "25": {
        "name": "useProfile",
        "decl": {
          "start": {
            "line": 135,
            "column": 16
          },
          "end": {
            "line": 135,
            "column": 26
          }
        },
        "loc": {
          "start": {
            "line": 135,
            "column": 39
          },
          "end": {
            "line": 140,
            "column": 1
          }
        },
        "line": 135
      },
      "26": {
        "name": "(anonymous_26)",
        "decl": {
          "start": {
            "line": 138,
            "column": 13
          },
          "end": {
            "line": 138,
            "column": 14
          }
        },
        "loc": {
          "start": {
            "line": 138,
            "column": 19
          },
          "end": {
            "line": 138,
            "column": 46
          }
        },
        "line": 138
      }
    },
    "branchMap": {
      "0": {
        "loc": {
          "start": {
            "line": 77,
            "column": 6
          },
          "end": {
            "line": 79,
            "column": 7
          }
        },
        "type": "if",
        "locations": [
          {
            "start": {
              "line": 77,
              "column": 6
            },
            "end": {
              "line": 79,
              "column": 7
            }
          },
          {
            "start": {},
            "end": {}
          }
        ],
        "line": 77
      },
      "1": {
        "loc": {
          "start": {
            "line": 89,
            "column": 4
          },
          "end": {
            "line": 91,
            "column": 5
          }
        },
        "type": "if",
        "locations": [
          {
            "start": {
              "line": 89,
              "column": 4
            },
            "end": {
              "line": 91,
              "column": 5
            }
          },
          {
            "start": {},
            "end": {}
          }
        ],
        "line": 89
      }
    },
    "s": {
      "0": 6,
      "1": 6,
      "2": 5,
      "3": 0,
      "4": 0,
      "5": 0,
      "6": 0,
      "7": 0,
      "8": 0,
      "9": 6,
      "10": 6,
      "11": 6,
      "12": 0,
      "13": 0,
      "14": 27,
      "15": 0,
      "16": 0,
      "17": 0,
      "18": 40,
      "19": 40,
      "20": 40,
      "21": 40,
      "22": 0,
      "23": 0,
      "24": 0,
      "25": 0,
      "26": 0,
      "27": 0,
      "28": 0,
      "29": 0,
      "30": 0,
      "31": 40,
      "32": 0,
      "33": 0,
      "34": 40,
      "35": 48,
      "36": 48,
      "37": 0,
      "38": 0,
      "39": 0,
      "40": 0,
      "41": 0,
      "42": 24,
      "43": 24,
      "44": 0,
      "45": 0,
      "46": 0,
      "47": 0,
      "48": 0,
      "49": 72,
      "50": 0,
      "51": 0
    },
    "f": {
      "0": 6,
      "1": 0,
      "2": 0,
      "3": 0,
      "4": 0,
      "5": 6,
      "6": 0,
      "7": 27,
      "8": 0,
      "9": 0,
      "10": 0,
      "11": 40,
      "12": 0,
      "13": 0,
      "14": 0,
      "15": 0,
      "16": 48,
      "17": 0,
      "18": 0,
      "19": 0,
      "20": 24,
      "21": 0,
      "22": 0,
      "23": 0,
      "24": 72,
      "25": 0,
      "26": 0
    },
    "b": {
      "0": [
        0,
        0
      ],
      "1": [
        0,
        0
      ]
    },
    "_coverageSchema": "1a1c01bbd47fc00a2c39e90264f33305004495a9",
    "hash": "15809d3307883c56e97492a1e38a279d96142496"
  },
  "/Users/christofferfriman/CODE_PROJECTS/SCHOOL_WORK/typescript_and_test/labb3/stories_app/frontend/src/ui/Error.tsx": {
    "path": "/Users/christofferfriman/CODE_PROJECTS/SCHOOL_WORK/typescript_and_test/labb3/stories_app/frontend/src/ui/Error.tsx",
    "statementMap": {
      "0": {
        "start": {
          "line": 5,
[...]
            }
          }
        ],
        "line": 64
      },
      "3": {
        "loc": {
          "start": {
            "line": 79,
            "column": 18
          },
          "end": {
            "line": 79,
            "column": 39
          }
        },
        "type": "binary-expr",
        "locations": [
          {
            "start": {
              "line": 79,
              "column": 18
            },
            "end": {
              "line": 79,
              "column": 32
            }
          },
          {
            "start": {
              "line": 79,
              "column": 36
            },
            "end": {
              "line": 79,
              "column": 39
            }
          }
        ],
        "line": 79
      },
      "4": {
        "loc": {
          "start": {
            "line": 80,
            "column": 17
          },
          "end": {
            "line": 80,
            "column": 61
          }
        },
        "type": "binary-expr",
        "locations": [
          {
            "start": {
              "line": 80,
              "column": 17
            },
            "end": {
              "line": 80,
              "column": 31
            }
          },
          {
            "start": {
              "line": 80,
              "column": 35
            },
            "end": {
              "line": 80,
              "column": 61
            }
          }
        ],
        "line": 80
      },
      "5": {
        "loc": {
          "start": {
            "line": 83,
            "column": 20
          },
          "end": {
            "line": 83,
            "column": 41
          }
        },
        "type": "binary-expr",
        "locations": [
          {
            "start": {
              "line": 83,
              "column": 20
            },
            "end": {
              "line": 83,
              "column": 34
            }
          },
          {
            "start": {
              "line": 83,
              "column": 38
            },
            "end": {
              "line": 83,
              "column": 41
            }
          }
        ],
        "line": 83
      },
      "6": {
        "loc": {
          "start": {
            "line": 91,
            "column": 21
          },
          "end": {
            "line": 91,
            "column": 45
          }
        },
        "type": "cond-expr",
        "locations": [
          {
            "start": {
              "line": 91,
              "column": 34
            },
            "end": {
              "line": 91,
              "column": 38
            }
          },
          {
            "start": {
              "line": 91,
              "column": 41
            },
            "end": {
              "line": 91,
              "column": 45
            }
          }
        ],
        "line": 91
      },
      "7": {
        "loc": {
          "start": {
            "line": 95,
            "column": 24
          },
          "end": {
            "line": 95,
            "column": 54
          }
        },
        "type": "cond-expr",
        "locations": [
          {
            "start": {
              "line": 95,
              "column": 37
            },
            "end": {
              "line": 95,
              "column": 43
            }
          },
          {
            "start": {
              "line": 95,
              "column": 46
            },
            "end": {
              "line": 95,
              "column": 54
            }
          }
        ],
        "line": 95
      },
      "8": {
        "loc": {
          "start": {
            "line": 107,
            "column": 13
          },
          "end": {
            "line": 109,
            "column": 28
          }
        },
        "type": "cond-expr",
        "locations": [
          {
            "start": {
              "line": 108,
              "column": 16
            },
            "end": {
              "line": 108,
              "column": 54
            }
          },
          {
            "start": {
              "line": 109,
              "column": 16
            },
            "end": {
              "line": 109,
              "column": 28
            }
          }
        ],
        "line": 107
      },
      "9": {
        "loc": {
          "start": {
            "line": 122,
            "column": 11
          },
          "end": {
            "line": 168,
            "column": 11
          }
        },
        "type": "binary-expr",
        "locations": [
          {
            "start": {
              "line": 122,
              "column": 11
            },
            "end": {
              "line": 122,
              "column": 26
            }
          },
          {
            "start": {
              "line": 122,
              "column": 30
            },
            "end": {
              "line": 122,
              "column": 63
            }
          },
          {
            "start": {
              "line": 123,
              "column": 12
            },
            "end": {
              "line": 167,
              "column": 26
            }
          }
        ],
        "line": 122
      }
    },
    "s": {
      "0": 6,
      "1": 6,
      "2": 6,
      "3": 40,
      "4": 6,
      "5": 20,
      "6": 6,
      "7": 40,
      "8": 40,
      "9": 40,
      "10": 40,
      "11": 40,
      "12": 0,
      "13": 0,
      "14": 0,
      "15": 0,
      "16": 0,
      "17": 40,
      "18": 0,
      "19": 0,
      "20": 0,
      "21": 0
    },
    "f": {
      "0": 40,
      "1": 20,
      "2": 40,
      "3": 0,
      "4": 0,
      "5": 0
    },
    "b": {
      "0": [
        0,
        0
      ],
      "1": [
        0,
        0
      ],
      "2": [
        0,
        0
      ],
      "3": [
        40,
        0
      ],
      "4": [
        40,
        40
      ],
      "5": [
        40,
        0
      ],
      "6": [
        10,
        30
      ],
      "7": [
        10,
        30
      ],
      "8": [
        0,
        40
      ],
      "9": [
        40,
        40,
        20
      ]
    },
    "_coverageSchema": "1a1c01bbd47fc00a2c39e90264f33305004495a9",
    "hash": "ceba43b2573672bfda7d064e419b5413a6ea856f"
  },
  "/Users/christofferfriman/CODE_PROJECTS/SCHOOL_WORK/typescript_and_test/labb3/stories_app/frontend/src/components/post/PostList.tsx": {
    "path": "/Users/christofferfriman/CODE_PROJECTS/SCHOOL_WORK/typescript_and_test/labb3/stories_app/frontend/src/components/post/PostList.tsx",
    "statementMap": {
      "0": {
        "start": {
          "line": 9,
          "column": 27
        },
        "end": {
          "line": 42,
          "column": 1
        }
      },
      "1": {
        "start": {
          "line": 10,
          "column": 44
        },
        "end": {
          "line": 10,
          "column": 54
        }
      },
      "2": {
        "start": {
          "line": 12,
          "column": 2
        },
        "end": {
          "line": 12,
          "column": 63
        }
      },
      "3": {
        "start": {
          "line": 12,
          "column": 17
        },
        "end": {
          "line": 12,
          "column": 63
        }
      },
      "4": {
        "start": {
          "line": 13,
          "column": 2
        },
        "end": {
          "line": 13,
          "column": 61
        }
      },
      "5": {
        "start": {
          "line": 13,
          "column": 13
        },
        "end": {
          "line": 13,
          "column": 61
        }
      },
      "6": {
        "start": {
          "line": 14,
          "column": 2
        },
        "end": {
          "line": 14,
          "column": 78
        }
      },
      "7": {
        "start": {
          "line": 14,
          "column": 36
        },
        "end": {
          "line": 14,
          "column": 78
        }
      },
      "8": {
        "start": {
          "line": 16,
          "column": 2
        },
        "end": {
          "line": 41,
          "column": 4
        }
      },
      "9": {
        "start": {
          "line": 20,
          "column": 29
        },
        "end": {
          "line": 20,
          "column": 40
        }
      },
      "10": {
        "start": {
          "line": 21,
          "column": 30
        },
        "end": {
          "line": 21,
          "column": 56
        }
      },
      "11": {
        "start": {
          "line": 23,
          "column": 10
        },
        "end": {
          "line": 37,
          "column": 12
        }
      }
    },
    "fnMap": {
      "0": {
        "name": "(anonymous_0)",
        "decl": {
          "start": {
            "line": 9,
            "column": 27
          },
          "end": {
            "line": 9,
            "column": 28
          }
        },
        "loc": {
          "start": {
            "line": 9,
            "column": 33
          },
          "end": {
            "line": 42,
            "column": 1
          }
        },
        "line": 9
      },
      "1": {
        "name": "(anonymous_1)",
        "decl": {
          "start": {
            "line": 19,
            "column": 20
          },
          "end": {
            "line": 19,
            "column": 21
          }
        },
        "loc": {
          "start": {
            "line": 19,
            "column": 37
          },
          "end": {
            "line": 38,
            "column": 9
          }
        },
        "line": 19
      }
    },
    "branchMap": {
      "0": {
        "loc": {
          "start": {
            "line": 12,
            "column": 2
          },
          "end": {
            "line": 12,
            "column": 63
          }
        },
        "type": "if",
        "locations": [
          {
            "start": {
              "line": 12,
              "column": 2
            },
            "end": {
              "line": 12,
              "column": 63
            }
          },
          {
            "start": {},
            "end": {}
          }
        ],
        "line": 12
      },
      "1": {
        "loc": {
          "start": {
            "line": 13,
            "column": 2
          },
          "end": {
            "line": 13,
            "column": 61
          }
        },
        "type": "if",
        "locations": [
          {
            "start": {
              "line": 13,
              "column": 2
            },
            "end": {
              "line": 13,
              "column": 61
            }
          },
          {
            "start": {},
            "end": {}
          }
        ],
        "line": 13
      },
      "2": {
        "loc": {
          "start": {
            "line": 14,
            "column": 2
          },
          "end": {
            "line": 14,
            "column": 78
          }
        },
        "type": "if",
        "locations": [
          {
            "start": {
              "line": 14,
              "column": 2
            },
            "end": {
              "line": 14,
              "column": 78
            }
          },
          {
            "start": {},
            "end": {}
          }
        ],
        "line": 14
      },
      "3": {
        "loc": {
          "start": {
            "line": 14,
            "column": 6
          },
          "end": {
            "line": 14,
            "column": 34
          }
        },
        "type": "binary-expr",
        "locations": [
          {
            "start": {
              "line": 14,
              "column": 6
            },
            "end": {
              "line": 14,
              "column": 12
            }
          },
          {
            "start": {
              "line": 14,
              "column": 16
            },
            "end": {
              "line": 14,
              "column": 34
            }
          }
        ],
        "line": 14
      },
      "4": {
        "loc": {
          "start": {
            "line": 21,
            "column": 30
          },
          "end": {
            "line": 21,
            "column": 56
          }
        },
        "type": "binary-expr",
        "locations": [
          {
            "start": {
              "line": 21,
              "column": 30
            },
            "end": {
              "line": 21,
              "column": 41
            }
          },
          {
            "start": {
              "line": 21,
              "column": 45
            },
            "end": {
              "line": 21,
              "column": 56
            }
          }
        ],
        "line": 21
      },
      "5": {
        "loc": {
          "start": {
            "line": 28,
            "column": 18
          },
          "end": {
            "line": 28,
            "column": 55
          }
        },
        "type": "cond-expr",
        "locations": [
          {
            "start": {
              "line": 28,
              "column": 32
            },
            "end": {
              "line": 28,
              "column": 33
            }
          },
          {
            "start": {
              "line": 28,
              "column": 36
            },
            "end": {
              "line": 28,
              "column": 55
            }
          }
        ],
        "line": 28
      },
      "6": {
        "loc": {
          "start": {
            "line": 28,
            "column": 36
          },
          "end": {
            "line": 28,
            "column": 55
          }
        },
        "type": "cond-expr",
        "locations": [
          {
            "start": {
              "line": 28,
              "column": 49
            },
            "end": {
              "line": 28,
              "column": 51
            }
          },
          {
            "start": {
              "line": 28,
              "column": 54
            },
            "end": {
              "line": 28,
              "column": 55
            }
          }
        ],
        "line": 28
      },
      "7": {
        "loc": {
          "start": {
            "line": 29,
            "column": 18
          },
          "end": {
            "line": 29,
            "column": 54
          }
        },
        "type": "cond-expr",
        "locations": [
          {
            "start": {
              "line": 29,
              "column": 32
            },
            "end": {
              "line": 29,
              "column": 33
            }
          },
          {
            "start": {
              "line": 29,
              "column": 36
            },
            "end": {
              "line": 29,
              "column": 54
            }
          }
        ],
        "line": 29
      },
      "8": {
        "loc": {
          "start": {
            "line": 29,
            "column": 36
          },
          "end": {
            "line": 29,
            "column": 54
          }
        },
        "type": "cond-expr",
        "locations": [
          {
            "start": {
              "line": 29,
              "column": 49
            },
            "end": {
              "line": 29,
              "column": 50
            }
          },
          {
            "start": {
              "line": 29,
              "column": 53
            },
            "end": {
              "line": 29,
              "column": 54
            }
          }
        ],
        "line": 29
      },
      "9": {
        "loc": {
          "start": {
            "line": 34,
            "column": 32
          },
          "end": {
            "line": 34,
            "column": 74
          }
        },
        "type": "cond-expr",
        "locations": [
          {
            "start": {
              "line": 34,
              "column": 45
            },
            "end": {
              "line": 34,
              "column": 48
            }
          },
          {
            "start": {
              "line": 34,
              "column": 51
            },
            "end": {
              "line": 34,
              "column": 74
            }
          }
        ],
        "line": 34
      },
      "10": {
        "loc": {
          "start": {
            "line": 34,
            "column": 51
          },
          "end": {
            "line": 34,
            "column": 74
          }
        },
        "type": "cond-expr",
        "locations": [
          {
            "start": {
              "line": 34,
              "column": 65
            },
            "end": {
              "line": 34,
              "column": 68
            }
          },
          {
            "start": {
              "line": 34,
              "column": 71
            },
            "end": {
              "line": 34,
              "column": 74
            }
          }
        ],
        "line": 34
      }
    },
    "s": {
      "0": 6,
      "1": 27,
      "2": 22,
      "3": 12,
      "4": 10,
      "5": 0,
      "6": 10,
      "7": 0,
      "8": 10,
      "9": 40,
      "10": 40,
      "11": 40
    },
    "f": {
      "0": 27,
      "1": 40
    },
    "b": {
      "0": [
        12,
        10
      ],
      "1": [
        0,
        10
      ],
      "2": [
        0,
        10
      ],
      "3": [
        10,
        10
      ],
      "4": [
        40,
        30
      ],
      "5": [
        20,
        20
      ],
      "6": [
        10,
        10
      ],
      "7": [
        20,
        20
      ],
      "8": [
        10,
        10
      ],
      "9": [
        10,
        30
      ],
      "10": [
        20,
        10
      ]
    },
    "_coverageSchema": "1a1c01bbd47fc00a2c39e90264f33305004495a9",
    "hash": "0a4c33befd65927183c1bcf11707d957c7600d7a"
  },
  "/Users/christofferfriman/CODE_PROJECTS/SCHOOL_WORK/typescript_and_test/labb3/stories_app/frontend/src/pages/Blog.tsx": {
    "path": "/Users/christofferfriman/CODE_PROJECTS/SCHOOL_WORK/typescript_and_test/labb3/stories_app/frontend/src/pages/Blog.tsx",
    "statementMap": {
      "0": {
        "start": {
          "line": 8,
          "column": 23
        },
        "end": {
          "line": 42,
          "column": 1
        }
      },
      "1": {
        "start": {
          "line": 9,
          "column": 36
        },
        "end": {
          "line": 9,
          "column": 45
        }
      },
      "2": {
        "start": {
          "line": 11,
          "column": 2
        },
        "end": {
          "line": 41,
          "column": 4
        }
      }
    },
    "fnMap": {
      "0": {
        "name": "(anonymous_0)",
        "decl": {
          "start": {
            "line": 8,
            "column": 23
          },
          "end": {
            "line": 8,
            "column": 24
          }
        },
        "loc": {
          "start": {
            "line": 8,
            "column": 29
          },
          "end": {
            "line": 42,
            "column": 1
          }
        },
        "line": 8
      }
    },
    "branchMap": {
      "0": {
        "loc": {
          "start": {
            "line": 20,
            "column": 11
          },
          "end": {
            "line": 36,
            "column": 11
          }
        },
        "type": "cond-expr",
        "locations": [
          {
            "start": {
              "line": 21,
              "column": 12
            },
            "end": {
              "line": 33,
              "column": 15
            }
          },
          {
            "start": {
              "line": 35,
              "column": 12
            },
            "end": {
              "line": 35,
              "column": 54
            }
          }
        ],
        "line": 20
      }
    },
    "s": {
      "0": 6,
      "1": 17,
      "2": 12
    },
    "f": {
      "0": 17
    },
    "b": {
      "0": [
        12,
        0
      ]
    },
    "_coverageSchema": "1a1c01bbd47fc00a2c39e90264f33305004495a9",
    "hash": "5881e6aef0b8589a893b08ee6c6a23bf490badf3"
  }
}